\BOOKMARK [1][-]{section*.1}{\376\377\000A\000b\000s\000t\000r\000a\000c\000t}{}% 1
\BOOKMARK [1][-]{section*.2}{\376\377\000S\000i\000g\000n\000i\000f\000i\000c\000a\000n\000c\000e\000\040\000f\000o\000r\000\040\000d\000e\000f\000e\000n\000c\000e\000\040\000a\000n\000d\000\040\000s\000e\000c\000u\000r\000i\000t\000y}{}% 2
\BOOKMARK [1][-]{section*.3}{\376\377\000R\000\351\000s\000u\000m\000\351}{}% 3
\BOOKMARK [1][-]{section*.4}{\376\377\000I\000m\000p\000o\000r\000t\000a\000n\000c\000e\000\040\000p\000o\000u\000r\000\040\000l\000a\000\040\000d\000\351\000f\000e\000n\000s\000e\000\040\000e\000t\000\040\000l\000a\000\040\000s\000\351\000c\000u\000r\000i\000t\000\351}{}% 4
\BOOKMARK [1][-]{section*.5}{\376\377\000T\000a\000b\000l\000e\000\040\000o\000f\000\040\000c\000o\000n\000t\000e\000n\000t\000s}{}% 5
\BOOKMARK [1][-]{section*.6}{\376\377\000L\000i\000s\000t\000\040\000o\000f\000\040\000f\000i\000g\000u\000r\000e\000s}{}% 6
\BOOKMARK [1][-]{section*.7}{\376\377\000L\000i\000s\000t\000\040\000o\000f\000\040\000t\000a\000b\000l\000e\000s}{}% 7
\BOOKMARK [1][-]{section*.8}{\376\377\000A\000c\000k\000n\000o\000w\000l\000e\000d\000g\000e\000m\000e\000n\000t\000s}{}% 8
\BOOKMARK [1][-]{section.1}{\376\377\0001\000\040\000P\000r\000o\000p\000o\000s\000a\000l\000\040\000f\000o\000r\000\040\000v\000e\000r\000y\000\040\000h\000i\000g\000h\000\040\000r\000e\000s\000o\000l\000u\000t\000i\000o\000n\000\040\000s\000a\000r}{}% 9
\BOOKMARK [2][-]{subsection.1.1}{\376\377\0001\000.\0001\000\040\000P\000o\000s\000i\000t\000i\000v\000e\000\040\000a\000p\000e\000c\000t\000s\000\040\000o\000f\000\040\000t\000h\000e\000\040\000p\000r\000o\000p\000o\000s\000e\000d\000\040\000a\000p\000p\000r\000o\000a\000c\000h}{section.1}% 10
\BOOKMARK [2][-]{subsection.1.2}{\376\377\0001\000.\0002\000\040\000N\000e\000g\000a\000t\000i\000v\000e\000\040\000a\000s\000p\000e\000c\000t\000s\000\040\000o\000f\000\040\000t\000h\000e\000\040\000p\000r\000o\000p\000o\000s\000e\000d\000\040\000a\000p\000p\000r\000o\000a\000c\000h}{section.1}% 11
\BOOKMARK [1][-]{section.2}{\376\377\0002\000\040\000N\000o\000t\000a\000t\000i\000o\000n}{}% 12
\BOOKMARK [1][-]{section.3}{\376\377\0003\000\040\000M\000u\000l\000t\000i\000-\000c\000h\000a\000n\000n\000e\000l\000\040\000d\000e\000s\000i\000g\000n\000\040\000a\000n\000d\000\040\000c\000o\000n\000f\000i\000g\000u\000r\000a\000t\000i\000o\000n}{}% 13
\BOOKMARK [2][-]{subsection.3.1}{\376\377\0003\000.\0001\000\040\000S\000y\000s\000t\000e\000m\000\040\000d\000e\000s\000i\000g\000n\000\040\000s\000i\000z\000e}{section.3}% 14
\BOOKMARK [2][-]{subsection.3.2}{\376\377\0003\000.\0002\000\040\000T\000r\000a\000d\000i\000t\000i\000o\000n\000a\000l\000\040\000H\000R\000W\000S\000\040\000c\000o\000n\000f\000i\000g\000u\000r\000a\000t\000i\000o\000n\000\040\000a\000n\000d\000\040\000d\000e\000s\000i\000g\000n}{section.3}% 15
\BOOKMARK [1][-]{section.4}{\376\377\0004\000\040\000T\000r\000a\000n\000s\000m\000i\000t\000\040\000a\000n\000t\000e\000n\000n\000a}{}% 16
\BOOKMARK [1][-]{section.5}{\376\377\0005\000\040\000A\000\040\000c\000l\000o\000s\000e\000r\000\040\000l\000o\000o\000k\000\040\000a\000t\000\040\000S\000A\000R\000\040\000f\000r\000o\000m\000\040\000a\000n\000\040\000o\000r\000b\000i\000t\000i\000n\000g\000\040\000s\000a\000t\000e\000l\000l\000i\000t\000e}{}% 17
\BOOKMARK [2][-]{subsection.5.1}{\376\377\0005\000.\0001\000\040\000A\000\040\000c\000l\000o\000s\000e\000r\000\040\000e\000x\000a\000m\000i\000n\000a\000t\000i\000o\000n\000\040\000o\000f\000\040\000l\000o\000c\000a\000l\000l\000y\000\040\000c\000i\000r\000c\000u\000l\000a\000r\000\040\000o\000r\000b\000i\000t\000s}{section.5}% 18
\BOOKMARK [2][-]{subsection.5.2}{\376\377\0005\000.\0002\000\040\000N\000o\000n\000-\000l\000i\000n\000e\000a\000r\000i\000t\000y\000\040\000b\000e\000t\000w\000e\000e\000n\000\040\000a\000r\000c\000l\000e\000n\000g\000t\000h\000\040\000a\000n\000d\000\040\000t\000i\000m\000e}{section.5}% 19
\BOOKMARK [2][-]{subsection.5.3}{\376\377\0005\000.\0003\000\040\000A\000r\000c\000l\000e\000n\000g\000t\000h\000\040\000p\000a\000r\000a\000m\000e\000t\000e\000r\000i\000z\000a\000t\000i\000o\000n\000\040\000a\000p\000p\000r\000o\000a\000c\000h}{section.5}% 20
\BOOKMARK [1][-]{section.6}{\376\377\0006\000\040\000D\000i\000f\000f\000e\000r\000e\000n\000t\000i\000a\000l\000\040\000g\000e\000o\000m\000e\000t\000r\000y\000\040\000o\000f\000\040\000c\000u\000r\000v\000e\000s\000\040\000i\000n\000\040\0003\000D}{}% 21
\BOOKMARK [2][-]{subsection.6.1}{\376\377\0006\000.\0001\000\040\000C\000a\000l\000c\000u\000l\000a\000t\000i\000o\000n\000\040\000o\000f\000\040\000d\000i\000f\000f\000e\000r\000e\000n\000t\000i\000a\000l\000\040\000g\000e\000o\000m\000e\000t\000r\000y\000\040\000p\000a\000r\000a\000m\000e\000t\000e\000r\000s\000\040\000f\000r\000o\000m\000\040\000p\000o\000s\000i\000t\000i\000o\000n\000,\000\040\000v\000e\000l\000o\000c\000i\000t\000y\000\040\000a\000n\000d\000\040\000a\000c\000c\000e\000l\000e\000r\000a\000t\000i\000o\000n}{section.6}% 22
\BOOKMARK [2][-]{subsection.6.2}{\376\377\0006\000.\0002\000\040\000S\000l\000o\000w\000-\000t\000i\000m\000e\000\040\000c\000u\000r\000v\000e\000\040\000p\000a\000r\000a\000m\000e\000t\000e\000r\000s\000,\000\040\000s\000t\000a\000t\000e\000\040\000v\000e\000c\000t\000o\000r\000s\000\040\000a\000n\000d\000\040\000t\000h\000e\000\040\000g\000e\000o\000i\000d\000\040\000m\000o\000d\000e\000l}{section.6}% 23
\BOOKMARK [3][-]{subsubsection.6.2.1}{\376\377\0006\000.\0002\000.\0001\000\040\000S\000t\000a\000t\000e\000\040\000v\000e\000c\000t\000o\000r\000s}{subsection.6.2}% 24
\BOOKMARK [3][-]{subsubsection.6.2.2}{\376\377\0006\000.\0002\000.\0002\000\040\000G\000e\000o\000p\000o\000t\000e\000n\000t\000i\000a\000l\000\040\000m\000o\000d\000e\000l}{subsection.6.2}% 25
\BOOKMARK [2][-]{subsection.6.3}{\376\377\0006\000.\0003\000\040\000D\000e\000m\000o\000n\000s\000t\000r\000a\000t\000i\000o\000n\000\040\000o\000f\000\040\000a\000c\000c\000u\000r\000a\000c\000y\000\040\000o\000f\000\040\000t\000h\000e\000\040\000m\000o\000d\000e\000l}{section.6}% 26
\BOOKMARK [1][-]{section.7}{\376\377\0007\000\040\000A\000r\000c\000l\000e\000n\000g\000t\000h\000-\000p\000a\000r\000a\000m\000e\000t\000e\000r\000i\000z\000e\000d\000\040\000r\000a\000n\000g\000e\000\040\000f\000u\000n\000c\000t\000i\000o\000n}{}% 27
\BOOKMARK [2][-]{subsection.7.1}{\376\377\0007\000.\0001\000\040\000R\000e\000s\000i\000d\000u\000a\000l\000\040\000e\000r\000r\000o\000r\000\040\000i\000n\000\040\000t\000h\000e\000\040\000r\000a\000n\000g\000e\000\040\000f\000u\000n\000c\000t\000i\000o\000n}{section.7}% 28
\BOOKMARK [1][-]{section.8}{\376\377\0008\000\040\000T\000h\000e\000\040\000S\000A\000R\000\040\000s\000i\000g\000n\000a\000l\000\040\000i\000n\000\040\000a\000r\000c\000l\000e\000n\000g\000t\000h\000\040\000s\000p\000a\000c\000e}{}% 29
\BOOKMARK [2][-]{subsection.8.1}{\376\377\0008\000.\0001\000\040\000S\000c\000e\000n\000e\000\040\000m\000e\000a\000s\000u\000r\000e\000m\000e\000n\000t\000\040\000t\000h\000r\000o\000u\000g\000h\000\040\000m\000u\000l\000t\000i\000p\000l\000e\000\040\000a\000n\000t\000e\000n\000n\000a\000\040\000p\000a\000t\000t\000e\000r\000n\000s}{section.8}% 30
\BOOKMARK [2][-]{subsection.8.2}{\376\377\0008\000.\0002\000\040\000D\000e\000m\000o\000d\000u\000l\000a\000t\000i\000o\000n}{section.8}% 31
\BOOKMARK [2][-]{subsection.8.3}{\376\377\0008\000.\0003\000\040\000S\000t\000a\000t\000i\000o\000n\000a\000r\000y\000\040\000p\000h\000a\000s\000e\000\040\000a\000p\000p\000r\000o\000x\000i\000m\000a\000t\000i\000o\000n}{section.8}% 32
\BOOKMARK [1][-]{section.9}{\376\377\0009\000\040\000S\000t\000a\000t\000i\000o\000n\000a\000r\000y\000\040\000p\000h\000a\000s\000e}{}% 33
\BOOKMARK [2][-]{subsection.9.1}{\376\377\0009\000.\0001\000\040\000R\000e\000l\000a\000t\000i\000o\000n\000\040\000b\000e\000t\000w\000e\000e\000n\000\040\000a\000r\000c\000l\000e\000n\000g\000t\000h\000\040\000a\000n\000d\000\040\000w\000a\000v\000e\000n\000u\000m\000b\000e\000r}{section.9}% 34
\BOOKMARK [2][-]{subsection.9.2}{\376\377\0009\000.\0002\000\040\000A\000n\000t\000e\000n\000n\000a\000\040\000p\000a\000t\000t\000e\000r\000n\000\040\000a\000n\000g\000l\000e\000s}{section.9}% 35
\BOOKMARK [2][-]{subsection.9.3}{\376\377\0009\000.\0003\000\040\000T\000h\000e\000\040\0002\000-\000D\000\040\000w\000a\000v\000e\000n\000u\000m\000b\000e\000r\000\040\000s\000i\000g\000n\000a\000l}{section.9}% 36
\BOOKMARK [2][-]{subsection.9.4}{\376\377\0009\000.\0004\000\040\000M\000o\000d\000i\000f\000i\000e\000d\000\040\000S\000t\000o\000l\000z\000\040\000i\000n\000t\000e\000r\000p\000o\000l\000a\000t\000i\000o\000n}{section.9}% 37
\BOOKMARK [1][-]{section.10}{\376\377\0001\0000\000\040\000M\000u\000l\000t\000i\000c\000h\000a\000n\000n\000e\000l\000\040\000s\000i\000g\000n\000a\000l\000\040\000p\000r\000o\000c\000e\000s\000s\000i\000n\000g\000\040\000f\000o\000r\000\040\000h\000i\000g\000h\000\040\000r\000e\000s\000o\000l\000u\000t\000i\000o\000n}{}% 38
\BOOKMARK [1][-]{section.11}{\376\377\0001\0001\000\040\000M\000u\000l\000t\000i\000-\000c\000h\000a\000n\000n\000e\000l\000\040\000S\000A\000R\000\040\000p\000r\000o\000c\000e\000s\000s\000i\000n\000g}{}% 39
\BOOKMARK [2][-]{subsection.11.1}{\376\377\0001\0001\000.\0001\000\040\000L\000i\000n\000e\000a\000r\000\040\000f\000i\000l\000t\000e\000r\000i\000n\000g\000\040\000t\000o\000\040\000e\000x\000t\000r\000a\000c\000t\000\040\000s\000i\000g\000n\000a\000l\000\040\000c\000o\000m\000p\000o\000n\000e\000n\000t\000s}{section.11}% 40
\BOOKMARK [2][-]{subsection.11.2}{\376\377\0001\0001\000.\0002\000\040\000M\000a\000t\000r\000i\000x\000-\000v\000e\000c\000t\000o\000r\000\040\000m\000o\000d\000e\000l\000\040\000f\000o\000r\000\040\000t\000h\000e\000\040\000a\000l\000i\000a\000s\000e\000d\000\040\000s\000i\000g\000n\000a\000l}{section.11}% 41
\BOOKMARK [2][-]{subsection.11.3}{\376\377\0001\0001\000.\0003\000\040\000A\000\040\000c\000o\000s\000t\000\040\000f\000u\000n\000c\000t\000i\000o\000n\000\040\000f\000o\000r\000\040\000H\000R\000W\000S\000\040\000p\000r\000o\000c\000e\000s\000s\000i\000n\000g}{section.11}% 42
\BOOKMARK [3][-]{subsubsection.11.3.1}{\376\377\0001\0001\000.\0003\000.\0001\000\040\000A\000m\000p\000l\000i\000f\000i\000e\000d\000\040\000a\000d\000d\000i\000t\000i\000v\000e\000\040\000n\000o\000i\000s\000e}{subsection.11.3}% 43
\BOOKMARK [3][-]{subsubsection.11.3.2}{\376\377\0001\0001\000.\0003\000.\0002\000\040\000B\000l\000e\000n\000d\000e\000d\000\040\000c\000o\000s\000t\000\040\000f\000u\000n\000c\000t\000i\000o\000n}{subsection.11.3}% 44
\BOOKMARK [2][-]{subsection.11.4}{\376\377\0001\0001\000.\0004\000\040\000S\000e\000c\000t\000i\000o\000n\000\040\000s\000u\000m\000m\000a\000r\000y}{section.11}% 45
\BOOKMARK [1][-]{section.12}{\376\377\0001\0002\000\040\000S\000i\000m\000u\000l\000a\000t\000e\000d\000\040\000m\000u\000l\000t\000i\000-\000c\000h\000a\000n\000n\000e\000l\000\040\000s\000i\000g\000n\000a\000l}{}% 46
\BOOKMARK [2][-]{subsection.12.1}{\376\377\0001\0002\000.\0001\000\040\000G\000e\000n\000e\000r\000a\000t\000i\000o\000n\000\040\000o\000f\000\040\000t\000h\000e\000\040\000r\000a\000w\000\040\000s\000i\000g\000n\000a\000l\000s}{section.12}% 47
\BOOKMARK [2][-]{subsection.12.2}{\376\377\0001\0002\000.\0002\000\040\000M\000u\000l\000t\000i\000-\000c\000h\000a\000n\000n\000e\000l\000\040\000p\000r\000o\000c\000e\000s\000s\000i\000n\000g}{section.12}% 48
\BOOKMARK [2][-]{subsection.12.3}{\376\377\0001\0002\000.\0003\000\040\000A\000z\000i\000m\000u\000t\000h\000\040\000c\000o\000m\000p\000r\000e\000s\000s\000i\000o\000n}{section.12}% 49
\BOOKMARK [3][-]{subsubsection.12.3.1}{\376\377\0001\0002\000.\0003\000.\0001\000\040\000R\000e\000s\000i\000d\000u\000a\000l\000\040\000p\000h\000a\000s\000e\000\040\000c\000o\000r\000r\000e\000c\000t\000i\000o\000n}{subsection.12.3}% 50
\BOOKMARK [3][-]{subsubsection.12.3.2}{\376\377\0001\0002\000.\0003\000.\0002\000\040\000S\000i\000g\000n\000a\000l\000-\000t\000o\000-\000n\000o\000i\000s\000e\000\040\000r\000a\000t\000i\000o}{subsection.12.3}% 51
\BOOKMARK [1][-]{section.13}{\376\377\0001\0003\000\040\000C\000o\000n\000c\000l\000u\000s\000i\000o\000n}{}% 52
\BOOKMARK [1][-]{section*.42}{\376\377\000R\000e\000f\000e\000r\000e\000n\000c\000e\000s}{}% 53
\BOOKMARK [1][-]{annex.A}{\376\377\000A\000n\000n\000e\000x\000\040\000A\000\040\000D\000e\000r\000i\000v\000a\000t\000i\000v\000e\000\040\000o\000f\000\040\000u\000n\000i\000t\000\040\000v\000e\000c\000t\000o\000r\000s}{}% 54
\BOOKMARK [1][-]{annex.B}{\376\377\000A\000n\000n\000e\000x\000\040\000B\000\040\000E\000C\000E\000F\000\040\000a\000c\000c\000e\000l\000e\000r\000a\000t\000i\000o\000n}{}% 55
\BOOKMARK [2][-]{subannex.B.1}{\376\377\000B\000.\0001\000\040\000E\000C\000E\000F\000\040\000e\000q\000u\000a\000t\000i\000o\000n\000s\000\040\000o\000f\000\040\000m\000o\000t\000i\000o\000n}{annex.B}% 56
\BOOKMARK [2][-]{subannex.B.2}{\376\377\000B\000.\0002\000\040\000R\000a\000t\000e\000\040\000o\000f\000\040\000c\000h\000a\000n\000g\000e\000\040\000o\000f\000\040\000a\000c\000c\000e\000l\000e\000r\000a\000t\000i\000o\000n}{annex.B}% 57
\BOOKMARK [1][-]{annex.C}{\376\377\000A\000n\000n\000e\000x\000\040\000C\000\040\000D\000e\000r\000i\000v\000a\000t\000i\000o\000n\000\040\000o\000f\000\040\000t\000h\000e\000\040\000a\000r\000c\000l\000e\000n\000g\000t\000h\000-\000p\000a\000r\000a\000m\000e\000t\000e\000r\000i\000z\000e\000d\000\040\000r\000a\000n\000g\000e\000\040\000f\000u\000n\000c\000t\000i\000o\000n}{}% 58
\BOOKMARK [1][-]{annex.D}{\376\377\000A\000n\000n\000e\000x\000\040\000D\000\040\000I\000t\000e\000r\000a\000t\000i\000o\000n\000\040\000t\000o\000\040\000t\000h\000e\000\040\000s\000t\000a\000t\000i\000o\000n\000a\000r\000y\000\040\000p\000o\000i\000n\000t}{}% 59
\BOOKMARK [1][-]{annex.E}{\376\377\000A\000n\000n\000e\000x\000\040\000E\000\040\000N\000u\000m\000e\000r\000i\000c\000a\000l\000\040\000i\000m\000p\000l\000e\000m\000e\000n\000t\000a\000t\000i\000o\000n\000\040\000o\000f\000\040\000t\000h\000e\000\040\000S\000t\000o\000l\000z\000\040\000i\000n\000t\000e\000r\000p\000o\000l\000a\000t\000i\000o\000n}{}% 60
\BOOKMARK [2][-]{subannex.E.1}{\376\377\000E\000.\0001\000\040\000S\000i\000m\000p\000l\000i\000f\000i\000c\000a\000t\000i\000o\000n\000\040\000f\000o\000r\000\040\000i\000t\000e\000r\000a\000t\000i\000v\000e\000\040\000r\000o\000o\000t\000-\000f\000i\000n\000d\000i\000n\000g}{annex.E}% 61
\BOOKMARK [1][-]{annex.F}{\376\377\000A\000n\000n\000e\000x\000\040\000F\000\040\000M\000I\000M\000O\000\040\000c\000o\000n\000f\000i\000g\000u\000r\000a\000t\000i\000o\000n}{}% 62
\BOOKMARK [1][-]{annex.G}{\376\377\000A\000n\000n\000e\000x\000\040\000G\000\040\000A\000n\000t\000e\000n\000n\000a\000\040\000p\000a\000t\000t\000e\000r\000n\000\040\000a\000n\000g\000l\000e\000s}{}% 63
