This is pdfTeX, Version 3.14159265-2.6-1.40.21 (TeX Live 2020/Debian) (preloaded format=pdflatex 2021.10.17)  18 JAN 2022 08:55
entering extended mode
 restricted \write18 enabled.
 %&-line parsing enabled.
**DRDCArcSAR.tex
(./DRDCArcSAR.tex
LaTeX2e <2020-10-01> patch level 4
L3 programming layer <2021-01-09> xparse <2020-03-03>
(/usr/share/texlive/texmf-dist/tex/latex/pdf14/pdf14.sty
Package: pdf14 2010/03/26 v0.1 Generate PDF 1.4 documents (mpg)
) (./drdc-report.cls
Document Class: drdc-report 2017/12/18 v3.0 LaTeX class for DRDC reports
\DRDC@templen=\skip47
\DRDC@templena=\skip48
\DRDC@box=\box47
\DRDC@boxa=\box48
\DRDC@boxb=\box49
\DRDC@boxc=\box50
(./drdc-pdfa.sty
Package: drdc-pdfa 2013/11/08 v1.1 PDF/A support for DRDC documents
 (./fix-zero-width.sty
Package: fix-zero-width 2010/11/01 v1.0 LaTeX package for replacing zero width 
characters in cmsy
\FZW@box=\box51
\FZW@boxa=\box52
)
(/usr/share/texlive/texmf-dist/tex/generic/iftex/ifpdf.sty
Package: ifpdf 2019/10/25 v3.4 ifpdf legacy package. Use iftex instead.

(/usr/share/texlive/texmf-dist/tex/generic/iftex/iftex.sty
Package: iftex 2020/03/06 v1.0d TeX engine tests
))
(/usr/share/texlive/texmf-dist/tex/latex/xmpincl/xmpincl.sty
Package: xmpincl 2008/05/10 v2.2 Include XMP data in pdflatex

(/usr/share/texlive/texmf-dist/tex/latex/base/ifthen.sty
Package: ifthen 2014/09/29 v1.1c Standard LaTeX ifthen package (DPC)
))
(/usr/share/texlive/texmf-dist/tex/latex/xcolor/xcolor.sty
Package: xcolor 2016/05/11 v2.12 LaTeX color extensions (UK)

(/usr/share/texlive/texmf-dist/tex/latex/graphics-cfg/color.cfg
File: color.cfg 2016/01/02 v1.6 sample color configuration
)
Package xcolor Info: Driver file: pdftex.def on input line 225.

(/usr/share/texlive/texmf-dist/tex/latex/graphics-def/pdftex.def
File: pdftex.def 2020/10/05 v1.2a Graphics/color driver for pdftex
)
Package xcolor Info: Model `cmy' substituted by `cmy0' on input line 1348.
Package xcolor Info: Model `hsb' substituted by `rgb' on input line 1352.
Package xcolor Info: Model `RGB' extended on input line 1364.
Package xcolor Info: Model `HTML' substituted by `rgb' on input line 1366.
Package xcolor Info: Model `Hsb' substituted by `hsb' on input line 1367.
Package xcolor Info: Model `tHsb' substituted by `hsb' on input line 1368.
Package xcolor Info: Model `HSB' substituted by `hsb' on input line 1369.
Package xcolor Info: Model `Gray' substituted by `gray' on input line 1370.
Package xcolor Info: Model `wave' substituted by `hsb' on input line 1371.
)
\DRDC@toks=\toks15
<<sRGBIEC1966-2.1.icm>> (/usr/share/texlive/texmf-dist/tex/generic/pdftex/glyph
tounicode.tex) (/usr/share/texlive/texmf-dist/tex/latex/pdfx/glyphtounicode-cmr
.tex))
(/usr/share/texlive/texmf-dist/tex/latex/graphics/graphics.sty
Package: graphics 2020/08/30 v1.4c Standard LaTeX Graphics (DPC,SPQR)

(/usr/share/texlive/texmf-dist/tex/latex/graphics/trig.sty
Package: trig 2016/01/03 v1.10 sin cos tan (DPC)
)
(/usr/share/texlive/texmf-dist/tex/latex/graphics-cfg/graphics.cfg
File: graphics.cfg 2016/06/04 v1.11 sample graphics configuration
)
Package graphics Info: Driver file: pdftex.def on input line 105.
)
(/usr/share/texlive/texmf-dist/tex/latex/base/exscale.sty
Package: exscale 2018/09/24 v2.1i Standard LaTeX package exscale
LaTeX Font Info:    Redeclaring symbol font `largesymbols' on input line 57.
LaTeX Font Info:    Overwriting symbol font `largesymbols' in version `normal'
(Font)                  OMX/cmex/m/n --> OMX/cmex/m/n on input line 57.
LaTeX Font Info:    Overwriting symbol font `largesymbols' in version `bold'
(Font)                  OMX/cmex/m/n --> OMX/cmex/m/n on input line 57.
\big@size=\dimen138
) (./drdc-docctl.sty
Package: drdc-docctl 2018/01/18 v3.0 Generates DCD sheets for DRDC reports
\c@DRDC@bibitems=\count177
\DRDC@colone=\skip49
\DRDC@coltwo=\skip50
\DRDC@colthree=\skip51
\DRDC@colfour=\skip52
\DRDC@colfive=\skip53
\DRDC@colonetwo=\skip54
\DRDC@colonetothree=\skip55
\DRDC@colthreefour=\skip56
\DRDC@coltwotofour=\skip57
\DRDC@colthreetofive=\skip58
\DRDC@colfourfive=\skip59
\DRDC@colall=\skip60
\DRDC@extraspace=\skip61
\DRDC@pbsize=\skip62
)
LaTeX Font Info:    Redeclaring math alphabet \mathsf on input line 260.
LaTeX Font Info:    Overwriting math alphabet `\mathsf' in version `normal'
(Font)                  OT1/cmss/m/n --> OT1/phv/m/n on input line 260.
LaTeX Font Info:    Overwriting math alphabet `\mathsf' in version `bold'
(Font)                  OT1/cmss/bx/n --> OT1/phv/m/n on input line 260.
LaTeX Font Info:    Overwriting math alphabet `\mathsf' in version `bold'
(Font)                  OT1/phv/m/n --> OT1/phv/b/n on input line 261.

(/usr/share/texlive/texmf-dist/tex/latex/base/size11.clo
File: size11.clo 2020/04/10 v1.4m Standard LaTeX file (size option)
)
\headfootwidth=\skip63
\DRDC@footlineheight=\skip64
LaTeX Font Info:    Trying to load font information for OT1+phv on input line 4
29.

(/usr/share/texlive/texmf-dist/tex/latex/psnfss/ot1phv.fd
File: ot1phv.fd 2020/03/25 scalable font definitions for OT1/phv.
)
LaTeX Font Info:    Font shape `OT1/phv/m/n' will be
(Font)              scaled to size 9.49997pt on input line 429.
LaTeX Font Info:    Font shape `OT1/phv/bx/n' in size <10> not available
(Font)              Font shape `OT1/phv/b/n' tried instead on input line 429.
LaTeX Font Info:    Font shape `OT1/phv/b/n' will be
(Font)              scaled to size 9.49997pt on input line 429.
\DRDC@footheight=\skip65
\DRDC@footlinesize=\skip66
\preparedskip=\skip67
\infostatementsskip=\skip68
\c@section=\count178
\c@annex=\count179
\c@subsection=\count180
\c@subsubsection=\count181
\c@paragraph=\count182
\c@subparagraph=\count183
\c@subannex=\count184
\c@subsubannex=\count185
\c@parannex=\count186
\c@subparannex=\count187
\DRDC@saveparskip=\skip69
\c@DRDC@pages=\count188
\c@DRDC@tempcnt=\count189
\c@figure=\count190
\c@table=\count191
\DRDC@tocsecbox=\skip70
\DRDC@tocsubsecbox=\skip71
\DRDC@tocsubsubsecbox=\skip72
\DRDC@tocparbox=\skip73
\DRDC@tocsubparbox=\skip74
\annexlabelwidth=\skip75
\figlabelwidth=\skip76
\bibindent=\dimen139

(/usr/share/texlive/texmf-dist/tex/generic/babel/babel.sty
Package: babel 2021/01/26 3.53 The Babel package

(/usr/share/texlive/texmf-dist/tex/generic/babel/babel.def
File: babel.def 2021/01/26 3.53 Babel common definitions
\babel@savecnt=\count192
\U@D=\dimen140
\l@babelnohyphens=\language32

(/usr/share/texlive/texmf-dist/tex/generic/babel/txtbabel.def)
\bbl@readstream=\read2
)
\bbl@dirlevel=\count193

(/usr/share/texlive/texmf-dist/tex/generic/babel-french/frenchb.ldf
Language: frenchb 2020/10/10 v3.5l French support from the babel system


Package babel-french Warning: Option `frenchb' for Babel is *deprecated*,
(babel-french)                it might be removed sooner or later. Please
(babel-french)                use `french' instead; reported on input line 35.

(/usr/share/texlive/texmf-dist/tex/generic/babel-french/french.ldf
Language: french 2020/10/10 v3.5l French support from the babel system
Package babel Info: \l@acadian = using hyphenrules for french
(babel)             (\language16) on input line 91.
Package babel Info: \l@canadien = using hyphenrules for french
(babel)             (\language16) on input line 92.
\FB@nonchar=\count194
Package babel Info: Making : an active character on input line 430.
Package babel Info: Making ; an active character on input line 431.
Package babel Info: Making ! an active character on input line 432.
Package babel Info: Making ? an active character on input line 433.
\FBguill@level=\count195
\FBold@everypar=\toks16
\FB@Mht=\dimen141
\mc@charclass=\count196
\mc@charfam=\count197
\mc@charslot=\count198
\std@mcc=\count199
\dec@mcc=\count266
\listindentFB=\dimen142
\descindentFB=\dimen143
\labelindentFB=\dimen144
\labelwidthFB=\dimen145
\leftmarginFB=\dimen146
\parindentFFN=\dimen147
\FBfnindent=\dimen148
))
(/usr/share/texlive/texmf-dist/tex/generic/babel-english/english.ldf
Language: english 2017/06/06 v3.3r English support from the babel system
Package babel Info: \l@british = using hyphenrules for english
(babel)             (\language0) on input line 82.
Package babel Info: \l@UKenglish = using hyphenrules for english
(babel)             (\language0) on input line 83.
Package babel Info: \l@canadian = using hyphenrules for english
(babel)             (\language0) on input line 102.
Package babel Info: \l@australian = using hyphenrules for english
(babel)             (\language0) on input line 105.
Package babel Info: \l@newzealand = using hyphenrules for english
(babel)             (\language0) on input line 108.
))
(/usr/share/texlive/texmf-dist/tex/latex/carlisle/scalefnt.sty)
(/usr/share/texlive/texmf-dist/tex/latex/graphics/keyval.sty
Package: keyval 2014/10/28 v1.15 key=value parser (DPC)
\KV@toks@=\toks17
)
\figtocaptionskip=\skip77
\beyondcaptionskip=\skip78
\abovecaptionskip=\skip79
\belowcaptionskip=\skip80
\DRDC@captionsize=\skip81
\DRDC@captionmargin=\skip82
)
(./drdc-rtf-abstract.sty
Package: drdc-rtf-abstract 2016/02/26 v1.0 LaTeX package for RTF abstract and D
CGER
 (./drdc-translate.sty
Package: drdc-translate 2014/11/21 v1.0 LaTeX package for Unicode translation
)) (./drdc-submission.sty
Package: drdc-submission 2016/02/11 v1.0 LaTeX package for CSV submission form
\c@DRDC@mainpages=\count267
)
(/usr/share/texlive/texmf-dist/tex/latex/base/fontenc.sty
Package: fontenc 2020/08/10 v2.0s Standard LaTeX package
)
(/usr/share/texmf/tex/latex/lm/lmodern.sty
Package: lmodern 2009/10/30 v1.6 Latin Modern Fonts
LaTeX Font Info:    Overwriting symbol font `operators' in version `normal'
(Font)                  OT1/cmr/m/n --> OT1/lmr/m/n on input line 22.
LaTeX Font Info:    Overwriting symbol font `letters' in version `normal'
(Font)                  OML/cmm/m/it --> OML/lmm/m/it on input line 23.
LaTeX Font Info:    Overwriting symbol font `symbols' in version `normal'
(Font)                  OMS/cmsy/m/n --> OMS/lmsy/m/n on input line 24.
LaTeX Font Info:    Overwriting symbol font `largesymbols' in version `normal'
(Font)                  OMX/cmex/m/n --> OMX/lmex/m/n on input line 25.
LaTeX Font Info:    Overwriting symbol font `operators' in version `bold'
(Font)                  OT1/cmr/bx/n --> OT1/lmr/bx/n on input line 26.
LaTeX Font Info:    Overwriting symbol font `letters' in version `bold'
(Font)                  OML/cmm/b/it --> OML/lmm/b/it on input line 27.
LaTeX Font Info:    Overwriting symbol font `symbols' in version `bold'
(Font)                  OMS/cmsy/b/n --> OMS/lmsy/b/n on input line 28.
LaTeX Font Info:    Overwriting symbol font `largesymbols' in version `bold'
(Font)                  OMX/cmex/m/n --> OMX/lmex/m/n on input line 29.
LaTeX Font Info:    Overwriting math alphabet `\mathbf' in version `normal'
(Font)                  OT1/cmr/bx/n --> OT1/lmr/bx/n on input line 31.
LaTeX Font Info:    Overwriting math alphabet `\mathsf' in version `normal'
(Font)                  OT1/phv/m/n --> OT1/lmss/m/n on input line 32.
LaTeX Font Info:    Overwriting math alphabet `\mathit' in version `normal'
(Font)                  OT1/cmr/m/it --> OT1/lmr/m/it on input line 33.
LaTeX Font Info:    Overwriting math alphabet `\mathtt' in version `normal'
(Font)                  OT1/cmtt/m/n --> OT1/lmtt/m/n on input line 34.
LaTeX Font Info:    Overwriting math alphabet `\mathbf' in version `bold'
(Font)                  OT1/cmr/bx/n --> OT1/lmr/bx/n on input line 35.
LaTeX Font Info:    Overwriting math alphabet `\mathsf' in version `bold'
(Font)                  OT1/phv/b/n --> OT1/lmss/bx/n on input line 36.
LaTeX Font Info:    Overwriting math alphabet `\mathit' in version `bold'
(Font)                  OT1/cmr/bx/it --> OT1/lmr/bx/it on input line 37.
LaTeX Font Info:    Overwriting math alphabet `\mathtt' in version `bold'
(Font)                  OT1/cmtt/m/n --> OT1/lmtt/m/n on input line 38.
)
(/usr/share/texlive/texmf-dist/tex/latex/amsmath/amsbsy.sty
Package: amsbsy 1999/11/29 v1.2d Bold Symbols

(/usr/share/texlive/texmf-dist/tex/latex/amsmath/amsgen.sty
File: amsgen.sty 1999/11/30 v2.0 generic functions
\@emptytoks=\toks18
\ex@=\dimen149
)
\pmbraise@=\dimen150
)
(/usr/share/texlive/texmf-dist/tex/latex/amsmath/amsmath.sty
Package: amsmath 2020/09/23 v2.17i AMS math features
\@mathmargin=\skip83

For additional information on amsmath, use the `?' option.
(/usr/share/texlive/texmf-dist/tex/latex/amsmath/amstext.sty
Package: amstext 2000/06/29 v2.01 AMS text
)
(/usr/share/texlive/texmf-dist/tex/latex/amsmath/amsopn.sty
Package: amsopn 2016/03/08 v2.02 operator names
)
\inf@bad=\count268
LaTeX Info: Redefining \frac on input line 234.
\uproot@=\count269
\leftroot@=\count270
LaTeX Info: Redefining \overline on input line 399.
\classnum@=\count271
\DOTSCASE@=\count272
LaTeX Info: Redefining \ldots on input line 496.
LaTeX Info: Redefining \dots on input line 499.
LaTeX Info: Redefining \cdots on input line 620.
\Mathstrutbox@=\box53
\strutbox@=\box54
\big@size=\dimen151
LaTeX Font Info:    Redeclaring font encoding OML on input line 743.
LaTeX Font Info:    Redeclaring font encoding OMS on input line 744.
\macc@depth=\count273
\c@MaxMatrixCols=\count274
\dotsspace@=\muskip16
\c@parentequation=\count275
\dspbrk@lvl=\count276
\tag@help=\toks19
\row@=\count277
\column@=\count278
\maxfields@=\count279
\andhelp@=\toks20
\eqnshift@=\dimen152
\alignsep@=\dimen153
\tagshift@=\dimen154
\tagwidth@=\dimen155
\totwidth@=\dimen156
\lineht@=\dimen157
\@envbody=\toks21
\multlinegap=\skip84
\multlinetaggap=\skip85
\mathdisplay@stack=\toks22
LaTeX Info: Redefining \[ on input line 2923.
LaTeX Info: Redefining \] on input line 2924.
)
(/usr/share/texlive/texmf-dist/tex/latex/amscls/amsthm.sty
Package: amsthm 2020/05/29 v2.20.6
\thm@style=\toks23
\thm@bodyfont=\toks24
\thm@headfont=\toks25
\thm@notefont=\toks26
\thm@headpunct=\toks27
\thm@preskip=\skip86
\thm@postskip=\skip87
\thm@headsep=\skip88
\dth@everypar=\toks28
)
(/usr/share/texlive/texmf-dist/tex/latex/pgf/frontendlayer/tikz.sty
(/usr/share/texlive/texmf-dist/tex/latex/pgf/basiclayer/pgf.sty
(/usr/share/texlive/texmf-dist/tex/latex/pgf/utilities/pgfrcs.sty
(/usr/share/texlive/texmf-dist/tex/generic/pgf/utilities/pgfutil-common.tex
\pgfutil@everybye=\toks29
\pgfutil@tempdima=\dimen158
\pgfutil@tempdimb=\dimen159

(/usr/share/texlive/texmf-dist/tex/generic/pgf/utilities/pgfutil-common-lists.t
ex)) (/usr/share/texlive/texmf-dist/tex/generic/pgf/utilities/pgfutil-latex.def
\pgfutil@abb=\box55
) (/usr/share/texlive/texmf-dist/tex/generic/pgf/utilities/pgfrcs.code.tex
(/usr/share/texlive/texmf-dist/tex/generic/pgf/pgf.revision.tex)
Package: pgfrcs 2020/12/27 v3.1.8b (3.1.8b)
))
Package: pgf 2020/12/27 v3.1.8b (3.1.8b)

(/usr/share/texlive/texmf-dist/tex/latex/pgf/basiclayer/pgfcore.sty
(/usr/share/texlive/texmf-dist/tex/latex/graphics/graphicx.sty
Package: graphicx 2020/09/09 v1.2b Enhanced LaTeX Graphics (DPC,SPQR)
\Gin@req@height=\dimen160
\Gin@req@width=\dimen161
)
(/usr/share/texlive/texmf-dist/tex/latex/pgf/systemlayer/pgfsys.sty
(/usr/share/texlive/texmf-dist/tex/generic/pgf/systemlayer/pgfsys.code.tex
Package: pgfsys 2020/12/27 v3.1.8b (3.1.8b)

(/usr/share/texlive/texmf-dist/tex/generic/pgf/utilities/pgfkeys.code.tex
\pgfkeys@pathtoks=\toks30
\pgfkeys@temptoks=\toks31

(/usr/share/texlive/texmf-dist/tex/generic/pgf/utilities/pgfkeysfiltered.code.t
ex
\pgfkeys@tmptoks=\toks32
))
\pgf@x=\dimen162
\pgf@y=\dimen163
\pgf@xa=\dimen164
\pgf@ya=\dimen165
\pgf@xb=\dimen166
\pgf@yb=\dimen167
\pgf@xc=\dimen168
\pgf@yc=\dimen169
\pgf@xd=\dimen170
\pgf@yd=\dimen171
\w@pgf@writea=\write3
\r@pgf@reada=\read3
\c@pgf@counta=\count280
\c@pgf@countb=\count281
\c@pgf@countc=\count282
\c@pgf@countd=\count283
\t@pgf@toka=\toks33
\t@pgf@tokb=\toks34
\t@pgf@tokc=\toks35
\pgf@sys@id@count=\count284
 (/usr/share/texlive/texmf-dist/tex/generic/pgf/systemlayer/pgf.cfg
File: pgf.cfg 2020/12/27 v3.1.8b (3.1.8b)
)
Driver file for pgf: pgfsys-pdftex.def

(/usr/share/texlive/texmf-dist/tex/generic/pgf/systemlayer/pgfsys-pdftex.def
File: pgfsys-pdftex.def 2020/12/27 v3.1.8b (3.1.8b)

(/usr/share/texlive/texmf-dist/tex/generic/pgf/systemlayer/pgfsys-common-pdf.de
f
File: pgfsys-common-pdf.def 2020/12/27 v3.1.8b (3.1.8b)
)))
(/usr/share/texlive/texmf-dist/tex/generic/pgf/systemlayer/pgfsyssoftpath.code.
tex
File: pgfsyssoftpath.code.tex 2020/12/27 v3.1.8b (3.1.8b)
\pgfsyssoftpath@smallbuffer@items=\count285
\pgfsyssoftpath@bigbuffer@items=\count286
)
(/usr/share/texlive/texmf-dist/tex/generic/pgf/systemlayer/pgfsysprotocol.code.
tex
File: pgfsysprotocol.code.tex 2020/12/27 v3.1.8b (3.1.8b)
))
(/usr/share/texlive/texmf-dist/tex/generic/pgf/basiclayer/pgfcore.code.tex
Package: pgfcore 2020/12/27 v3.1.8b (3.1.8b)

(/usr/share/texlive/texmf-dist/tex/generic/pgf/math/pgfmath.code.tex
(/usr/share/texlive/texmf-dist/tex/generic/pgf/math/pgfmathcalc.code.tex
(/usr/share/texlive/texmf-dist/tex/generic/pgf/math/pgfmathutil.code.tex)
(/usr/share/texlive/texmf-dist/tex/generic/pgf/math/pgfmathparser.code.tex
\pgfmath@dimen=\dimen172
\pgfmath@count=\count287
\pgfmath@box=\box56
\pgfmath@toks=\toks36
\pgfmath@stack@operand=\toks37
\pgfmath@stack@operation=\toks38
)
(/usr/share/texlive/texmf-dist/tex/generic/pgf/math/pgfmathfunctions.code.tex
(/usr/share/texlive/texmf-dist/tex/generic/pgf/math/pgfmathfunctions.basic.code
.tex)
(/usr/share/texlive/texmf-dist/tex/generic/pgf/math/pgfmathfunctions.trigonomet
ric.code.tex)
(/usr/share/texlive/texmf-dist/tex/generic/pgf/math/pgfmathfunctions.random.cod
e.tex)
(/usr/share/texlive/texmf-dist/tex/generic/pgf/math/pgfmathfunctions.comparison
.code.tex)
(/usr/share/texlive/texmf-dist/tex/generic/pgf/math/pgfmathfunctions.base.code.
tex)
(/usr/share/texlive/texmf-dist/tex/generic/pgf/math/pgfmathfunctions.round.code
.tex)
(/usr/share/texlive/texmf-dist/tex/generic/pgf/math/pgfmathfunctions.misc.code.
tex)
(/usr/share/texlive/texmf-dist/tex/generic/pgf/math/pgfmathfunctions.integerari
thmetics.code.tex)))
(/usr/share/texlive/texmf-dist/tex/generic/pgf/math/pgfmathfloat.code.tex
\c@pgfmathroundto@lastzeros=\count288
))
(/usr/share/texlive/texmf-dist/tex/generic/pgf/math/pgfint.code.tex)
(/usr/share/texlive/texmf-dist/tex/generic/pgf/basiclayer/pgfcorepoints.code.te
x
File: pgfcorepoints.code.tex 2020/12/27 v3.1.8b (3.1.8b)
\pgf@picminx=\dimen173
\pgf@picmaxx=\dimen174
\pgf@picminy=\dimen175
\pgf@picmaxy=\dimen176
\pgf@pathminx=\dimen177
\pgf@pathmaxx=\dimen178
\pgf@pathminy=\dimen179
\pgf@pathmaxy=\dimen180
\pgf@xx=\dimen181
\pgf@xy=\dimen182
\pgf@yx=\dimen183
\pgf@yy=\dimen184
\pgf@zx=\dimen185
\pgf@zy=\dimen186
)
(/usr/share/texlive/texmf-dist/tex/generic/pgf/basiclayer/pgfcorepathconstruct.
code.tex
File: pgfcorepathconstruct.code.tex 2020/12/27 v3.1.8b (3.1.8b)
\pgf@path@lastx=\dimen187
\pgf@path@lasty=\dimen188
)
(/usr/share/texlive/texmf-dist/tex/generic/pgf/basiclayer/pgfcorepathusage.code
.tex
File: pgfcorepathusage.code.tex 2020/12/27 v3.1.8b (3.1.8b)
\pgf@shorten@end@additional=\dimen189
\pgf@shorten@start@additional=\dimen190
)
(/usr/share/texlive/texmf-dist/tex/generic/pgf/basiclayer/pgfcorescopes.code.te
x
File: pgfcorescopes.code.tex 2020/12/27 v3.1.8b (3.1.8b)
\pgfpic=\box57
\pgf@hbox=\box58
\pgf@layerbox@main=\box59
\pgf@picture@serial@count=\count289
)
(/usr/share/texlive/texmf-dist/tex/generic/pgf/basiclayer/pgfcoregraphicstate.c
ode.tex
File: pgfcoregraphicstate.code.tex 2020/12/27 v3.1.8b (3.1.8b)
\pgflinewidth=\dimen191
)
(/usr/share/texlive/texmf-dist/tex/generic/pgf/basiclayer/pgfcoretransformation
s.code.tex
File: pgfcoretransformations.code.tex 2020/12/27 v3.1.8b (3.1.8b)
\pgf@pt@x=\dimen192
\pgf@pt@y=\dimen193
\pgf@pt@temp=\dimen194
)
(/usr/share/texlive/texmf-dist/tex/generic/pgf/basiclayer/pgfcorequick.code.tex
File: pgfcorequick.code.tex 2020/12/27 v3.1.8b (3.1.8b)
)
(/usr/share/texlive/texmf-dist/tex/generic/pgf/basiclayer/pgfcoreobjects.code.t
ex
File: pgfcoreobjects.code.tex 2020/12/27 v3.1.8b (3.1.8b)
)
(/usr/share/texlive/texmf-dist/tex/generic/pgf/basiclayer/pgfcorepathprocessing
.code.tex
File: pgfcorepathprocessing.code.tex 2020/12/27 v3.1.8b (3.1.8b)
)
(/usr/share/texlive/texmf-dist/tex/generic/pgf/basiclayer/pgfcorearrows.code.te
x
File: pgfcorearrows.code.tex 2020/12/27 v3.1.8b (3.1.8b)
\pgfarrowsep=\dimen195
)
(/usr/share/texlive/texmf-dist/tex/generic/pgf/basiclayer/pgfcoreshade.code.tex
File: pgfcoreshade.code.tex 2020/12/27 v3.1.8b (3.1.8b)
\pgf@max=\dimen196
\pgf@sys@shading@range@num=\count290
\pgf@shadingcount=\count291
)
(/usr/share/texlive/texmf-dist/tex/generic/pgf/basiclayer/pgfcoreimage.code.tex
File: pgfcoreimage.code.tex 2020/12/27 v3.1.8b (3.1.8b)

(/usr/share/texlive/texmf-dist/tex/generic/pgf/basiclayer/pgfcoreexternal.code.
tex
File: pgfcoreexternal.code.tex 2020/12/27 v3.1.8b (3.1.8b)
\pgfexternal@startupbox=\box60
))
(/usr/share/texlive/texmf-dist/tex/generic/pgf/basiclayer/pgfcorelayers.code.te
x
File: pgfcorelayers.code.tex 2020/12/27 v3.1.8b (3.1.8b)
)
(/usr/share/texlive/texmf-dist/tex/generic/pgf/basiclayer/pgfcoretransparency.c
ode.tex
File: pgfcoretransparency.code.tex 2020/12/27 v3.1.8b (3.1.8b)
)
(/usr/share/texlive/texmf-dist/tex/generic/pgf/basiclayer/pgfcorepatterns.code.
tex
File: pgfcorepatterns.code.tex 2020/12/27 v3.1.8b (3.1.8b)
)
(/usr/share/texlive/texmf-dist/tex/generic/pgf/basiclayer/pgfcorerdf.code.tex
File: pgfcorerdf.code.tex 2020/12/27 v3.1.8b (3.1.8b)
)))
(/usr/share/texlive/texmf-dist/tex/generic/pgf/modules/pgfmoduleshapes.code.tex
File: pgfmoduleshapes.code.tex 2020/12/27 v3.1.8b (3.1.8b)
\pgfnodeparttextbox=\box61
) (/usr/share/texlive/texmf-dist/tex/generic/pgf/modules/pgfmoduleplot.code.tex
File: pgfmoduleplot.code.tex 2020/12/27 v3.1.8b (3.1.8b)
)
(/usr/share/texlive/texmf-dist/tex/latex/pgf/compatibility/pgfcomp-version-0-65
.sty
Package: pgfcomp-version-0-65 2020/12/27 v3.1.8b (3.1.8b)
\pgf@nodesepstart=\dimen197
\pgf@nodesepend=\dimen198
)
(/usr/share/texlive/texmf-dist/tex/latex/pgf/compatibility/pgfcomp-version-1-18
.sty
Package: pgfcomp-version-1-18 2020/12/27 v3.1.8b (3.1.8b)
)) (/usr/share/texlive/texmf-dist/tex/latex/pgf/utilities/pgffor.sty
(/usr/share/texlive/texmf-dist/tex/latex/pgf/utilities/pgfkeys.sty
(/usr/share/texlive/texmf-dist/tex/generic/pgf/utilities/pgfkeys.code.tex))
(/usr/share/texlive/texmf-dist/tex/latex/pgf/math/pgfmath.sty
(/usr/share/texlive/texmf-dist/tex/generic/pgf/math/pgfmath.code.tex))
(/usr/share/texlive/texmf-dist/tex/generic/pgf/utilities/pgffor.code.tex
Package: pgffor 2020/12/27 v3.1.8b (3.1.8b)

(/usr/share/texlive/texmf-dist/tex/generic/pgf/math/pgfmath.code.tex)
\pgffor@iter=\dimen199
\pgffor@skip=\dimen256
\pgffor@stack=\toks39
\pgffor@toks=\toks40
))
(/usr/share/texlive/texmf-dist/tex/generic/pgf/frontendlayer/tikz/tikz.code.tex
Package: tikz 2020/12/27 v3.1.8b (3.1.8b)

(/usr/share/texlive/texmf-dist/tex/generic/pgf/libraries/pgflibraryplothandlers
.code.tex
File: pgflibraryplothandlers.code.tex 2020/12/27 v3.1.8b (3.1.8b)
\pgf@plot@mark@count=\count292
\pgfplotmarksize=\dimen257
)
\tikz@lastx=\dimen258
\tikz@lasty=\dimen259
\tikz@lastxsaved=\dimen260
\tikz@lastysaved=\dimen261
\tikz@lastmovetox=\dimen262
\tikz@lastmovetoy=\dimen263
\tikzleveldistance=\dimen264
\tikzsiblingdistance=\dimen265
\tikz@figbox=\box62
\tikz@figbox@bg=\box63
\tikz@tempbox=\box64
\tikz@tempbox@bg=\box65
\tikztreelevel=\count293
\tikznumberofchildren=\count294
\tikznumberofcurrentchild=\count295
\tikz@fig@count=\count296

(/usr/share/texlive/texmf-dist/tex/generic/pgf/modules/pgfmodulematrix.code.tex
File: pgfmodulematrix.code.tex 2020/12/27 v3.1.8b (3.1.8b)
\pgfmatrixcurrentrow=\count297
\pgfmatrixcurrentcolumn=\count298
\pgf@matrix@numberofcolumns=\count299
)
\tikz@expandcount=\count300

(/usr/share/texlive/texmf-dist/tex/generic/pgf/frontendlayer/tikz/libraries/tik
zlibrarytopaths.code.tex
File: tikzlibrarytopaths.code.tex 2020/12/27 v3.1.8b (3.1.8b)
)))
(/usr/share/texlive/texmf-dist/tex/latex/pgfplots/pgfplots.sty
(/usr/share/texlive/texmf-dist/tex/generic/pgfplots/pgfplots.revision.tex)
Package: pgfplots 2020/02/29 v1.17 Data Visualization (1.17)

(/usr/share/texlive/texmf-dist/tex/generic/pgfplots/pgfplots.code.tex
(/usr/share/texlive/texmf-dist/tex/generic/pgfplots/pgfplotscore.code.tex
\t@pgfplots@toka=\toks41
\t@pgfplots@tokb=\toks42
\t@pgfplots@tokc=\toks43
\pgfplots@tmpa=\dimen266
\c@pgfplots@coordindex=\count301
\c@pgfplots@scanlineindex=\count302

(/usr/share/texlive/texmf-dist/tex/generic/pgfplots/sys/pgfplotssysgeneric.code
.tex))
(/usr/share/texlive/texmf-dist/tex/generic/pgfplots/libs/pgfplotslibrary.code.t
ex)
(/usr/share/texlive/texmf-dist/tex/generic/pgfplots/oldpgfcompatib/pgfplotsoldp
gfsupp_loader.code.tex
(/usr/share/texlive/texmf-dist/tex/generic/pgf/libraries/pgflibraryfpu.code.tex
))
(/usr/share/texlive/texmf-dist/tex/generic/pgfplots/util/pgfplotsutil.code.tex
(/usr/share/texlive/texmf-dist/tex/generic/pgfplots/liststructure/pgfplotslists
tructure.code.tex)
(/usr/share/texlive/texmf-dist/tex/generic/pgfplots/liststructure/pgfplotslists
tructureext.code.tex)
(/usr/share/texlive/texmf-dist/tex/generic/pgfplots/liststructure/pgfplotsarray
.code.tex
\c@pgfplotsarray@tmp=\count303
)
(/usr/share/texlive/texmf-dist/tex/generic/pgfplots/liststructure/pgfplotsmatri
x.code.tex)
(/usr/share/texlive/texmf-dist/tex/generic/pgfplots/numtable/pgfplotstableshare
d.code.tex
\c@pgfplotstable@counta=\count304
\t@pgfplotstable@a=\toks44
)
(/usr/share/texlive/texmf-dist/tex/generic/pgfplots/liststructure/pgfplotsdeque
.code.tex)
(/usr/share/texlive/texmf-dist/tex/generic/pgfplots/util/pgfplotsbinary.code.te
x
(/usr/share/texlive/texmf-dist/tex/generic/pgfplots/util/pgfplotsbinary.data.co
de.tex))
(/usr/share/texlive/texmf-dist/tex/generic/pgfplots/util/pgfplotsutil.verb.code
.tex)
(/usr/share/texlive/texmf-dist/tex/generic/pgfplots/libs/pgflibrarypgfplots.sur
fshading.code.tex
\c@pgfplotslibrarysurf@no=\count305

(/usr/share/texlive/texmf-dist/tex/generic/pgfplots/sys/pgflibrarypgfplots.surf
shading.pgfsys-pdftex.def)))
(/usr/share/texlive/texmf-dist/tex/generic/pgfplots/util/pgfplotscolormap.code.
tex
(/usr/share/texlive/texmf-dist/tex/generic/pgfplots/util/pgfplotscolor.code.tex
))
(/usr/share/texlive/texmf-dist/tex/generic/pgfplots/pgfplotsstackedplots.code.t
ex)
(/usr/share/texlive/texmf-dist/tex/generic/pgfplots/pgfplotsplothandlers.code.t
ex
(/usr/share/texlive/texmf-dist/tex/generic/pgfplots/pgfplotsmeshplothandler.cod
e.tex
(/usr/share/texlive/texmf-dist/tex/generic/pgfplots/pgfplotsmeshplotimage.code.
tex)))
(/usr/share/texlive/texmf-dist/tex/generic/pgfplots/pgfplots.scaling.code.tex)
(/usr/share/texlive/texmf-dist/tex/generic/pgfplots/pgfplotscoordprocessing.cod
e.tex)
(/usr/share/texlive/texmf-dist/tex/generic/pgfplots/pgfplots.errorbars.code.tex
) (/usr/share/texlive/texmf-dist/tex/generic/pgfplots/pgfplots.markers.code.tex
) (/usr/share/texlive/texmf-dist/tex/generic/pgfplots/pgfplotsticks.code.tex)
(/usr/share/texlive/texmf-dist/tex/generic/pgfplots/pgfplots.paths.code.tex)
(/usr/share/texlive/texmf-dist/tex/generic/pgf/frontendlayer/tikz/libraries/tik
zlibrarydecorations.code.tex
(/usr/share/texlive/texmf-dist/tex/generic/pgf/modules/pgfmoduledecorations.cod
e.tex
\pgfdecoratedcompleteddistance=\dimen267
\pgfdecoratedremainingdistance=\dimen268
\pgfdecoratedinputsegmentcompleteddistance=\dimen269
\pgfdecoratedinputsegmentremainingdistance=\dimen270
\pgf@decorate@distancetomove=\dimen271
\pgf@decorate@repeatstate=\count306
\pgfdecorationsegmentamplitude=\dimen272
\pgfdecorationsegmentlength=\dimen273
)
\tikz@lib@dec@box=\box66
)
(/usr/share/texlive/texmf-dist/tex/generic/pgf/frontendlayer/tikz/libraries/tik
zlibrarydecorations.pathmorphing.code.tex
(/usr/share/texlive/texmf-dist/tex/generic/pgf/libraries/decorations/pgflibrary
decorations.pathmorphing.code.tex))
(/usr/share/texlive/texmf-dist/tex/generic/pgf/frontendlayer/tikz/libraries/tik
zlibrarydecorations.pathreplacing.code.tex
(/usr/share/texlive/texmf-dist/tex/generic/pgf/libraries/decorations/pgflibrary
decorations.pathreplacing.code.tex))
\pgfplots@numplots=\count307
\pgfplots@xmin@reg=\dimen274
\pgfplots@xmax@reg=\dimen275
\pgfplots@ymin@reg=\dimen276
\pgfplots@ymax@reg=\dimen277
\pgfplots@zmin@reg=\dimen278
\pgfplots@zmax@reg=\dimen279
)
(/usr/share/texlive/texmf-dist/tex/generic/pgf/frontendlayer/tikz/libraries/tik
zlibraryplotmarks.code.tex
File: tikzlibraryplotmarks.code.tex 2020/12/27 v3.1.8b (3.1.8b)

(/usr/share/texlive/texmf-dist/tex/generic/pgf/libraries/pgflibraryplotmarks.co
de.tex
File: pgflibraryplotmarks.code.tex 2020/12/27 v3.1.8b (3.1.8b)
)))
(/usr/share/texlive/texmf-dist/tex/generic/pgf/frontendlayer/tikz/libraries/tik
zlibrarysnakes.code.tex
File: tikzlibrarysnakes.code.tex 2020/12/27 v3.1.8b (3.1.8b)


Package pgf Warning: Snakes have been superseded by decorations. Please use the
 decoration libraries instead of the snakes library on input line 14.


(/usr/share/texlive/texmf-dist/tex/generic/pgf/frontendlayer/tikz/libraries/tik
zlibrarydecorations.shapes.code.tex
(/usr/share/texlive/texmf-dist/tex/generic/pgf/libraries/decorations/pgflibrary
decorations.shapes.code.tex)))
(/usr/share/texlive/texmf-dist/tex/generic/pgf/frontendlayer/tikz/libraries/tik
zlibraryarrows.code.tex
File: tikzlibraryarrows.code.tex 2020/12/27 v3.1.8b (3.1.8b)

(/usr/share/texlive/texmf-dist/tex/generic/pgf/libraries/pgflibraryarrows.code.
tex
File: pgflibraryarrows.code.tex 2020/12/27 v3.1.8b (3.1.8b)
\arrowsize=\dimen280
))
(/usr/share/texlive/texmf-dist/tex/generic/pgf/frontendlayer/tikz/libraries/tik
zlibraryshapes.code.tex
File: tikzlibraryshapes.code.tex 2020/12/27 v3.1.8b (3.1.8b)

(/usr/share/texlive/texmf-dist/tex/generic/pgf/frontendlayer/tikz/libraries/tik
zlibraryshapes.geometric.code.tex
File: tikzlibraryshapes.geometric.code.tex 2020/12/27 v3.1.8b (3.1.8b)

(/usr/share/texlive/texmf-dist/tex/generic/pgf/libraries/shapes/pgflibraryshape
s.geometric.code.tex
File: pgflibraryshapes.geometric.code.tex 2020/12/27 v3.1.8b (3.1.8b)
))
(/usr/share/texlive/texmf-dist/tex/generic/pgf/frontendlayer/tikz/libraries/tik
zlibraryshapes.misc.code.tex
File: tikzlibraryshapes.misc.code.tex 2020/12/27 v3.1.8b (3.1.8b)

(/usr/share/texlive/texmf-dist/tex/generic/pgf/libraries/shapes/pgflibraryshape
s.misc.code.tex
File: pgflibraryshapes.misc.code.tex 2020/12/27 v3.1.8b (3.1.8b)
))
(/usr/share/texlive/texmf-dist/tex/generic/pgf/frontendlayer/tikz/libraries/tik
zlibraryshapes.symbols.code.tex
File: tikzlibraryshapes.symbols.code.tex 2020/12/27 v3.1.8b (3.1.8b)

(/usr/share/texlive/texmf-dist/tex/generic/pgf/libraries/shapes/pgflibraryshape
s.symbols.code.tex
File: pgflibraryshapes.symbols.code.tex 2020/12/27 v3.1.8b (3.1.8b)
))
(/usr/share/texlive/texmf-dist/tex/generic/pgf/frontendlayer/tikz/libraries/tik
zlibraryshapes.arrows.code.tex
File: tikzlibraryshapes.arrows.code.tex 2020/12/27 v3.1.8b (3.1.8b)

(/usr/share/texlive/texmf-dist/tex/generic/pgf/libraries/shapes/pgflibraryshape
s.arrows.code.tex
File: pgflibraryshapes.arrows.code.tex 2020/12/27 v3.1.8b (3.1.8b)
))
(/usr/share/texlive/texmf-dist/tex/generic/pgf/frontendlayer/tikz/libraries/tik
zlibraryshapes.callouts.code.tex
(/usr/share/texlive/texmf-dist/tex/generic/pgf/libraries/shapes/pgflibraryshape
s.callouts.code.tex))
(/usr/share/texlive/texmf-dist/tex/generic/pgf/frontendlayer/tikz/libraries/tik
zlibraryshapes.multipart.code.tex
File: tikzlibraryshapes.multipart.code.tex 2020/12/27 v3.1.8b (3.1.8b)

(/usr/share/texlive/texmf-dist/tex/generic/pgf/libraries/shapes/pgflibraryshape
s.multipart.code.tex
File: pgflibraryshapes.multipart.code.tex 2020/12/27 v3.1.8b (3.1.8b)
\pgfnodepartlowerbox=\box67
\pgfnodeparttwobox=\box68
\pgfnodepartthreebox=\box69
\pgfnodepartfourbox=\box70
\pgfnodeparttwentybox=\box71
\pgfnodepartnineteenbox=\box72
\pgfnodeparteighteenbox=\box73
\pgfnodepartseventeenbox=\box74
\pgfnodepartsixteenbox=\box75
\pgfnodepartfifteenbox=\box76
\pgfnodepartfourteenbox=\box77
\pgfnodepartthirteenbox=\box78
\pgfnodeparttwelvebox=\box79
\pgfnodepartelevenbox=\box80
\pgfnodeparttenbox=\box81
\pgfnodepartninebox=\box82
\pgfnodeparteightbox=\box83
\pgfnodepartsevenbox=\box84
\pgfnodepartsixbox=\box85
\pgfnodepartfivebox=\box86
)))
(/usr/share/texlive/texmf-dist/tex/latex/amsfonts/euscript.sty
Package: euscript 2009/06/22 v3.00 Euler Script fonts
LaTeX Font Info:    Overwriting math alphabet `\EuScript' in version `bold'
(Font)                  U/eus/m/n --> U/eus/b/n on input line 33.
)
(/usr/share/texlive/texmf-dist/tex/latex/caption/subcaption.sty
Package: subcaption 2020/10/07 v1.3j Sub-captions (AR)

(/usr/share/texlive/texmf-dist/tex/latex/caption/caption.sty
Package: caption 2020/10/26 v3.5g Customizing captions (AR)

(/usr/share/texlive/texmf-dist/tex/latex/caption/caption3.sty
Package: caption3 2020/10/21 v2.2e caption3 kernel (AR)
\captionmargin=\dimen281
\captionmargin@=\dimen282
\captionwidth=\dimen283
\caption@tempdima=\dimen284
\caption@indent=\dimen285
\caption@parindent=\dimen286
\caption@hangindent=\dimen287
Package caption Info: Unknown document class (or package),
(caption)             standard defaults will be used.
Package caption Info: \@makecaption = \long macro:#1#2->\def \@makecapnum ##1##
2{{\normalfont \slshape {\bfseries ##1\DRDC@colon }\ ##2}}\vskip \abovecaptions
kip \begingroup \setlength \DRDC@captionsize {\capfraction \hsize }\setlength \
DRDC@captionmargin {0.5\hsize }\addtolength \DRDC@captionmargin {-0.5\DRDC@capt
ionsize }\sbox \DRDC@box {\@makecapnum {#1}{#2}}\ifdim \wd \DRDC@box >\DRDC@cap
tionsize {\captionflush \advance \leftskip \DRDC@captionmargin \advance \rights
kip \DRDC@captionmargin \@makecapnum {#1}{#2}\par }\else \global \@minipagefals
e \hb@xt@ \hsize {\hfil \box \DRDC@box \hfil }\fi \endgroup \vskip \belowcaptio
nskip  on input line 1139.
Package caption Info: french babel package is loaded.
)

Package caption Warning: Unknown document class (or package),
(caption)                standard defaults will be used.
See the caption package documentation for explanation.

\c@caption@flags=\count308
\c@continuedfloat=\count309
)
\c@subfigure=\count310
\c@subtable=\count311
) (/usr/share/texlive/texmf-dist/tex/latex/dblfloatfix/dblfloatfix.sty
Package: dblfloatfix 2012/12/31 v1.0a (JAW)

(/usr/share/texlive/texmf-dist/tex/latex/base/fixltx2e.sty
Package: fixltx2e 2016/12/29 v2.1a fixes to LaTeX (obsolete)
Applying: [2015/01/01] Old fixltx2e package on input line 46.


Package fixltx2e Warning: fixltx2e is not required with releases after 2015
(fixltx2e)                All fixes are now in the LaTeX kernel.
(fixltx2e)                See the latexrelease package for details.

Already applied: [0000/00/00] Old fixltx2e package on input line 53.
)
\@dblbotnum=\count312
\c@dblbotnumber=\count313
) (/usr/share/texlive/texmf-dist/tex/latex/tools/array.sty
Package: array 2020/10/01 v2.5c Tabular extension package (FMi)
\col@sep=\dimen288
\ar@mcellbox=\box87
\extrarowheight=\dimen289
\NC@list=\toks45
\extratabsurround=\skip89
\backup@length=\skip90
\ar@cellbox=\box88
)
(/usr/share/texlive/texmf-dist/tex/latex/tools/hhline.sty
Package: hhline 2020/01/04 v2.04 Table rule package (DPC)
)
(/usr/share/texlive/texmf-dist/tex/generic/ulem/ulem.sty
\UL@box=\box89
\UL@hyphenbox=\box90
\UL@skip=\skip91
\UL@hook=\toks46
\UL@height=\dimen290
\UL@pe=\count314
\UL@pixel=\dimen291
\ULC@box=\box91
Package: ulem 2019/11/18
\ULdepth=\dimen292
)
(/usr/share/texlive/texmf-dist/tex/latex/graphics/rotating.sty
Package: rotating 2016/08/11 v2.16d rotated objects in LaTeX
\c@r@tfl@t=\count315
\rotFPtop=\skip92
\rotFPbot=\skip93
\rot@float@box=\box92
\rot@mess@toks=\toks47
)
(/usr/share/texlive/texmf-dist/tex/latex/marvosym/marvosym.sty
Package: marvosym 2011/07/20 v2.2 Martin Vogel's Symbols font definitions
)
(/usr/share/texlive/texmf-dist/tex/latex/multirow/multirow.sty
Package: multirow 2021/01/29 v2.7 Span multiple rows of a table
\multirow@colwidth=\skip94
\multirow@cntb=\count316
\multirow@dima=\skip95
\bigstrutjot=\dimen293
)
(/usr/share/texlive/texmf-dist/tex/latex/listings/listings.sty
\lst@mode=\count317
\lst@gtempboxa=\box93
\lst@token=\toks48
\lst@length=\count318
\lst@currlwidth=\dimen294
\lst@column=\count319
\lst@pos=\count320
\lst@lostspace=\dimen295
\lst@width=\dimen296
\lst@newlines=\count321
\lst@lineno=\count322
\lst@maxwidth=\dimen297

(/usr/share/texlive/texmf-dist/tex/latex/listings/lstmisc.sty
File: lstmisc.sty 2020/03/24 1.8d (Carsten Heinz)
\c@lstnumber=\count323
\lst@skipnumbers=\count324
\lst@framebox=\box94
)
(/usr/share/texlive/texmf-dist/tex/latex/listings/listings.cfg
File: listings.cfg 2020/03/24 1.8d listings configuration
))
Package: listings 2020/03/24 1.8d (Carsten Heinz)

(/usr/share/texlive/texmf-dist/tex/latex/biblatex/biblatex.sty
Package: biblatex 2020/12/31 v3.16 programmable bibliographies (PK/MW)

(/usr/share/texlive/texmf-dist/tex/generic/pdftexcmds/pdftexcmds.sty
Package: pdftexcmds 2020-06-27 v0.33 Utility functions of pdfTeX for LuaTeX (HO
)

(/usr/share/texlive/texmf-dist/tex/generic/infwarerr/infwarerr.sty
Package: infwarerr 2019/12/03 v1.5 Providing info/warning/error messages (HO)
)
(/usr/share/texlive/texmf-dist/tex/generic/ltxcmds/ltxcmds.sty
Package: ltxcmds 2020-05-10 v1.25 LaTeX kernel commands for general use (HO)
)
Package pdftexcmds Info: \pdf@primitive is available.
Package pdftexcmds Info: \pdf@ifprimitive is available.
Package pdftexcmds Info: \pdfdraftmode found.
)
(/usr/share/texlive/texmf-dist/tex/latex/etoolbox/etoolbox.sty
Package: etoolbox 2020/10/05 v2.5k e-TeX tools for LaTeX (JAW)
\etb@tempcnta=\count325
)
(/usr/share/texlive/texmf-dist/tex/latex/kvoptions/kvoptions.sty
Package: kvoptions 2020-10-07 v3.14 Key value format for package options (HO)

(/usr/share/texlive/texmf-dist/tex/generic/kvsetkeys/kvsetkeys.sty
Package: kvsetkeys 2019/12/15 v1.18 Key value parser (HO)
))
(/usr/share/texlive/texmf-dist/tex/latex/logreq/logreq.sty
Package: logreq 2010/08/04 v1.0 xml request logger
\lrq@indent=\count326

(/usr/share/texlive/texmf-dist/tex/latex/logreq/logreq.def
File: logreq.def 2010/08/04 v1.0 logreq spec v1.0
))
(/usr/share/texlive/texmf-dist/tex/latex/url/url.sty
\Urlmuskip=\muskip17
Package: url 2013/09/16  ver 3.4  Verb mode for urls, etc.
)
\c@tabx@nest=\count327
\c@listtotal=\count328
\c@listcount=\count329
\c@liststart=\count330
\c@liststop=\count331
\c@citecount=\count332
\c@citetotal=\count333
\c@multicitecount=\count334
\c@multicitetotal=\count335
\c@instcount=\count336
\c@maxnames=\count337
\c@minnames=\count338
\c@maxitems=\count339
\c@minitems=\count340
\c@citecounter=\count341
\c@maxcitecounter=\count342
\c@savedcitecounter=\count343
\c@uniquelist=\count344
\c@uniquename=\count345
\c@refsection=\count346
\c@refsegment=\count347
\c@maxextratitle=\count348
\c@maxextratitleyear=\count349
\c@maxextraname=\count350
\c@maxextradate=\count351
\c@maxextraalpha=\count352
\c@abbrvpenalty=\count353
\c@highnamepenalty=\count354
\c@lownamepenalty=\count355
\c@maxparens=\count356
\c@parenlevel=\count357
\blx@tempcnta=\count358
\blx@tempcntb=\count359
\blx@tempcntc=\count360
\blx@maxsection=\count361
\blx@maxsegment@0=\count362
\blx@notetype=\count363
\blx@parenlevel@text=\count364
\blx@parenlevel@foot=\count365
\blx@sectionciteorder@0=\count366
\blx@entrysetcounter=\count367
\blx@biblioinstance=\count368
\labelnumberwidth=\skip96
\labelalphawidth=\skip97
\biblabelsep=\skip98
\bibitemsep=\skip99
\bibnamesep=\skip100
\bibinitsep=\skip101
\bibparsep=\skip102
\bibhang=\skip103
\blx@bcfin=\read4
\blx@bcfout=\write4
\blx@langwohyphens=\language33
\c@mincomprange=\count369
\c@maxcomprange=\count370
\c@mincompwidth=\count371
Package biblatex Info: Trying to load biblatex default data model...
Package biblatex Info: ... file 'blx-dm.def' found.

(/usr/share/texlive/texmf-dist/tex/latex/biblatex/blx-dm.def
File: blx-dm.def 2020/12/31 v3.16 biblatex localization (PK/MW)
)
Package biblatex Info: Trying to load biblatex style data model...
Package biblatex Info: ... file 'numeric.dbx' not found.
Package biblatex Info: Trying to load biblatex custom data model...
Package biblatex Info: ... file 'biblatex-dm.cfg' not found.
\c@afterword=\count372
\c@savedafterword=\count373
\c@annotator=\count374
\c@savedannotator=\count375
\c@author=\count376
\c@savedauthor=\count377
\c@bookauthor=\count378
\c@savedbookauthor=\count379
\c@commentator=\count380
\c@savedcommentator=\count381
\c@editor=\count382
\c@savededitor=\count383
\c@editora=\count384
\c@savededitora=\count385
\c@editorb=\count386
\c@savededitorb=\count387
\c@editorc=\count388
\c@savededitorc=\count389
\c@foreword=\count390
\c@savedforeword=\count391
\c@holder=\count392
\c@savedholder=\count393
\c@introduction=\count394
\c@savedintroduction=\count395
\c@namea=\count396
\c@savednamea=\count397
\c@nameb=\count398
\c@savednameb=\count399
\c@namec=\count400
\c@savednamec=\count401
\c@translator=\count402
\c@savedtranslator=\count403
\c@shortauthor=\count404
\c@savedshortauthor=\count405
\c@shorteditor=\count406
\c@savedshorteditor=\count407
\c@labelname=\count408
\c@savedlabelname=\count409
\c@institution=\count410
\c@savedinstitution=\count411
\c@lista=\count412
\c@savedlista=\count413
\c@listb=\count414
\c@savedlistb=\count415
\c@listc=\count416
\c@savedlistc=\count417
\c@listd=\count418
\c@savedlistd=\count419
\c@liste=\count420
\c@savedliste=\count421
\c@listf=\count422
\c@savedlistf=\count423
\c@location=\count424
\c@savedlocation=\count425
\c@organization=\count426
\c@savedorganization=\count427
\c@origlocation=\count428
\c@savedoriglocation=\count429
\c@origpublisher=\count430
\c@savedorigpublisher=\count431
\c@publisher=\count432
\c@savedpublisher=\count433
\c@language=\count434
\c@savedlanguage=\count435
\c@origlanguage=\count436
\c@savedoriglanguage=\count437
\c@pageref=\count438
\c@savedpageref=\count439
\shorthandwidth=\skip104
\shortjournalwidth=\skip105
\shortserieswidth=\skip106
\shorttitlewidth=\skip107
\shortauthorwidth=\skip108
\shorteditorwidth=\skip109
\locallabelnumberwidth=\skip110
\locallabelalphawidth=\skip111
\localshorthandwidth=\skip112
\localshortjournalwidth=\skip113
\localshortserieswidth=\skip114
\localshorttitlewidth=\skip115
\localshortauthorwidth=\skip116
\localshorteditorwidth=\skip117
Package biblatex Info: Trying to load compatibility code...
Package biblatex Info: ... file 'blx-compat.def' found.

(/usr/share/texlive/texmf-dist/tex/latex/biblatex/blx-compat.def
File: blx-compat.def 2020/12/31 v3.16 biblatex compatibility (PK/MW)
)
Package biblatex Info: Trying to load generic definitions...
Package biblatex Info: ... file 'biblatex.def' found.

(/usr/share/texlive/texmf-dist/tex/latex/biblatex/biblatex.def
File: biblatex.def 2020/12/31 v3.16 biblatex compatibility (PK/MW)
\c@textcitecount=\count440
\c@textcitetotal=\count441
\c@textcitemaxnames=\count442
\c@biburlbigbreakpenalty=\count443
\c@biburlbreakpenalty=\count444
\c@biburlnumpenalty=\count445
\c@biburlucpenalty=\count446
\c@biburllcpenalty=\count447
\biburlbigskip=\muskip18
\biburlnumskip=\muskip19
\biburlucskip=\muskip20
\biburllcskip=\muskip21
\c@smartand=\count448
)
Package biblatex Info: Trying to load bibliography style 'numeric'...
Package biblatex Info: ... file 'numeric.bbx' found.

(/usr/share/texlive/texmf-dist/tex/latex/biblatex/bbx/numeric.bbx
File: numeric.bbx 2020/12/31 v3.16 biblatex bibliography style (PK/MW)
Package biblatex Info: Trying to load bibliography style 'standard'...
Package biblatex Info: ... file 'standard.bbx' found.

(/usr/share/texlive/texmf-dist/tex/latex/biblatex/bbx/standard.bbx
File: standard.bbx 2020/12/31 v3.16 biblatex bibliography style (PK/MW)
\c@bbx:relatedcount=\count449
\c@bbx:relatedtotal=\count450
))
Package biblatex Info: Trying to load citation style 'numeric-comp'...
Package biblatex Info: ... file 'numeric-comp.cbx' found.

(/usr/share/texlive/texmf-dist/tex/latex/biblatex/cbx/numeric-comp.cbx
File: numeric-comp.cbx 2020/12/31 v3.16 biblatex citation style (PK/MW)
\c@cbx@tempcnta=\count451
\c@cbx@tempcntb=\count452
\c@cbx@tempcntc=\count453
\c@cbx@tempcntd=\count454
Package biblatex Info: Redefining '\cite'.
Package biblatex Info: Redefining '\parencite'.
Package biblatex Info: Redefining '\footcite'.
Package biblatex Info: Redefining '\footcitetext'.
Package biblatex Info: Redefining '\smartcite'.
Package biblatex Info: Redefining '\supercite'.
Package biblatex Info: Redefining '\textcite'.
Package biblatex Info: Redefining '\textcites'.
Package biblatex Info: Redefining '\cites'.
Package biblatex Info: Redefining '\parencites'.
Package biblatex Info: Redefining '\smartcites'.
)
Package biblatex Info: Trying to load configuration file...
Package biblatex Info: ... file 'biblatex.cfg' found.

(/usr/share/texlive/texmf-dist/tex/latex/biblatex/biblatex.cfg
File: biblatex.cfg 
))
(/usr/share/texlive/texmf-dist/tex/latex/hyperref/hyperref.sty
Package: hyperref 2020-05-15 v7.00e Hypertext links for LaTeX

(/usr/share/texlive/texmf-dist/tex/generic/kvdefinekeys/kvdefinekeys.sty
Package: kvdefinekeys 2019-12-19 v1.6 Define keys (HO)
)
(/usr/share/texlive/texmf-dist/tex/generic/pdfescape/pdfescape.sty
Package: pdfescape 2019/12/09 v1.15 Implements pdfTeX's escape features (HO)
)
(/usr/share/texlive/texmf-dist/tex/latex/hycolor/hycolor.sty
Package: hycolor 2020-01-27 v1.10 Color options for hyperref/bookmark (HO)
)
(/usr/share/texlive/texmf-dist/tex/latex/letltxmacro/letltxmacro.sty
Package: letltxmacro 2019/12/03 v1.6 Let assignment for LaTeX macros (HO)
)
(/usr/share/texlive/texmf-dist/tex/latex/auxhook/auxhook.sty
Package: auxhook 2019-12-17 v1.6 Hooks for auxiliary files (HO)
)
\@linkdim=\dimen298
\Hy@linkcounter=\count455
\Hy@pagecounter=\count456

(/usr/share/texlive/texmf-dist/tex/latex/hyperref/pd1enc.def
File: pd1enc.def 2020-05-15 v7.00e Hyperref: PDFDocEncoding definition (HO)
Now handling font encoding PD1 ...
... no UTF-8 mapping file for font encoding PD1
)
(/usr/share/texlive/texmf-dist/tex/generic/intcalc/intcalc.sty
Package: intcalc 2019/12/15 v1.3 Expandable calculations with integers (HO)
)
(/usr/share/texlive/texmf-dist/tex/generic/etexcmds/etexcmds.sty
Package: etexcmds 2019/12/15 v1.7 Avoid name clashes with e-TeX commands (HO)
)
\Hy@SavedSpaceFactor=\count457
Package hyperref Info: Option `pdfa' set `true' on input line 4338.
Package hyperref Info: Option `draft' set `false' on input line 4338.
Package hyperref Info: Option `plainpages' set `false' on input line 4338.
Package hyperref Info: Option `colorlinks' set `true' on input line 4338.
Package hyperref Info: Option `raiselinks' set `true' on input line 4338.
Package hyperref Info: Option `bookmarksnumbered' set `true' on input line 4338
.
Package hyperref Info: Hyper figures OFF on input line 4464.
Package hyperref Info: Link nesting OFF on input line 4469.
Package hyperref Info: Hyper index ON on input line 4472.
Package hyperref Info: Plain pages OFF on input line 4479.
Package hyperref Info: Backreferencing OFF on input line 4484.
Package hyperref Info: Implicit mode ON; LaTeX internals redefined.
Package hyperref Info: Bookmarks ON on input line 4717.
\c@Hy@tempcnt=\count458
LaTeX Info: Redefining \url on input line 5076.
\XeTeXLinkMargin=\dimen299

(/usr/share/texlive/texmf-dist/tex/generic/bitset/bitset.sty
Package: bitset 2019/12/09 v1.3 Handle bit-vector datatype (HO)

(/usr/share/texlive/texmf-dist/tex/generic/bigintcalc/bigintcalc.sty
Package: bigintcalc 2019/12/15 v1.5 Expandable calculations on big integers (HO
)
))
\Fld@menulength=\count459
\Field@Width=\dimen300
\Fld@charsize=\dimen301
Package hyperref Info: Hyper figures OFF on input line 6347.
Package hyperref Info: Link nesting OFF on input line 6352.
Package hyperref Info: Hyper index ON on input line 6355.
Package hyperref Info: backreferencing OFF on input line 6362.
Package hyperref Info: Link coloring ON on input line 6365.
Package hyperref Info: Link coloring with OCG OFF on input line 6372.
Package hyperref Info: PDF/A mode ON on input line 6375.
LaTeX Info: Redefining \ref on input line 6417.
LaTeX Info: Redefining \pageref on input line 6421.

(/usr/share/texlive/texmf-dist/tex/latex/base/atbegshi-ltx.sty
Package: atbegshi-ltx 2020/08/17 v1.0a Emulation of the original atbegshi packa
ge
with kernel methods
)
\Hy@abspage=\count460
\c@Item=\count461
\c@Hfootnote=\count462
)
Package hyperref Info: Driver: hpdftex.

(/usr/share/texlive/texmf-dist/tex/latex/hyperref/hpdftex.def
File: hpdftex.def 2020-05-15 v7.00e Hyperref driver for pdfTeX

(/usr/share/texlive/texmf-dist/tex/latex/base/atveryend-ltx.sty
Package: atveryend-ltx 2020/08/19 v1.0a Emulation of the original atvery packag
e
with kernel methods
)
\Fld@listcount=\count463
\c@bookmark@seq@number=\count464

(/usr/share/texlive/texmf-dist/tex/latex/rerunfilecheck/rerunfilecheck.sty
Package: rerunfilecheck 2019/12/05 v1.9 Rerun checks for auxiliary files (HO)

(/usr/share/texlive/texmf-dist/tex/generic/uniquecounter/uniquecounter.sty
Package: uniquecounter 2019/12/15 v1.4 Provide unlimited unique counter (HO)
)
Package uniquecounter Info: New unique counter `rerunfilecheck' on input line 2
86.
)
\Hy@SectionHShift=\skip118
)
(./ishCommands.tex)
   defining Unicode char U+2212 (decimal 8722)


Package biblatex Warning: 'babel/polyglossia' detected but 'csquotes' missing.
(biblatex)                Loading 'csquotes' recommended.

\@quotelevel=\count465
\@quotereset=\count466
LaTeX Font Info:    Trying to load font information for T1+lmr on input line 14
0.
(/usr/share/texmf/tex/latex/lm/t1lmr.fd
File: t1lmr.fd 2009/10/30 v1.6 Font defs for Latin Modern
)
(/usr/share/texlive/texmf-dist/tex/latex/l3backend/l3backend-pdftex.def
File: l3backend-pdftex.def 2020-01-29 L3 backend support: PDF output (pdfTeX)
\l__color_backend_stack_int=\count467
\l__pdf_internal_box=\box95
)
(./DRDCArcSAR.aux)
\openout1 = `DRDCArcSAR.aux'.

LaTeX Font Info:    Checking defaults for OML/cmm/m/it on input line 140.
LaTeX Font Info:    ... okay on input line 140.
LaTeX Font Info:    Checking defaults for OMS/cmsy/m/n on input line 140.
LaTeX Font Info:    ... okay on input line 140.
LaTeX Font Info:    Checking defaults for OT1/cmr/m/n on input line 140.
LaTeX Font Info:    ... okay on input line 140.
LaTeX Font Info:    Checking defaults for T1/cmr/m/n on input line 140.
LaTeX Font Info:    ... okay on input line 140.
LaTeX Font Info:    Checking defaults for TS1/cmr/m/n on input line 140.
LaTeX Font Info:    ... okay on input line 140.
LaTeX Font Info:    Checking defaults for OMX/cmex/m/n on input line 140.
LaTeX Font Info:    ... okay on input line 140.
LaTeX Font Info:    Checking defaults for U/cmr/m/n on input line 140.
LaTeX Font Info:    ... okay on input line 140.
LaTeX Font Info:    Checking defaults for PD1/pdf/m/n on input line 140.
LaTeX Font Info:    ... okay on input line 140.

(/usr/share/texlive/texmf-dist/tex/context/base/mkii/supp-pdf.mkii
[Loading MPS to PDF converter (version 2006.09.02).]
\scratchcounter=\count468
\scratchdimen=\dimen302
\scratchbox=\box96
\nofMPsegments=\count469
\nofMParguments=\count470
\everyMPshowfont=\toks49
\MPscratchCnt=\count471
\MPscratchDim=\dimen303
\MPnumerator=\count472
\makeMPintoPDFobject=\count473
\everyMPtoPDFconversion=\toks50
) (/usr/share/texlive/texmf-dist/tex/latex/epstopdf-pkg/epstopdf-base.sty
Package: epstopdf-base 2020-01-24 v2.11 Base part for package epstopdf
Package epstopdf-base Info: Redefining graphics rule for `.eps' on input line 4
85.

(/usr/share/texlive/texmf-dist/tex/latex/latexconfig/epstopdf-sys.cfg
File: epstopdf-sys.cfg 2010/07/13 v1.3 Configuration of (r)epstopdf for TeX Liv
e
))
LaTeX Info: Redefining \degres on input line 140.
LaTeX Info: Redefining \dots on input line 140.
LaTeX Info: Redefining \up on input line 140.

(/usr/share/texlive/texmf-dist/tex/latex/tools/hhline.sty
Package: hhline 2020/01/04 v2.04 Table rule package (DPC)
)
Package pgfplots notification 'compat/show suggested version=true': you might b
enefit from \pgfplotsset{compat=1.17} (current compat level: 1.16).

Package caption Info: Begin \AtBeginDocument code.
Package caption Info: hyperref package is loaded.
Package caption Info: listings package is loaded.
Package caption Info: rotating package is loaded.
Package caption Info: End \AtBeginDocument code.
\c@lstlisting=\count474
Package biblatex Info: Trying to load language 'english'...
Package biblatex Info: ... file 'english.lbx' found.
(/usr/share/texlive/texmf-dist/tex/latex/biblatex/lbx/english.lbx
File: english.lbx 2020/12/31 v3.16 biblatex localization (PK/MW)
)
Package biblatex Info: Trying to load language 'frenchb'...
Package biblatex Info: ... file 'frenchb.lbx' not found.


Package biblatex Warning: Language 'frenchb' not supported.
(biblatex)                Using dummy definitions on input line 140.

Package biblatex Info: Trying to load language 'french'...
Package biblatex Info: ... file 'french.lbx' found.
(/usr/share/texlive/texmf-dist/tex/latex/biblatex/lbx/french.lbx
File: french.lbx 2020/12/31 v3.16 biblatex localization (PK/MW)
)
Package biblatex Info: Input encoding 'utf8' detected.
Package biblatex Info: Automatic encoding selection.
(biblatex)             Assuming data encoding 'utf8'.
Package biblatex Info: Document encoding is UTF8 ....

(/usr/share/texlive/texmf-dist/tex/latex/l3kernel/expl3.sty
Package: expl3 2021-01-09 L3 programming layer (loader) 
)
Package biblatex Info: ... and expl3
(biblatex)             2021-01-09 L3 programming layer (loader) 
(biblatex)             is new enough (at least 2020/04/06),
(biblatex)             setting 'casechanger=expl3'.

(/usr/share/texlive/texmf-dist/tex/latex/biblatex/blx-case-expl3.sty
(/usr/share/texlive/texmf-dist/tex/latex/l3packages/xparse/xparse.sty
Package: xparse 2020-10-27 L3 Experimental document command parser

(/usr/share/texlive/texmf-dist/tex/latex/l3packages/xparse/xparse-generic.tex))
Package: blx-case-expl3 2020/12/31 v3.16 expl3 case changing code for biblatex
)
\openout4 = `DRDCArcSAR.bcf'.

Package biblatex Info: Trying to load bibliographic data...
Package biblatex Info: ... file 'DRDCArcSAR.bbl' found.
 (./DRDCArcSAR.bbl)
Package biblatex Info: Reference section=0 on input line 140.
Package biblatex Info: Reference segment=0 on input line 140.
Package hyperref Info: Link coloring ON on input line 140.

(/usr/share/texlive/texmf-dist/tex/latex/hyperref/nameref.sty
Package: nameref 2019/09/16 v2.46 Cross-referencing by name of section

(/usr/share/texlive/texmf-dist/tex/latex/refcount/refcount.sty
Package: refcount 2019/12/15 v3.6 Data extraction from label references (HO)
)
(/usr/share/texlive/texmf-dist/tex/generic/gettitlestring/gettitlestring.sty
Package: gettitlestring 2019/12/15 v1.6 Cleanup title references (HO)
)
\c@section@level=\count475
)
LaTeX Info: Redefining \ref on input line 140.
LaTeX Info: Redefining \pageref on input line 140.
LaTeX Info: Redefining \nameref on input line 140.

(./DRDCArcSAR.out) (./DRDCArcSAR.out)
\@outlinefile=\write5
\openout5 = `DRDCArcSAR.out'.

\xmpinclWrite=\write6
\xmpinclRead=\read5
\openout6 = `drdc.xmpi'.

<<drdc.xmpi>>
LaTeX Font Info:    Trying to load font information for T1+phv on input line 14
3.

(/usr/share/texlive/texmf-dist/tex/latex/psnfss/t1phv.fd
File: t1phv.fd 2020/03/25 scalable font definitions for T1/phv.
)
LaTeX Font Info:    Font shape `T1/phv/m/n' will be
(Font)              scaled to size 10.40245pt on input line 143.
LaTeX Font Info:    Font shape `T1/phv/m/n' will be
(Font)              scaled to size 19.70294pt on input line 143.
LaTeX Font Info:    Font shape `T1/phv/b/n' will be
(Font)              scaled to size 19.70294pt on input line 143.
LaTeX Font Info:    Font shape `T1/phv/m/n' will be
(Font)              scaled to size 11.39996pt on input line 143.
LaTeX Font Info:    Font shape `T1/phv/m/sl' will be
(Font)              scaled to size 11.39996pt on input line 143.
LaTeX Font Info:    Trying to load font information for OT1+lmr on input line 1
43.

(/usr/share/texmf/tex/latex/lm/ot1lmr.fd
File: ot1lmr.fd 2009/10/30 v1.6 Font defs for Latin Modern
)
LaTeX Font Info:    Trying to load font information for OML+lmm on input line 1
43.

(/usr/share/texmf/tex/latex/lm/omllmm.fd
File: omllmm.fd 2009/10/30 v1.6 Font defs for Latin Modern
)
LaTeX Font Info:    Trying to load font information for OMS+lmsy on input line 
143.

(/usr/share/texmf/tex/latex/lm/omslmsy.fd
File: omslmsy.fd 2009/10/30 v1.6 Font defs for Latin Modern
)
LaTeX Font Info:    Trying to load font information for OMX+lmex on input line 
143.

(/usr/share/texmf/tex/latex/lm/omxlmex.fd
File: omxlmex.fd 2009/10/30 v1.6 Font defs for Latin Modern
)
LaTeX Font Info:    External font `lmex10' loaded for size
(Font)              <10.95> on input line 143.
LaTeX Font Info:    External font `lmex10' loaded for size
(Font)              <8> on input line 143.
LaTeX Font Info:    External font `lmex10' loaded for size
(Font)              <6> on input line 143.
LaTeX Font Info:    Font shape `T1/phv/m/n' will be
(Font)              scaled to size 9.49997pt on input line 143.
LaTeX Font Info:    Font shape `T1/phv/m/n' will be
(Font)              scaled to size 7.59998pt on input line 143.
LaTeX Font Info:    Font shape `T1/phv/b/n' will be
(Font)              scaled to size 7.59998pt on input line 143.
LaTeX Font Info:    Font shape `T1/phv/m/n' will be
(Font)              scaled to size 8.54997pt on input line 143.
LaTeX Font Info:    Font shape `T1/phv/m/n' will be
(Font)              scaled to size 16.41594pt on input line 143.
LaTeX Font Info:    Font shape `T1/phv/b/n' will be
(Font)              scaled to size 16.41594pt on input line 143.
LaTeX Font Info:    Font shape `T1/phv/b/n' will be
(Font)              scaled to size 8.54997pt on input line 143.
LaTeX Font Info:    Font shape `T1/phv/b/n' will be
(Font)              scaled to size 13.67995pt on input line 143.
<DRDC-FIP.pdf, id=260, 878.28125pt x 57.21375pt>
File: DRDC-FIP.pdf Graphic file (type pdf)
<use DRDC-FIP.pdf>
Package pdftex.def Info: DRDC-FIP.pdf  used on input line 143.
(pdftex.def)             Requested size: 878.27911pt x 57.2136pt.
<boxes.pdf, id=261, 225.84375pt x 202.7575pt>
File: boxes.pdf Graphic file (type pdf)
<use boxes.pdf>
Package pdftex.def Info: boxes.pdf  used on input line 143.
(pdftex.def)             Requested size: 225.84319pt x 202.757pt.
<rule.pdf, id=262, 200.75pt x 20.075pt>
File: rule.pdf Graphic file (type pdf)
<use rule.pdf>
Package pdftex.def Info: rule.pdf  used on input line 143.
(pdftex.def)             Requested size: 200.7495pt x 20.07494pt.
<DRDC-RDDC-tech.pdf, id=263, 273.02pt x 54.2025pt>
File: DRDC-RDDC-tech.pdf Graphic file (type pdf)
<use DRDC-RDDC-tech.pdf>
Package pdftex.def Info: DRDC-RDDC-tech.pdf  used on input line 143.
(pdftex.def)             Requested size: 273.01933pt x 54.20236pt.
LaTeX Font Info:    Font shape `T1/phv/b/n' will be
(Font)              scaled to size 9.49997pt on input line 143.
<wordmark.pdf, id=264, 113.42375pt x 27.10126pt>
File: wordmark.pdf Graphic file (type pdf)
<use wordmark.pdf>
Package pdftex.def Info: wordmark.pdf  used on input line 143.
(pdftex.def)             Requested size: 113.42346pt x 27.10118pt.
 [-1{/var/lib/texmf/fonts/map/pdftex/updmap/pdftex.map}

 <./DRDC-FIP.pdf> <./rule.pdf> <./boxes.pdf> <./DRDC-RDDC-tech.pdf> <./wordmark
.pdf>]
LaTeX Font Info:    Font shape `T1/phv/b/n' will be
(Font)              scaled to size 11.39996pt on input line 143.
LaTeX Font Info:    Font shape `T1/phv/m/it' in size <8> not available
(Font)              Font shape `T1/phv/m/sl' tried instead on input line 143.
LaTeX Font Info:    Font shape `T1/phv/m/sl' will be
(Font)              scaled to size 7.59998pt on input line 143.
LaTeX Font Info:    Trying to load font information for TS1+phv on input line 1
43.

(/usr/share/texlive/texmf-dist/tex/latex/psnfss/ts1phv.fd
File: ts1phv.fd 2020/03/25 scalable font definitions for TS1/phv.
)
LaTeX Font Info:    Font shape `TS1/phv/m/n' will be
(Font)              scaled to size 7.59998pt on input line 143.
 [0] [1] [2

]
(./DRDCArcSAR.toc [3


] [4])
\tf@toc=\write7
\openout7 = `DRDCArcSAR.toc'.

 [5] (./DRDCArcSAR.lof
LaTeX Font Info:    Trying to load font information for T1+lmtt on input line 1
6.

(/usr/share/texmf/tex/latex/lm/t1lmtt.fd
File: t1lmtt.fd 2009/10/30 v1.6 Font defs for Latin Modern
)
LaTeX Font Info:    Trying to load font information for TS1+lmr on input line 2
4.

(/usr/share/texmf/tex/latex/lm/ts1lmr.fd
File: ts1lmr.fd 2009/10/30 v1.6 Font defs for Latin Modern
) [6

])
\tf@lof=\write8
\openout8 = `DRDCArcSAR.lof'.

 [7] (./DRDCArcSAR.lot)
\tf@lot=\write9
\openout9 = `DRDCArcSAR.lot'.

 [8

]
[9

] (./SURE_introduction.tex
LaTeX Font Info:    External font `lmex10' loaded for size
(Font)              <9> on input line 2.
LaTeX Font Info:    External font `lmex10' loaded for size
(Font)              <5> on input line 2.
LaTeX Font Info:    Font shape `T1/phv/m/n' will be
(Font)              scaled to size 13.67995pt on input line 5.

Overfull \hbox (0.19092pt too wide) in paragraph at lines 6--7
\T1/lmr/m/n/10.95 The pro-posed con-fig-u-ra-tion per-mits mea-sure-ment of ver
y high res-o-lu-tion SAR in a stripmap-
 []

[1


] [2]) (./multichannelmodel.tex
LaTeX Font Info:    Trying to load font information for U+eus on input line 12.


(/usr/share/texlive/texmf-dist/tex/latex/amsfonts/ueus.fd
File: ueus.fd 2013/01/14 v3.01 Euler Script
) [3])
(./SURE_multichannel.tex (./fivechan.pdf_tex

pdfTeX warning: /usr/bin/pdflatex (file ./fivechan.pdf): PDF inclusion: found P
DF version <1.5>, but at most version <1.4> allowed
<fivechan.pdf, id=529, page=1, 740.63235pt x 706.76498pt>
File: fivechan.pdf Graphic file (type pdf)
<use fivechan.pdf, page 1>
Package pdftex.def Info: fivechan.pdf , page1 used on input line 56.
(pdftex.def)             Requested size: 740.63234pt x 706.76326pt.


pdfTeX warning: /usr/bin/pdflatex (file ./fivechan.pdf): PDF inclusion: found P
DF version <1.5>, but at most version <1.4> allowed
<fivechan.pdf, id=530, page=2, 740.63235pt x 706.76498pt>
File: fivechan.pdf Graphic file (type pdf)
<use fivechan.pdf, page 2>
Package pdftex.def Info: fivechan.pdf , page2 used on input line 59.
(pdftex.def)             Requested size: 740.63234pt x 706.76326pt.
LaTeX Font Info:    External font `lmex10' loaded for size
(Font)              <24.88> on input line 61.
LaTeX Font Info:    External font `lmex10' loaded for size
(Font)              <20.74> on input line 61.
LaTeX Font Info:    External font `lmex10' loaded for size
(Font)              <17.28> on input line 61.


pdfTeX warning: /usr/bin/pdflatex (file ./fivechan.pdf): PDF inclusion: found P
DF version <1.5>, but at most version <1.4> allowed
<fivechan.pdf, id=531, page=3, 740.63235pt x 706.76498pt>
File: fivechan.pdf Graphic file (type pdf)
<use fivechan.pdf, page 3>
Package pdftex.def Info: fivechan.pdf , page3 used on input line 62.
(pdftex.def)             Requested size: 740.63234pt x 706.76326pt.


pdfTeX warning: /usr/bin/pdflatex (file ./fivechan.pdf): PDF inclusion: found P
DF version <1.5>, but at most version <1.4> allowed
<fivechan.pdf, id=532, page=4, 740.63235pt x 706.76498pt>
File: fivechan.pdf Graphic file (type pdf)
<use fivechan.pdf, page 4>
Package pdftex.def Info: fivechan.pdf , page4 used on input line 64.
(pdftex.def)             Requested size: 740.63234pt x 706.76326pt.


pdfTeX warning: /usr/bin/pdflatex (file ./fivechan.pdf): PDF inclusion: found P
DF version <1.5>, but at most version <1.4> allowed
<fivechan.pdf, id=533, page=5, 740.63235pt x 706.76498pt>
File: fivechan.pdf Graphic file (type pdf)
<use fivechan.pdf, page 5>
Package pdftex.def Info: fivechan.pdf , page5 used on input line 68.
(pdftex.def)             Requested size: 740.63234pt x 706.76326pt.


pdfTeX warning: /usr/bin/pdflatex (file ./fivechan.pdf): PDF inclusion: found P
DF version <1.5>, but at most version <1.4> allowed
<fivechan.pdf, id=534, page=6, 740.63235pt x 706.76498pt>
File: fivechan.pdf Graphic file (type pdf)
<use fivechan.pdf, page 6>
Package pdftex.def Info: fivechan.pdf , page6 used on input line 70.
(pdftex.def)             Requested size: 740.63234pt x 706.76326pt.
) [4] [5 <./fivechan.pdf> <./fivechan.pdf

pdfTeX warning: /usr/bin/pdflatex (file ./fivechan.pdf): PDF inclusion: multipl
e pdfs with page group included in a single page
> <./fivechan.pdf

pdfTeX warning: /usr/bin/pdflatex (file ./fivechan.pdf): PDF inclusion: multipl
e pdfs with page group included in a single page
> <./fivechan.pdf

pdfTeX warning: /usr/bin/pdflatex (file ./fivechan.pdf): PDF inclusion: multipl
e pdfs with page group included in a single page
> <./fivechan.pdf

pdfTeX warning: /usr/bin/pdflatex (file ./fivechan.pdf): PDF inclusion: multipl
e pdfs with page group included in a single page
> <./fivechan.pdf

pdfTeX warning: /usr/bin/pdflatex (file ./fivechan.pdf): PDF inclusion: multipl
e pdfs with page group included in a single page
>] (./antennaLengths.pdf_tex

pdfTeX warning: /usr/bin/pdflatex (file ./antennaLengths.pdf): PDF inclusion: f
ound PDF version <1.5>, but at most version <1.4> allowed
<antennaLengths.pdf, id=560, page=1, 491.57176pt x 250.62636pt>
File: antennaLengths.pdf Graphic file (type pdf)
<use antennaLengths.pdf, page 1>
Package pdftex.def Info: antennaLengths.pdf , page1 used on input line 52.
(pdftex.def)             Requested size: 491.57176pt x 250.62955pt.


pdfTeX warning: /usr/bin/pdflatex (file ./antennaLengths.pdf): PDF inclusion: f
ound PDF version <1.5>, but at most version <1.4> allowed
<antennaLengths.pdf, id=561, page=2, 491.57176pt x 250.62636pt>
File: antennaLengths.pdf Graphic file (type pdf)
<use antennaLengths.pdf, page 2>
Package pdftex.def Info: antennaLengths.pdf , page2 used on input line 55.
(pdftex.def)             Requested size: 491.57176pt x 250.62955pt.


pdfTeX warning: /usr/bin/pdflatex (file ./antennaLengths.pdf): PDF inclusion: f
ound PDF version <1.5>, but at most version <1.4> allowed
<antennaLengths.pdf, id=562, page=3, 491.57176pt x 250.62636pt>
File: antennaLengths.pdf Graphic file (type pdf)
<use antennaLengths.pdf, page 3>
Package pdftex.def Info: antennaLengths.pdf , page3 used on input line 57.
(pdftex.def)             Requested size: 491.57176pt x 250.62955pt.


pdfTeX warning: /usr/bin/pdflatex (file ./antennaLengths.pdf): PDF inclusion: f
ound PDF version <1.5>, but at most version <1.4> allowed
<antennaLengths.pdf, id=563, page=4, 491.57176pt x 250.62636pt>
File: antennaLengths.pdf Graphic file (type pdf)
<use antennaLengths.pdf, page 4>
Package pdftex.def Info: antennaLengths.pdf , page4 used on input line 59.
(pdftex.def)             Requested size: 491.57176pt x 250.62955pt.


pdfTeX warning: /usr/bin/pdflatex (file ./antennaLengths.pdf): PDF inclusion: f
ound PDF version <1.5>, but at most version <1.4> allowed
<antennaLengths.pdf, id=564, page=5, 491.57176pt x 250.62636pt>
File: antennaLengths.pdf Graphic file (type pdf)
<use antennaLengths.pdf, page 5>
Package pdftex.def Info: antennaLengths.pdf , page5 used on input line 61.
(pdftex.def)             Requested size: 491.57176pt x 250.62955pt.
)

LaTeX Warning: `!h' float specifier changed to `!ht'.


LaTeX Warning: `!h' float specifier changed to `!ht'.

[6] (./equivalentHRWS.pdf_tex

pdfTeX warning: /usr/bin/pdflatex (file ./equivalentHRWS.pdf): PDF inclusion: f
ound PDF version <1.5>, but at most version <1.4> allowed
<equivalentHRWS.pdf, id=581, page=1, 1352.00383pt x 445.3123pt>
File: equivalentHRWS.pdf Graphic file (type pdf)
<use equivalentHRWS.pdf, page 1>
Package pdftex.def Info: equivalentHRWS.pdf , page1 used on input line 56.
(pdftex.def)             Requested size: 1352.00383pt x 445.3112pt.


pdfTeX warning: /usr/bin/pdflatex (file ./equivalentHRWS.pdf): PDF inclusion: f
ound PDF version <1.5>, but at most version <1.4> allowed
<equivalentHRWS.pdf, id=582, page=2, 1352.00383pt x 445.3123pt>
File: equivalentHRWS.pdf Graphic file (type pdf)
<use equivalentHRWS.pdf, page 2>
Package pdftex.def Info: equivalentHRWS.pdf , page2 used on input line 59.
(pdftex.def)             Requested size: 1352.00383pt x 445.3112pt.


pdfTeX warning: /usr/bin/pdflatex (file ./equivalentHRWS.pdf): PDF inclusion: f
ound PDF version <1.5>, but at most version <1.4> allowed
<equivalentHRWS.pdf, id=583, page=3, 1352.00383pt x 445.3123pt>
File: equivalentHRWS.pdf Graphic file (type pdf)
<use equivalentHRWS.pdf, page 3>
Package pdftex.def Info: equivalentHRWS.pdf , page3 used on input line 61.
(pdftex.def)             Requested size: 1352.00383pt x 445.3112pt.


pdfTeX warning: /usr/bin/pdflatex (file ./equivalentHRWS.pdf): PDF inclusion: f
ound PDF version <1.5>, but at most version <1.4> allowed
<equivalentHRWS.pdf, id=584, page=4, 1352.00383pt x 445.3123pt>
File: equivalentHRWS.pdf Graphic file (type pdf)
<use equivalentHRWS.pdf, page 4>
Package pdftex.def Info: equivalentHRWS.pdf , page4 used on input line 63.
(pdftex.def)             Requested size: 1352.00383pt x 445.3112pt.


pdfTeX warning: /usr/bin/pdflatex (file ./equivalentHRWS.pdf): PDF inclusion: f
ound PDF version <1.5>, but at most version <1.4> allowed
<equivalentHRWS.pdf, id=585, page=5, 1352.00383pt x 445.3123pt>
File: equivalentHRWS.pdf Graphic file (type pdf)
<use equivalentHRWS.pdf, page 5>
Package pdftex.def Info: equivalentHRWS.pdf , page5 used on input line 65.
(pdftex.def)             Requested size: 1352.00383pt x 445.3112pt.
)) (./SURE_transmit.tex

LaTeX Warning: `!h' float specifier changed to `!ht'.

[7 <./antennaLengths.pdf> <./antennaLengths.pdf

pdfTeX warning: /usr/bin/pdflatex (file ./antennaLengths.pdf): PDF inclusion: m
ultiple pdfs with page group included in a single page
> <./antennaLengths.pdf

pdfTeX warning: /usr/bin/pdflatex (file ./antennaLengths.pdf): PDF inclusion: m
ultiple pdfs with page group included in a single page
> <./antennaLengths.pdf

pdfTeX warning: /usr/bin/pdflatex (file ./antennaLengths.pdf): PDF inclusion: m
ultiple pdfs with page group included in a single page
> <./antennaLengths.pdf

pdfTeX warning: /usr/bin/pdflatex (file ./antennaLengths.pdf): PDF inclusion: m
ultiple pdfs with page group included in a single page
>]) (./orbiterror.tex (./satOrbitRange.pgf
LaTeX Font Info:    External font `lmex10' loaded for size
(Font)              <10> on input line 95.
LaTeX Font Info:    External font `lmex10' loaded for size
(Font)              <7> on input line 95.
) [8 <./equivalentHRWS.pdf> <./equivalentHRWS.pdf

pdfTeX warning: /usr/bin/pdflatex (file ./equivalentHRWS.pdf): PDF inclusion: m
ultiple pdfs with page group included in a single page
> <./equivalentHRWS.pdf

pdfTeX warning: /usr/bin/pdflatex (file ./equivalentHRWS.pdf): PDF inclusion: m
ultiple pdfs with page group included in a single page
> <./equivalentHRWS.pdf

pdfTeX warning: /usr/bin/pdflatex (file ./equivalentHRWS.pdf): PDF inclusion: m
ultiple pdfs with page group included in a single page
> <./equivalentHRWS.pdf

pdfTeX warning: /usr/bin/pdflatex (file ./equivalentHRWS.pdf): PDF inclusion: m
ultiple pdfs with page group included in a single page
>] [9] (./satOrbitVelocity.pgf) [10] (./arclengthTimeError.pgf) [11

] [12]
[13]) (./diffgeo.tex
Overfull \hbox (6.732pt too wide) in paragraph at lines 3--4
\T1/lmtt/m/n/10.95 homepages . math . uic . edu / ~jwood / analysis / Curvegeom
rev . pdf$[][] \T1/lmr/m/n/10.95 for a highly rec-om-mended
 []

[14

]) (./diffgeoslow.tex [15]) (./diffgeostategeoid.tex [16]
(./numericalDiffIntegationError.pgf)) (./orbit_demo.tex [17] [18]

pdfTeX warning: /usr/bin/pdflatex (file ./orbitMap.pdf): PDF inclusion: found P
DF version <1.6>, but at most version <1.4> allowed
<orbitMap.pdf, id=720, 753.81625pt x 458.71375pt>
File: orbitMap.pdf Graphic file (type pdf)
<use orbitMap.pdf>
Package pdftex.def Info: orbitMap.pdf  used on input line 15.
(pdftex.def)             Requested size: 753.81442pt x 458.71263pt.
(./tsx_28_error.pgf) (./tsx_28_errorProjection_45.0.pgf)
Overfull \hbox (2.43333pt too wide) in paragraph at lines 21--33
[]$[]$ $[]$ 
 []

(./tsx_705_error.pgf) (./tsx_705_errorProjection_45.0.pgf)
Overfull \hbox (2.43333pt too wide) in paragraph at lines 38--50
[]$[]$ $[]$ 
 []

(./tsx_1265_error.pgf) (./tsx_1265_errorProjection_45.0.pgf)
Overfull \hbox (2.43333pt too wide) in paragraph at lines 55--67
[]$[]$ $[]$ 
 []

(./tsx_676_error.pgf) (./tsx_676_errorProjection_45.0.pgf)
Overfull \hbox (2.43333pt too wide) in paragraph at lines 72--84
[]$[]$ $[]$ 
 []

(./tsx_1649_error.pgf) (./tsx_1649_errorProjection_45.0.pgf)
Overfull \hbox (2.43333pt too wide) in paragraph at lines 89--101
[]$[]$ $[]$ 
 []

[19] [20 <./orbitMap.pdf>] [21] [22] [23] (./sentinel_4590_error.pgf)
(./sentinel_4590_errorProjection_45.0.pgf)
Overfull \hbox (2.43333pt too wide) in paragraph at lines 108--120
[]$[]$ $[]$ 
 []

(./sentinel_1726_error.pgf) (./sentinel_1726_errorProjection_45.0.pgf)
Overfull \hbox (2.43333pt too wide) in paragraph at lines 125--137
[]$[]$ $[]$ 
 []

(./sentinel_4417_error.pgf) (./sentinel_4417_errorProjection_45.0.pgf)
Overfull \hbox (2.43333pt too wide) in paragraph at lines 142--154
[]$[]$ $[]$ 
 []

(./sentinel_5649_error.pgf) (./sentinel_5649_errorProjection_45.0.pgf)
Overfull \hbox (2.43333pt too wide) in paragraph at lines 159--171
[]$[]$ $[]$ 
 []

(./sentinel_3724_error.pgf) (./sentinel_3724_errorProjection_45.0.pgf)
Overfull \hbox (2.43333pt too wide) in paragraph at lines 176--188
[]$[]$ $[]$ 
 []

[24

] [25] [26]) (./range.tex [27

]) (./sardiffgeo.tex [28] [29])
(./demodulation.tex [30]
Overfull \hbox (14.09998pt too wide) in paragraph at lines 27--28
 [] 
 []

) (./stationaryphase.tex [31]) (./newStationaryPhase.tex [32] [33] [34])
(./antennaangles.tex [35] [36]
Overfull \hbox (14.09998pt too wide) in paragraph at lines 92--93
 [] 
 []

[37]) (./introduction.tex) (./multichannel.tex [38] [39]
Overfull \hbox (14.09998pt too wide) in paragraph at lines 68--69
 [] 
 []

[40]
Overfull \hbox (14.09998pt too wide) in paragraph at lines 127--128
 [] 
 []

) (./simulation.tex [41]

pdfTeX warning: /usr/bin/pdflatex (file ./sim.pdf): PDF inclusion: found PDF ve
rsion <1.5>, but at most version <1.4> allowed
<sim.pdf, id=1048, 351.3125pt x 190.7125pt>
File: sim.pdf Graphic file (type pdf)
<use sim.pdf>
Package pdftex.def Info: sim.pdf  used on input line 47.
(pdftex.def)             Requested size: 351.31163pt x 190.71202pt.
[42] (./subarray.pdf_tex

pdfTeX warning: /usr/bin/pdflatex (file ./subarray.pdf): PDF inclusion: found P
DF version <1.5>, but at most version <1.4> allowed
<subarray.pdf, id=1056, page=1, 578.17513pt x 297.58676pt>
File: subarray.pdf Graphic file (type pdf)
<use subarray.pdf, page 1>
Package pdftex.def Info: subarray.pdf , page1 used on input line 56.
(pdftex.def)             Requested size: 578.17513pt x 297.60872pt.
)

LaTeX Warning: `!h' float specifier changed to `!ht'.

[43 <./sim.pdf>] [44 <./subarray.pdf>]
<simulation/40cm/simulation_plots/wk_doppler_response_amplitude.png, id=1111, 4
62.528pt x 346.896pt>
File: simulation/40cm/simulation_plots/wk_doppler_response_amplitude.png Graphi
c file (type png)
<use simulation/40cm/simulation_plots/wk_doppler_response_amplitude.png>
Package pdftex.def Info: simulation/40cm/simulation_plots/wk_doppler_response_a
mplitude.png  used on input line 110.
(pdftex.def)             Requested size: 462.52686pt x 346.89514pt.
<simulation/30cm/simulation_plots/wk_doppler_response_amplitude.png, id=1113, 4
62.528pt x 346.896pt>
File: simulation/30cm/simulation_plots/wk_doppler_response_amplitude.png Graphi
c file (type png)
<use simulation/30cm/simulation_plots/wk_doppler_response_amplitude.png>
Package pdftex.def Info: simulation/30cm/simulation_plots/wk_doppler_response_a
mplitude.png  used on input line 117.
(pdftex.def)             Requested size: 462.52686pt x 346.89514pt.
<simulation/25cm/simulation_plots/wk_doppler_response_amplitude.png, id=1114, 4
62.528pt x 346.896pt>
File: simulation/25cm/simulation_plots/wk_doppler_response_amplitude.png Graphi
c file (type png)
<use simulation/25cm/simulation_plots/wk_doppler_response_amplitude.png>
Package pdftex.def Info: simulation/25cm/simulation_plots/wk_doppler_response_a
mplitude.png  used on input line 124.
(pdftex.def)             Requested size: 462.52686pt x 346.89514pt.
<simulation/20cm/simulation_plots/wk_doppler_response_amplitude.png, id=1115, 4
62.528pt x 346.896pt>
File: simulation/20cm/simulation_plots/wk_doppler_response_amplitude.png Graphi
c file (type png)
<use simulation/20cm/simulation_plots/wk_doppler_response_amplitude.png>
Package pdftex.def Info: simulation/20cm/simulation_plots/wk_doppler_response_a
mplitude.png  used on input line 131.
(pdftex.def)             Requested size: 462.52686pt x 346.89514pt.
<simulation/12cm/simulation_plots_full/wk_doppler_response_amplitude.png, id=11
16, 462.528pt x 346.896pt>
File: simulation/12cm/simulation_plots_full/wk_doppler_response_amplitude.png G
raphic file (type png)
<use simulation/12cm/simulation_plots_full/wk_doppler_response_amplitude.png>
Package pdftex.def Info: simulation/12cm/simulation_plots_full/wk_doppler_respo
nse_amplitude.png  used on input line 138.
(pdftex.def)             Requested size: 462.52686pt x 346.89514pt.
<simulation/10cm/simulation_plots_phase_corrected/wk_doppler_response_amplitude
.png, id=1117, 462.528pt x 346.896pt>
File: simulation/10cm/simulation_plots_phase_corrected/wk_doppler_response_ampl
itude.png Graphic file (type png)
<use simulation/10cm/simulation_plots_phase_corrected/wk_doppler_response_ampli
tude.png>
Package pdftex.def Info: simulation/10cm/simulation_plots_phase_corrected/wk_do
ppler_response_amplitude.png  used on input line 145.
(pdftex.def)             Requested size: 462.52686pt x 346.89514pt.

Overfull \hbox (2.43333pt too wide) in paragraph at lines 108--150
[]$[]$ $[]$
 []


Overfull \hbox (2.43333pt too wide) in paragraph at lines 108--150
[]$ $[]$
 []


Overfull \hbox (2.43333pt too wide) in paragraph at lines 108--150
[]$ $[]$ 
 []

[45]

LaTeX Warning: Text page 46 contains only floats.

[46 <./simulation/40cm/simulation_plots/wk_doppler_response_amplitude.png> <./s
imulation/30cm/simulation_plots/wk_doppler_response_amplitude.png> <./simulatio
n/25cm/simulation_plots/wk_doppler_response_amplitude.png> <./simulation/20cm/s
imulation_plots/wk_doppler_response_amplitude.png> <./simulation/12cm/simulatio
n_plots_full/wk_doppler_response_amplitude.png> <./simulation/10cm/simulation_p
lots_phase_corrected/wk_doppler_response_amplitude.png>]
<simulation/40cm/simulation_plots/wk_response_32x32.png, id=1135, 462.528pt x 3
46.896pt>
File: simulation/40cm/simulation_plots/wk_response_32x32.png Graphic file (type
 png)
<use simulation/40cm/simulation_plots/wk_response_32x32.png>
Package pdftex.def Info: simulation/40cm/simulation_plots/wk_response_32x32.png
  used on input line 159.
(pdftex.def)             Requested size: 462.52686pt x 346.89514pt.
<simulation/30cm/simulation_plots/wk_response_32x32.png, id=1136, 462.528pt x 3
46.896pt>
File: simulation/30cm/simulation_plots/wk_response_32x32.png Graphic file (type
 png)
<use simulation/30cm/simulation_plots/wk_response_32x32.png>
Package pdftex.def Info: simulation/30cm/simulation_plots/wk_response_32x32.png
  used on input line 166.
(pdftex.def)             Requested size: 462.52686pt x 346.89514pt.
<simulation/25cm/simulation_plots/wk_response_32x32.png, id=1137, 462.528pt x 3
46.896pt>
File: simulation/25cm/simulation_plots/wk_response_32x32.png Graphic file (type
 png)
<use simulation/25cm/simulation_plots/wk_response_32x32.png>
Package pdftex.def Info: simulation/25cm/simulation_plots/wk_response_32x32.png
  used on input line 173.
(pdftex.def)             Requested size: 462.52686pt x 346.89514pt.
<simulation/20cm/simulation_plots/wk_response_32x32.png, id=1138, 462.528pt x 3
46.896pt>
File: simulation/20cm/simulation_plots/wk_response_32x32.png Graphic file (type
 png)
<use simulation/20cm/simulation_plots/wk_response_32x32.png>
Package pdftex.def Info: simulation/20cm/simulation_plots/wk_response_32x32.png
  used on input line 180.
(pdftex.def)             Requested size: 462.52686pt x 346.89514pt.
<simulation/12cm/simulation_plots_full/wk_response_32x32.png, id=1139, 462.528p
t x 346.896pt>
File: simulation/12cm/simulation_plots_full/wk_response_32x32.png Graphic file 
(type png)
<use simulation/12cm/simulation_plots_full/wk_response_32x32.png>
Package pdftex.def Info: simulation/12cm/simulation_plots_full/wk_response_32x3
2.png  used on input line 187.
(pdftex.def)             Requested size: 462.52686pt x 346.89514pt.
<simulation/10cm/simulation_plots/wk_response_32x32.png, id=1140, 462.528pt x 3
46.896pt>
File: simulation/10cm/simulation_plots/wk_response_32x32.png Graphic file (type
 png)
<use simulation/10cm/simulation_plots/wk_response_32x32.png>
Package pdftex.def Info: simulation/10cm/simulation_plots/wk_response_32x32.png
  used on input line 194.
(pdftex.def)             Requested size: 462.52686pt x 346.89514pt.

Overfull \hbox (2.43333pt too wide) in paragraph at lines 157--199
[]$[]$ $[]$
 []


Overfull \hbox (2.43333pt too wide) in paragraph at lines 157--199
[]$ $[]$
 []


Overfull \hbox (2.43333pt too wide) in paragraph at lines 157--199
[]$ $[]$ 
 []

[47

]

LaTeX Warning: Text page 48 contains only floats.

[48 <./simulation/40cm/simulation_plots/wk_response_32x32.png> <./simulation/30
cm/simulation_plots/wk_response_32x32.png> <./simulation/25cm/simulation_plots/
wk_response_32x32.png> <./simulation/20cm/simulation_plots/wk_response_32x32.pn
g> <./simulation/12cm/simulation_plots_full/wk_response_32x32.png> <./simulatio
n/10cm/simulation_plots/wk_response_32x32.png>]
<simulation/10cm/simulation_plots/wk_response_s_os_8.png, id=1157, 462.528pt x 
346.896pt>
File: simulation/10cm/simulation_plots/wk_response_s_os_8.png Graphic file (typ
e png)
<use simulation/10cm/simulation_plots/wk_response_s_os_8.png>
Package pdftex.def Info: simulation/10cm/simulation_plots/wk_response_s_os_8.pn
g  used on input line 207.
(pdftex.def)             Requested size: 462.52686pt x 346.89514pt.
<simulation/10cm/simulation_plots_phase_corrected/wk_response_32x32.png, id=116
1, 462.528pt x 346.896pt>
File: simulation/10cm/simulation_plots_phase_corrected/wk_response_32x32.png Gr
aphic file (type png)
<use simulation/10cm/simulation_plots_phase_corrected/wk_response_32x32.png>
Package pdftex.def Info: simulation/10cm/simulation_plots_phase_corrected/wk_re
sponse_32x32.png  used on input line 215.
(pdftex.def)             Requested size: 462.52686pt x 346.89514pt.
<simulation/10cm/simulation_plots_phase_corrected/wk_response_s_os_8.png, id=11
62, 462.528pt x 346.896pt>
File: simulation/10cm/simulation_plots_phase_corrected/wk_response_s_os_8.png G
raphic file (type png)
<use simulation/10cm/simulation_plots_phase_corrected/wk_response_s_os_8.png>
Package pdftex.def Info: simulation/10cm/simulation_plots_phase_corrected/wk_re
sponse_s_os_8.png  used on input line 222.
(pdftex.def)             Requested size: 462.52686pt x 346.89514pt.
<simulation/10cm/simulation_plots_phase_corrected/wk_response_s_os_64.png, id=1
165, 462.528pt x 346.896pt>
File: simulation/10cm/simulation_plots_phase_corrected/wk_response_s_os_64.png 
Graphic file (type png)
<use simulation/10cm/simulation_plots_phase_corrected/wk_response_s_os_64.png>
Package pdftex.def Info: simulation/10cm/simulation_plots_phase_corrected/wk_re
sponse_s_os_64.png  used on input line 232.
(pdftex.def)             Requested size: 462.52686pt x 346.89514pt.
 [49

 <./simulation/10cm/simulation_plots/wk_response_s_os_8.png>] [50 <./simulation
/10cm/simulation_plots_phase_corrected/wk_response_32x32.png>] [51 <./simulatio
n/10cm/simulation_plots_phase_corrected/wk_response_s_os_8.png>] [52 <./simulat
ion/10cm/simulation_plots_phase_corrected/wk_response_s_os_64.png>] [53]) (./co
nclusion.tex) [54

] [55

]
[56] (./vectorcalc.tex) (./inertialtoecef.tex [57


] [58

])
(./rateofacceleration.tex [59] [60]) (./rangeAppendix.tex [61] [62

])
(./stolz.tex [63] [64

]) (./mimo.tex [65] (./mimoconfig.pdf_tex

pdfTeX warning: /usr/bin/pdflatex (file ./mimoconfig.pdf): PDF inclusion: found
 PDF version <1.5>, but at most version <1.4> allowed
<mimoconfig.pdf, id=1343, page=1, 480.5175pt x 243.95833pt>
File: mimoconfig.pdf Graphic file (type pdf)
<use mimoconfig.pdf, page 1>
Package pdftex.def Info: mimoconfig.pdf , page1 used on input line 56.
(pdftex.def)             Requested size: 480.5175pt x 243.96516pt.
) [66

 <./mimoconfig.pdf>] [67]) (./antennaanglesAppendix.tex [68] [69

] [70])
[71]
LaTeX Font Info:    Font shape `T1/phv/m/n' will be
(Font)              scaled to size 5.69998pt on input line 213.
LaTeX Font Info:    Font shape `T1/phv/m/n' will be
(Font)              scaled to size 6.64998pt on input line 213.
 [72

] [73

] (./DRDCArcSAR.aux)

LaTeX Warning: There were undefined references.

Package rerunfilecheck Info: File `DRDCArcSAR.out' has not changed.
(rerunfilecheck)             Checksum: 5231A532D5A4068E93891686533DACA7;4965.

Package biblatex Warning: Please rerun LaTeX.

Package logreq Info: Writing requests to 'DRDCArcSAR.run.xml'.
\openout1 = `DRDCArcSAR.run.xml'.

 ) 
Here is how much of TeX's memory you used:
 43851 strings out of 480641
 992226 string characters out of 5898243
 1883367 words of memory out of 5000000
 59419 multiletter control sequences out of 15000+600000
 590383 words of font info for 150 fonts, out of 8000000 for 9000
 350 hyphenation exceptions out of 8191
 87i,24n,88p,1919b,2139s stack positions out of 5000i,500n,10000p,200000b,80000s
{/usr/share/texmf/fonts/enc/dvips/lm/lm-ec.enc}{/usr/share/texmf/fonts/enc/dv
ips/lm/lm-ts1.enc}{/usr/share/texmf/fonts/enc/dvips/lm/lm-mathsy.enc}{/usr/shar
e/texmf/fonts/enc/dvips/lm/lm-mathit.enc}{/usr/share/texmf/fonts/enc/dvips/lm/l
m-rm.enc}{/usr/share/texmf/fonts/enc/dvips/lm/lm-mathex.enc}{/usr/share/texlive
/texmf-dist/fonts/enc/dvips/base/8r.enc}</usr/share/texlive/texmf-dist/fonts/ty
pe1/public/amsfonts/euler/eusm10.pfb></usr/share/texmf/fonts/type1/public/lm/lm
bx10.pfb></usr/share/texmf/fonts/type1/public/lm/lmbx6.pfb></usr/share/texmf/fo
nts/type1/public/lm/lmbx8.pfb></usr/share/texmf/fonts/type1/public/lm/lmbx9.pfb
></usr/share/texmf/fonts/type1/public/lm/lmbxo10.pfb></usr/share/texmf/fonts/ty
pe1/public/lm/lmcsc10.pfb></usr/share/texmf/fonts/type1/public/lm/lmex10.pfb></
usr/share/texmf/fonts/type1/public/lm/lmmi10.pfb></usr/share/texmf/fonts/type1/
public/lm/lmmi12.pfb></usr/share/texmf/fonts/type1/public/lm/lmmi6.pfb></usr/sh
are/texmf/fonts/type1/public/lm/lmmi8.pfb></usr/share/texmf/fonts/type1/public/
lm/lmmi9.pfb></usr/share/texmf/fonts/type1/public/lm/lmmib10.pfb></usr/share/te
xmf/fonts/type1/public/lm/lmmib7.pfb></usr/share/texmf/fonts/type1/public/lm/lm
r10.pfb></usr/share/texmf/fonts/type1/public/lm/lmr17.pfb></usr/share/texmf/fon
ts/type1/public/lm/lmr6.pfb></usr/share/texmf/fonts/type1/public/lm/lmr7.pfb></
usr/share/texmf/fonts/type1/public/lm/lmr8.pfb></usr/share/texmf/fonts/type1/pu
blic/lm/lmr9.pfb></usr/share/texmf/fonts/type1/public/lm/lmri10.pfb></usr/share
/texmf/fonts/type1/public/lm/lmro10.pfb></usr/share/texmf/fonts/type1/public/lm
/lmro8.pfb></usr/share/texmf/fonts/type1/public/lm/lmsy10.pfb></usr/share/texmf
/fonts/type1/public/lm/lmsy6.pfb></usr/share/texmf/fonts/type1/public/lm/lmsy8.
pfb></usr/share/texmf/fonts/type1/public/lm/lmsy9.pfb></usr/share/texmf/fonts/t
ype1/public/lm/lmtt10.pfb></usr/share/texmf/fonts/type1/public/lm/lmtto10.pfb><
/usr/share/texlive/texmf-dist/fonts/type1/urw/helvetic/uhvb8a.pfb></usr/share/t
exlive/texmf-dist/fonts/type1/urw/helvetic/uhvr8a.pfb></usr/share/texlive/texmf
-dist/fonts/type1/urw/helvetic/uhvro8a.pfb>
Output written on DRDCArcSAR.pdf (84 pages, 4832646 bytes).
PDF statistics:
 1685 PDF objects out of 1728 (max. 8388607)
 443 named destinations out of 1000 (max. 500000)
 730 words of extra memory for PDF output out of 10000 (max. 10000000)

