This is pdfTeX, Version 3.14159265-2.6-1.40.21 (TeX Live 2020/Debian) (preloaded format=pdflatex 2021.10.17)  18 NOV 2021 07:35
entering extended mode
 restricted \write18 enabled.
 %&-line parsing enabled.
**ECEFacceleration.tex
(./ECEFacceleration.tex
LaTeX2e <2020-10-01> patch level 4
L3 programming layer <2021-01-09> xparse <2020-03-03>
(/usr/share/texlive/texmf-dist/tex/latex/base/book.cls
Document Class: book 2020/04/10 v1.4m Standard LaTeX document class
(/usr/share/texlive/texmf-dist/tex/latex/base/bk10.clo
File: bk10.clo 2020/04/10 v1.4m Standard LaTeX file (size option)
)
\c@part=\count177
\c@chapter=\count178
\c@section=\count179
\c@subsection=\count180
\c@subsubsection=\count181
\c@paragraph=\count182
\c@subparagraph=\count183
\c@figure=\count184
\c@table=\count185
\abovecaptionskip=\skip47
\belowcaptionskip=\skip48
\bibindent=\dimen138
)
(/usr/share/texlive/texmf-dist/tex/latex/amsmath/amsbsy.sty
Package: amsbsy 1999/11/29 v1.2d Bold Symbols

(/usr/share/texlive/texmf-dist/tex/latex/amsmath/amsgen.sty
File: amsgen.sty 1999/11/30 v2.0 generic functions
\@emptytoks=\toks15
\ex@=\dimen139
)
\pmbraise@=\dimen140
)
(/usr/share/texlive/texmf-dist/tex/latex/amsmath/amsmath.sty
Package: amsmath 2020/09/23 v2.17i AMS math features
\@mathmargin=\skip49

For additional information on amsmath, use the `?' option.
(/usr/share/texlive/texmf-dist/tex/latex/amsmath/amstext.sty
Package: amstext 2000/06/29 v2.01 AMS text
)
(/usr/share/texlive/texmf-dist/tex/latex/amsmath/amsopn.sty
Package: amsopn 2016/03/08 v2.02 operator names
)
\inf@bad=\count186
LaTeX Info: Redefining \frac on input line 234.
\uproot@=\count187
\leftroot@=\count188
LaTeX Info: Redefining \overline on input line 399.
\classnum@=\count189
\DOTSCASE@=\count190
LaTeX Info: Redefining \ldots on input line 496.
LaTeX Info: Redefining \dots on input line 499.
LaTeX Info: Redefining \cdots on input line 620.
\Mathstrutbox@=\box47
\strutbox@=\box48
\big@size=\dimen141
LaTeX Font Info:    Redeclaring font encoding OML on input line 743.
LaTeX Font Info:    Redeclaring font encoding OMS on input line 744.
\macc@depth=\count191
\c@MaxMatrixCols=\count192
\dotsspace@=\muskip16
\c@parentequation=\count193
\dspbrk@lvl=\count194
\tag@help=\toks16
\row@=\count195
\column@=\count196
\maxfields@=\count197
\andhelp@=\toks17
\eqnshift@=\dimen142
\alignsep@=\dimen143
\tagshift@=\dimen144
\tagwidth@=\dimen145
\totwidth@=\dimen146
\lineht@=\dimen147
\@envbody=\toks18
\multlinegap=\skip50
\multlinetaggap=\skip51
\mathdisplay@stack=\toks19
LaTeX Info: Redefining \[ on input line 2923.
LaTeX Info: Redefining \] on input line 2924.
)
(/usr/share/texlive/texmf-dist/tex/latex/amscls/amsthm.sty
Package: amsthm 2020/05/29 v2.20.6
\thm@style=\toks20
\thm@bodyfont=\toks21
\thm@headfont=\toks22
\thm@notefont=\toks23
\thm@headpunct=\toks24
\thm@preskip=\skip52
\thm@postskip=\skip53
\thm@headsep=\skip54
\dth@everypar=\toks25
)
(/usr/share/texlive/texmf-dist/tex/latex/graphics/graphicx.sty
Package: graphicx 2020/09/09 v1.2b Enhanced LaTeX Graphics (DPC,SPQR)

(/usr/share/texlive/texmf-dist/tex/latex/graphics/keyval.sty
Package: keyval 2014/10/28 v1.15 key=value parser (DPC)
\KV@toks@=\toks26
)
(/usr/share/texlive/texmf-dist/tex/latex/graphics/graphics.sty
Package: graphics 2020/08/30 v1.4c Standard LaTeX Graphics (DPC,SPQR)

(/usr/share/texlive/texmf-dist/tex/latex/graphics/trig.sty
Package: trig 2016/01/03 v1.10 sin cos tan (DPC)
)
(/usr/share/texlive/texmf-dist/tex/latex/graphics-cfg/graphics.cfg
File: graphics.cfg 2016/06/04 v1.11 sample graphics configuration
)
Package graphics Info: Driver file: pdftex.def on input line 105.

(/usr/share/texlive/texmf-dist/tex/latex/graphics-def/pdftex.def
File: pdftex.def 2020/10/05 v1.2a Graphics/color driver for pdftex
))
\Gin@req@height=\dimen148
\Gin@req@width=\dimen149
)
(/usr/share/texlive/texmf-dist/tex/latex/hyperref/hyperref.sty
Package: hyperref 2020-05-15 v7.00e Hypertext links for LaTeX

(/usr/share/texlive/texmf-dist/tex/generic/ltxcmds/ltxcmds.sty
Package: ltxcmds 2020-05-10 v1.25 LaTeX kernel commands for general use (HO)
)
(/usr/share/texlive/texmf-dist/tex/generic/iftex/iftex.sty
Package: iftex 2020/03/06 v1.0d TeX engine tests
)
(/usr/share/texlive/texmf-dist/tex/generic/pdftexcmds/pdftexcmds.sty
Package: pdftexcmds 2020-06-27 v0.33 Utility functions of pdfTeX for LuaTeX (HO
)

(/usr/share/texlive/texmf-dist/tex/generic/infwarerr/infwarerr.sty
Package: infwarerr 2019/12/03 v1.5 Providing info/warning/error messages (HO)
)
Package pdftexcmds Info: \pdf@primitive is available.
Package pdftexcmds Info: \pdf@ifprimitive is available.
Package pdftexcmds Info: \pdfdraftmode found.
)
(/usr/share/texlive/texmf-dist/tex/generic/kvsetkeys/kvsetkeys.sty
Package: kvsetkeys 2019/12/15 v1.18 Key value parser (HO)
)
(/usr/share/texlive/texmf-dist/tex/generic/kvdefinekeys/kvdefinekeys.sty
Package: kvdefinekeys 2019-12-19 v1.6 Define keys (HO)
)
(/usr/share/texlive/texmf-dist/tex/generic/pdfescape/pdfescape.sty
Package: pdfescape 2019/12/09 v1.15 Implements pdfTeX's escape features (HO)
)
(/usr/share/texlive/texmf-dist/tex/latex/hycolor/hycolor.sty
Package: hycolor 2020-01-27 v1.10 Color options for hyperref/bookmark (HO)
)
(/usr/share/texlive/texmf-dist/tex/latex/letltxmacro/letltxmacro.sty
Package: letltxmacro 2019/12/03 v1.6 Let assignment for LaTeX macros (HO)
)
(/usr/share/texlive/texmf-dist/tex/latex/auxhook/auxhook.sty
Package: auxhook 2019-12-17 v1.6 Hooks for auxiliary files (HO)
)
(/usr/share/texlive/texmf-dist/tex/latex/kvoptions/kvoptions.sty
Package: kvoptions 2020-10-07 v3.14 Key value format for package options (HO)
)
\@linkdim=\dimen150
\Hy@linkcounter=\count198
\Hy@pagecounter=\count199

(/usr/share/texlive/texmf-dist/tex/latex/hyperref/pd1enc.def
File: pd1enc.def 2020-05-15 v7.00e Hyperref: PDFDocEncoding definition (HO)
Now handling font encoding PD1 ...
... no UTF-8 mapping file for font encoding PD1
)
(/usr/share/texlive/texmf-dist/tex/generic/intcalc/intcalc.sty
Package: intcalc 2019/12/15 v1.3 Expandable calculations with integers (HO)
)
(/usr/share/texlive/texmf-dist/tex/generic/etexcmds/etexcmds.sty
Package: etexcmds 2019/12/15 v1.7 Avoid name clashes with e-TeX commands (HO)
)
\Hy@SavedSpaceFactor=\count266
Package hyperref Info: Hyper figures OFF on input line 4464.
Package hyperref Info: Link nesting OFF on input line 4469.
Package hyperref Info: Hyper index ON on input line 4472.
Package hyperref Info: Plain pages OFF on input line 4479.
Package hyperref Info: Backreferencing OFF on input line 4484.
Package hyperref Info: Implicit mode ON; LaTeX internals redefined.
Package hyperref Info: Bookmarks ON on input line 4717.
\c@Hy@tempcnt=\count267

(/usr/share/texlive/texmf-dist/tex/latex/url/url.sty
\Urlmuskip=\muskip17
Package: url 2013/09/16  ver 3.4  Verb mode for urls, etc.
)
LaTeX Info: Redefining \url on input line 5076.
\XeTeXLinkMargin=\dimen151

(/usr/share/texlive/texmf-dist/tex/generic/bitset/bitset.sty
Package: bitset 2019/12/09 v1.3 Handle bit-vector datatype (HO)

(/usr/share/texlive/texmf-dist/tex/generic/bigintcalc/bigintcalc.sty
Package: bigintcalc 2019/12/15 v1.5 Expandable calculations on big integers (HO
)
))
\Fld@menulength=\count268
\Field@Width=\dimen152
\Fld@charsize=\dimen153
Package hyperref Info: Hyper figures OFF on input line 6347.
Package hyperref Info: Link nesting OFF on input line 6352.
Package hyperref Info: Hyper index ON on input line 6355.
Package hyperref Info: backreferencing OFF on input line 6362.
Package hyperref Info: Link coloring OFF on input line 6367.
Package hyperref Info: Link coloring with OCG OFF on input line 6372.
Package hyperref Info: PDF/A mode OFF on input line 6377.
LaTeX Info: Redefining \ref on input line 6417.
LaTeX Info: Redefining \pageref on input line 6421.

(/usr/share/texlive/texmf-dist/tex/latex/base/atbegshi-ltx.sty
Package: atbegshi-ltx 2020/08/17 v1.0a Emulation of the original atbegshi packa
ge
with kernel methods
)
\Hy@abspage=\count269
\c@Item=\count270
\c@Hfootnote=\count271
)
Package hyperref Info: Driver: hpdftex.

(/usr/share/texlive/texmf-dist/tex/latex/hyperref/hpdftex.def
File: hpdftex.def 2020-05-15 v7.00e Hyperref driver for pdfTeX

(/usr/share/texlive/texmf-dist/tex/latex/base/atveryend-ltx.sty
Package: atveryend-ltx 2020/08/19 v1.0a Emulation of the original atvery packag
e
with kernel methods
)
\Fld@listcount=\count272
\c@bookmark@seq@number=\count273

(/usr/share/texlive/texmf-dist/tex/latex/rerunfilecheck/rerunfilecheck.sty
Package: rerunfilecheck 2019/12/05 v1.9 Rerun checks for auxiliary files (HO)

(/usr/share/texlive/texmf-dist/tex/generic/uniquecounter/uniquecounter.sty
Package: uniquecounter 2019/12/15 v1.4 Provide unlimited unique counter (HO)
)
Package uniquecounter Info: New unique counter `rerunfilecheck' on input line 2
86.
)
\Hy@SectionHShift=\skip55
)

Package hyperref Warning: Option `backref' has already been used,
(hyperref)                setting the option has no effect on input line 9.

Package hyperref Info: Option `colorlinks' set `true' on input line 9.
Package hyperref Info: Option `plainpages' set `false' on input line 9.

Package hyperref Warning: Option `pdfpagelabels' has already been used,
(hyperref)                setting the option has no effect on input line 9.

Package hyperref Info: Option `colorlinks' set `true' on input line 16.
(/usr/share/texlive/texmf-dist/tex/latex/xcolor/xcolor.sty
Package: xcolor 2016/05/11 v2.12 LaTeX color extensions (UK)

(/usr/share/texlive/texmf-dist/tex/latex/graphics-cfg/color.cfg
File: color.cfg 2016/01/02 v1.6 sample color configuration
)
Package xcolor Info: Driver file: pdftex.def on input line 225.
Package xcolor Info: Model `cmy' substituted by `cmy0' on input line 1348.
Package xcolor Info: Model `hsb' substituted by `rgb' on input line 1352.
Package xcolor Info: Model `RGB' extended on input line 1364.
Package xcolor Info: Model `HTML' substituted by `rgb' on input line 1366.
Package xcolor Info: Model `Hsb' substituted by `hsb' on input line 1367.
Package xcolor Info: Model `tHsb' substituted by `hsb' on input line 1368.
Package xcolor Info: Model `HSB' substituted by `hsb' on input line 1369.
Package xcolor Info: Model `Gray' substituted by `gray' on input line 1370.
Package xcolor Info: Model `wave' substituted by `hsb' on input line 1371.

(/usr/share/texlive/texmf-dist/tex/latex/xcolor/svgnam.def
File: svgnam.def 2016/05/11 v2.12 Predefined colors according to SVG 1.1 (UK)
)
(/usr/share/texlive/texmf-dist/tex/latex/xcolor/x11nam.def
File: x11nam.def 2016/05/11 v2.12 Predefined colors according to Unix/X11 (UK)
))
(/usr/share/texlive/texmf-dist/tex/latex/pgf/frontendlayer/tikz.sty
(/usr/share/texlive/texmf-dist/tex/latex/pgf/basiclayer/pgf.sty
(/usr/share/texlive/texmf-dist/tex/latex/pgf/utilities/pgfrcs.sty
(/usr/share/texlive/texmf-dist/tex/generic/pgf/utilities/pgfutil-common.tex
\pgfutil@everybye=\toks27
\pgfutil@tempdima=\dimen154
\pgfutil@tempdimb=\dimen155

(/usr/share/texlive/texmf-dist/tex/generic/pgf/utilities/pgfutil-common-lists.t
ex)) (/usr/share/texlive/texmf-dist/tex/generic/pgf/utilities/pgfutil-latex.def
\pgfutil@abb=\box49
) (/usr/share/texlive/texmf-dist/tex/generic/pgf/utilities/pgfrcs.code.tex
(/usr/share/texlive/texmf-dist/tex/generic/pgf/pgf.revision.tex)
Package: pgfrcs 2020/12/27 v3.1.8b (3.1.8b)
))
Package: pgf 2020/12/27 v3.1.8b (3.1.8b)

(/usr/share/texlive/texmf-dist/tex/latex/pgf/basiclayer/pgfcore.sty
(/usr/share/texlive/texmf-dist/tex/latex/pgf/systemlayer/pgfsys.sty
(/usr/share/texlive/texmf-dist/tex/generic/pgf/systemlayer/pgfsys.code.tex
Package: pgfsys 2020/12/27 v3.1.8b (3.1.8b)

(/usr/share/texlive/texmf-dist/tex/generic/pgf/utilities/pgfkeys.code.tex
\pgfkeys@pathtoks=\toks28
\pgfkeys@temptoks=\toks29

(/usr/share/texlive/texmf-dist/tex/generic/pgf/utilities/pgfkeysfiltered.code.t
ex
\pgfkeys@tmptoks=\toks30
))
\pgf@x=\dimen156
\pgf@y=\dimen157
\pgf@xa=\dimen158
\pgf@ya=\dimen159
\pgf@xb=\dimen160
\pgf@yb=\dimen161
\pgf@xc=\dimen162
\pgf@yc=\dimen163
\pgf@xd=\dimen164
\pgf@yd=\dimen165
\w@pgf@writea=\write3
\r@pgf@reada=\read2
\c@pgf@counta=\count274
\c@pgf@countb=\count275
\c@pgf@countc=\count276
\c@pgf@countd=\count277
\t@pgf@toka=\toks31
\t@pgf@tokb=\toks32
\t@pgf@tokc=\toks33
\pgf@sys@id@count=\count278
 (/usr/share/texlive/texmf-dist/tex/generic/pgf/systemlayer/pgf.cfg
File: pgf.cfg 2020/12/27 v3.1.8b (3.1.8b)
)
Driver file for pgf: pgfsys-pdftex.def

(/usr/share/texlive/texmf-dist/tex/generic/pgf/systemlayer/pgfsys-pdftex.def
File: pgfsys-pdftex.def 2020/12/27 v3.1.8b (3.1.8b)

(/usr/share/texlive/texmf-dist/tex/generic/pgf/systemlayer/pgfsys-common-pdf.de
f
File: pgfsys-common-pdf.def 2020/12/27 v3.1.8b (3.1.8b)
)))
(/usr/share/texlive/texmf-dist/tex/generic/pgf/systemlayer/pgfsyssoftpath.code.
tex
File: pgfsyssoftpath.code.tex 2020/12/27 v3.1.8b (3.1.8b)
\pgfsyssoftpath@smallbuffer@items=\count279
\pgfsyssoftpath@bigbuffer@items=\count280
)
(/usr/share/texlive/texmf-dist/tex/generic/pgf/systemlayer/pgfsysprotocol.code.
tex
File: pgfsysprotocol.code.tex 2020/12/27 v3.1.8b (3.1.8b)
))
(/usr/share/texlive/texmf-dist/tex/generic/pgf/basiclayer/pgfcore.code.tex
Package: pgfcore 2020/12/27 v3.1.8b (3.1.8b)

(/usr/share/texlive/texmf-dist/tex/generic/pgf/math/pgfmath.code.tex
(/usr/share/texlive/texmf-dist/tex/generic/pgf/math/pgfmathcalc.code.tex
(/usr/share/texlive/texmf-dist/tex/generic/pgf/math/pgfmathutil.code.tex)
(/usr/share/texlive/texmf-dist/tex/generic/pgf/math/pgfmathparser.code.tex
\pgfmath@dimen=\dimen166
\pgfmath@count=\count281
\pgfmath@box=\box50
\pgfmath@toks=\toks34
\pgfmath@stack@operand=\toks35
\pgfmath@stack@operation=\toks36
)
(/usr/share/texlive/texmf-dist/tex/generic/pgf/math/pgfmathfunctions.code.tex
(/usr/share/texlive/texmf-dist/tex/generic/pgf/math/pgfmathfunctions.basic.code
.tex)
(/usr/share/texlive/texmf-dist/tex/generic/pgf/math/pgfmathfunctions.trigonomet
ric.code.tex)
(/usr/share/texlive/texmf-dist/tex/generic/pgf/math/pgfmathfunctions.random.cod
e.tex)
(/usr/share/texlive/texmf-dist/tex/generic/pgf/math/pgfmathfunctions.comparison
.code.tex)
(/usr/share/texlive/texmf-dist/tex/generic/pgf/math/pgfmathfunctions.base.code.
tex)
(/usr/share/texlive/texmf-dist/tex/generic/pgf/math/pgfmathfunctions.round.code
.tex)
(/usr/share/texlive/texmf-dist/tex/generic/pgf/math/pgfmathfunctions.misc.code.
tex)
(/usr/share/texlive/texmf-dist/tex/generic/pgf/math/pgfmathfunctions.integerari
thmetics.code.tex)))
(/usr/share/texlive/texmf-dist/tex/generic/pgf/math/pgfmathfloat.code.tex
\c@pgfmathroundto@lastzeros=\count282
))
(/usr/share/texlive/texmf-dist/tex/generic/pgf/math/pgfint.code.tex)
(/usr/share/texlive/texmf-dist/tex/generic/pgf/basiclayer/pgfcorepoints.code.te
x
File: pgfcorepoints.code.tex 2020/12/27 v3.1.8b (3.1.8b)
\pgf@picminx=\dimen167
\pgf@picmaxx=\dimen168
\pgf@picminy=\dimen169
\pgf@picmaxy=\dimen170
\pgf@pathminx=\dimen171
\pgf@pathmaxx=\dimen172
\pgf@pathminy=\dimen173
\pgf@pathmaxy=\dimen174
\pgf@xx=\dimen175
\pgf@xy=\dimen176
\pgf@yx=\dimen177
\pgf@yy=\dimen178
\pgf@zx=\dimen179
\pgf@zy=\dimen180
)
(/usr/share/texlive/texmf-dist/tex/generic/pgf/basiclayer/pgfcorepathconstruct.
code.tex
File: pgfcorepathconstruct.code.tex 2020/12/27 v3.1.8b (3.1.8b)
\pgf@path@lastx=\dimen181
\pgf@path@lasty=\dimen182
)
(/usr/share/texlive/texmf-dist/tex/generic/pgf/basiclayer/pgfcorepathusage.code
.tex
File: pgfcorepathusage.code.tex 2020/12/27 v3.1.8b (3.1.8b)
\pgf@shorten@end@additional=\dimen183
\pgf@shorten@start@additional=\dimen184
)
(/usr/share/texlive/texmf-dist/tex/generic/pgf/basiclayer/pgfcorescopes.code.te
x
File: pgfcorescopes.code.tex 2020/12/27 v3.1.8b (3.1.8b)
\pgfpic=\box51
\pgf@hbox=\box52
\pgf@layerbox@main=\box53
\pgf@picture@serial@count=\count283
)
(/usr/share/texlive/texmf-dist/tex/generic/pgf/basiclayer/pgfcoregraphicstate.c
ode.tex
File: pgfcoregraphicstate.code.tex 2020/12/27 v3.1.8b (3.1.8b)
\pgflinewidth=\dimen185
)
(/usr/share/texlive/texmf-dist/tex/generic/pgf/basiclayer/pgfcoretransformation
s.code.tex
File: pgfcoretransformations.code.tex 2020/12/27 v3.1.8b (3.1.8b)
\pgf@pt@x=\dimen186
\pgf@pt@y=\dimen187
\pgf@pt@temp=\dimen188
)
(/usr/share/texlive/texmf-dist/tex/generic/pgf/basiclayer/pgfcorequick.code.tex
File: pgfcorequick.code.tex 2020/12/27 v3.1.8b (3.1.8b)
)
(/usr/share/texlive/texmf-dist/tex/generic/pgf/basiclayer/pgfcoreobjects.code.t
ex
File: pgfcoreobjects.code.tex 2020/12/27 v3.1.8b (3.1.8b)
)
(/usr/share/texlive/texmf-dist/tex/generic/pgf/basiclayer/pgfcorepathprocessing
.code.tex
File: pgfcorepathprocessing.code.tex 2020/12/27 v3.1.8b (3.1.8b)
)
(/usr/share/texlive/texmf-dist/tex/generic/pgf/basiclayer/pgfcorearrows.code.te
x
File: pgfcorearrows.code.tex 2020/12/27 v3.1.8b (3.1.8b)
\pgfarrowsep=\dimen189
)
(/usr/share/texlive/texmf-dist/tex/generic/pgf/basiclayer/pgfcoreshade.code.tex
File: pgfcoreshade.code.tex 2020/12/27 v3.1.8b (3.1.8b)
\pgf@max=\dimen190
\pgf@sys@shading@range@num=\count284
\pgf@shadingcount=\count285
)
(/usr/share/texlive/texmf-dist/tex/generic/pgf/basiclayer/pgfcoreimage.code.tex
File: pgfcoreimage.code.tex 2020/12/27 v3.1.8b (3.1.8b)

(/usr/share/texlive/texmf-dist/tex/generic/pgf/basiclayer/pgfcoreexternal.code.
tex
File: pgfcoreexternal.code.tex 2020/12/27 v3.1.8b (3.1.8b)
\pgfexternal@startupbox=\box54
))
(/usr/share/texlive/texmf-dist/tex/generic/pgf/basiclayer/pgfcorelayers.code.te
x
File: pgfcorelayers.code.tex 2020/12/27 v3.1.8b (3.1.8b)
)
(/usr/share/texlive/texmf-dist/tex/generic/pgf/basiclayer/pgfcoretransparency.c
ode.tex
File: pgfcoretransparency.code.tex 2020/12/27 v3.1.8b (3.1.8b)
)
(/usr/share/texlive/texmf-dist/tex/generic/pgf/basiclayer/pgfcorepatterns.code.
tex
File: pgfcorepatterns.code.tex 2020/12/27 v3.1.8b (3.1.8b)
)
(/usr/share/texlive/texmf-dist/tex/generic/pgf/basiclayer/pgfcorerdf.code.tex
File: pgfcorerdf.code.tex 2020/12/27 v3.1.8b (3.1.8b)
)))
(/usr/share/texlive/texmf-dist/tex/generic/pgf/modules/pgfmoduleshapes.code.tex
File: pgfmoduleshapes.code.tex 2020/12/27 v3.1.8b (3.1.8b)
\pgfnodeparttextbox=\box55
) (/usr/share/texlive/texmf-dist/tex/generic/pgf/modules/pgfmoduleplot.code.tex
File: pgfmoduleplot.code.tex 2020/12/27 v3.1.8b (3.1.8b)
)
(/usr/share/texlive/texmf-dist/tex/latex/pgf/compatibility/pgfcomp-version-0-65
.sty
Package: pgfcomp-version-0-65 2020/12/27 v3.1.8b (3.1.8b)
\pgf@nodesepstart=\dimen191
\pgf@nodesepend=\dimen192
)
(/usr/share/texlive/texmf-dist/tex/latex/pgf/compatibility/pgfcomp-version-1-18
.sty
Package: pgfcomp-version-1-18 2020/12/27 v3.1.8b (3.1.8b)
)) (/usr/share/texlive/texmf-dist/tex/latex/pgf/utilities/pgffor.sty
(/usr/share/texlive/texmf-dist/tex/latex/pgf/utilities/pgfkeys.sty
(/usr/share/texlive/texmf-dist/tex/generic/pgf/utilities/pgfkeys.code.tex))
(/usr/share/texlive/texmf-dist/tex/latex/pgf/math/pgfmath.sty
(/usr/share/texlive/texmf-dist/tex/generic/pgf/math/pgfmath.code.tex))
(/usr/share/texlive/texmf-dist/tex/generic/pgf/utilities/pgffor.code.tex
Package: pgffor 2020/12/27 v3.1.8b (3.1.8b)

(/usr/share/texlive/texmf-dist/tex/generic/pgf/math/pgfmath.code.tex)
\pgffor@iter=\dimen193
\pgffor@skip=\dimen194
\pgffor@stack=\toks37
\pgffor@toks=\toks38
))
(/usr/share/texlive/texmf-dist/tex/generic/pgf/frontendlayer/tikz/tikz.code.tex
Package: tikz 2020/12/27 v3.1.8b (3.1.8b)

(/usr/share/texlive/texmf-dist/tex/generic/pgf/libraries/pgflibraryplothandlers
.code.tex
File: pgflibraryplothandlers.code.tex 2020/12/27 v3.1.8b (3.1.8b)
\pgf@plot@mark@count=\count286
\pgfplotmarksize=\dimen195
)
\tikz@lastx=\dimen196
\tikz@lasty=\dimen197
\tikz@lastxsaved=\dimen198
\tikz@lastysaved=\dimen199
\tikz@lastmovetox=\dimen256
\tikz@lastmovetoy=\dimen257
\tikzleveldistance=\dimen258
\tikzsiblingdistance=\dimen259
\tikz@figbox=\box56
\tikz@figbox@bg=\box57
\tikz@tempbox=\box58
\tikz@tempbox@bg=\box59
\tikztreelevel=\count287
\tikznumberofchildren=\count288
\tikznumberofcurrentchild=\count289
\tikz@fig@count=\count290

(/usr/share/texlive/texmf-dist/tex/generic/pgf/modules/pgfmodulematrix.code.tex
File: pgfmodulematrix.code.tex 2020/12/27 v3.1.8b (3.1.8b)
\pgfmatrixcurrentrow=\count291
\pgfmatrixcurrentcolumn=\count292
\pgf@matrix@numberofcolumns=\count293
)
\tikz@expandcount=\count294

(/usr/share/texlive/texmf-dist/tex/generic/pgf/frontendlayer/tikz/libraries/tik
zlibrarytopaths.code.tex
File: tikzlibrarytopaths.code.tex 2020/12/27 v3.1.8b (3.1.8b)
)))
(/usr/share/texlive/texmf-dist/tex/latex/pgfplots/pgfplots.sty
(/usr/share/texlive/texmf-dist/tex/generic/pgfplots/pgfplots.revision.tex)
Package: pgfplots 2020/02/29 v1.17 Data Visualization (1.17)

(/usr/share/texlive/texmf-dist/tex/generic/pgfplots/pgfplots.code.tex
(/usr/share/texlive/texmf-dist/tex/generic/pgfplots/pgfplotscore.code.tex
\t@pgfplots@toka=\toks39
\t@pgfplots@tokb=\toks40
\t@pgfplots@tokc=\toks41
\pgfplots@tmpa=\dimen260
\c@pgfplots@coordindex=\count295
\c@pgfplots@scanlineindex=\count296

(/usr/share/texlive/texmf-dist/tex/generic/pgfplots/sys/pgfplotssysgeneric.code
.tex))
(/usr/share/texlive/texmf-dist/tex/generic/pgfplots/libs/pgfplotslibrary.code.t
ex)
(/usr/share/texlive/texmf-dist/tex/generic/pgfplots/oldpgfcompatib/pgfplotsoldp
gfsupp_loader.code.tex
(/usr/share/texlive/texmf-dist/tex/generic/pgf/libraries/pgflibraryfpu.code.tex
))
(/usr/share/texlive/texmf-dist/tex/generic/pgfplots/util/pgfplotsutil.code.tex
(/usr/share/texlive/texmf-dist/tex/generic/pgfplots/liststructure/pgfplotslists
tructure.code.tex)
(/usr/share/texlive/texmf-dist/tex/generic/pgfplots/liststructure/pgfplotslists
tructureext.code.tex)
(/usr/share/texlive/texmf-dist/tex/generic/pgfplots/liststructure/pgfplotsarray
.code.tex
\c@pgfplotsarray@tmp=\count297
)
(/usr/share/texlive/texmf-dist/tex/generic/pgfplots/liststructure/pgfplotsmatri
x.code.tex)
(/usr/share/texlive/texmf-dist/tex/generic/pgfplots/numtable/pgfplotstableshare
d.code.tex
\c@pgfplotstable@counta=\count298
\t@pgfplotstable@a=\toks42
)
(/usr/share/texlive/texmf-dist/tex/generic/pgfplots/liststructure/pgfplotsdeque
.code.tex)
(/usr/share/texlive/texmf-dist/tex/generic/pgfplots/util/pgfplotsbinary.code.te
x
(/usr/share/texlive/texmf-dist/tex/generic/pgfplots/util/pgfplotsbinary.data.co
de.tex))
(/usr/share/texlive/texmf-dist/tex/generic/pgfplots/util/pgfplotsutil.verb.code
.tex)
(/usr/share/texlive/texmf-dist/tex/generic/pgfplots/libs/pgflibrarypgfplots.sur
fshading.code.tex
\c@pgfplotslibrarysurf@no=\count299

(/usr/share/texlive/texmf-dist/tex/generic/pgfplots/sys/pgflibrarypgfplots.surf
shading.pgfsys-pdftex.def)))
(/usr/share/texlive/texmf-dist/tex/generic/pgfplots/util/pgfplotscolormap.code.
tex
(/usr/share/texlive/texmf-dist/tex/generic/pgfplots/util/pgfplotscolor.code.tex
))
(/usr/share/texlive/texmf-dist/tex/generic/pgfplots/pgfplotsstackedplots.code.t
ex)
(/usr/share/texlive/texmf-dist/tex/generic/pgfplots/pgfplotsplothandlers.code.t
ex
(/usr/share/texlive/texmf-dist/tex/generic/pgfplots/pgfplotsmeshplothandler.cod
e.tex
(/usr/share/texlive/texmf-dist/tex/generic/pgfplots/pgfplotsmeshplotimage.code.
tex)))
(/usr/share/texlive/texmf-dist/tex/generic/pgfplots/pgfplots.scaling.code.tex)
(/usr/share/texlive/texmf-dist/tex/generic/pgfplots/pgfplotscoordprocessing.cod
e.tex)
(/usr/share/texlive/texmf-dist/tex/generic/pgfplots/pgfplots.errorbars.code.tex
) (/usr/share/texlive/texmf-dist/tex/generic/pgfplots/pgfplots.markers.code.tex
) (/usr/share/texlive/texmf-dist/tex/generic/pgfplots/pgfplotsticks.code.tex)
(/usr/share/texlive/texmf-dist/tex/generic/pgfplots/pgfplots.paths.code.tex)
(/usr/share/texlive/texmf-dist/tex/generic/pgf/frontendlayer/tikz/libraries/tik
zlibrarydecorations.code.tex
(/usr/share/texlive/texmf-dist/tex/generic/pgf/modules/pgfmoduledecorations.cod
e.tex
\pgfdecoratedcompleteddistance=\dimen261
\pgfdecoratedremainingdistance=\dimen262
\pgfdecoratedinputsegmentcompleteddistance=\dimen263
\pgfdecoratedinputsegmentremainingdistance=\dimen264
\pgf@decorate@distancetomove=\dimen265
\pgf@decorate@repeatstate=\count300
\pgfdecorationsegmentamplitude=\dimen266
\pgfdecorationsegmentlength=\dimen267
)
\tikz@lib@dec@box=\box60
)
(/usr/share/texlive/texmf-dist/tex/generic/pgf/frontendlayer/tikz/libraries/tik
zlibrarydecorations.pathmorphing.code.tex
(/usr/share/texlive/texmf-dist/tex/generic/pgf/libraries/decorations/pgflibrary
decorations.pathmorphing.code.tex))
(/usr/share/texlive/texmf-dist/tex/generic/pgf/frontendlayer/tikz/libraries/tik
zlibrarydecorations.pathreplacing.code.tex
(/usr/share/texlive/texmf-dist/tex/generic/pgf/libraries/decorations/pgflibrary
decorations.pathreplacing.code.tex))
\pgfplots@numplots=\count301
\pgfplots@xmin@reg=\dimen268
\pgfplots@xmax@reg=\dimen269
\pgfplots@ymin@reg=\dimen270
\pgfplots@ymax@reg=\dimen271
\pgfplots@zmin@reg=\dimen272
\pgfplots@zmax@reg=\dimen273
)
(/usr/share/texlive/texmf-dist/tex/generic/pgf/frontendlayer/tikz/libraries/tik
zlibraryplotmarks.code.tex
File: tikzlibraryplotmarks.code.tex 2020/12/27 v3.1.8b (3.1.8b)

(/usr/share/texlive/texmf-dist/tex/generic/pgf/libraries/pgflibraryplotmarks.co
de.tex
File: pgflibraryplotmarks.code.tex 2020/12/27 v3.1.8b (3.1.8b)
)))
(/usr/share/texlive/texmf-dist/tex/generic/pgf/frontendlayer/tikz/libraries/tik
zlibrarysnakes.code.tex
File: tikzlibrarysnakes.code.tex 2020/12/27 v3.1.8b (3.1.8b)


Package pgf Warning: Snakes have been superseded by decorations. Please use the
 decoration libraries instead of the snakes library on input line 14.


(/usr/share/texlive/texmf-dist/tex/generic/pgf/frontendlayer/tikz/libraries/tik
zlibrarydecorations.shapes.code.tex
(/usr/share/texlive/texmf-dist/tex/generic/pgf/libraries/decorations/pgflibrary
decorations.shapes.code.tex)))
(/usr/share/texlive/texmf-dist/tex/generic/pgf/frontendlayer/tikz/libraries/tik
zlibraryarrows.code.tex
File: tikzlibraryarrows.code.tex 2020/12/27 v3.1.8b (3.1.8b)

(/usr/share/texlive/texmf-dist/tex/generic/pgf/libraries/pgflibraryarrows.code.
tex
File: pgflibraryarrows.code.tex 2020/12/27 v3.1.8b (3.1.8b)
\arrowsize=\dimen274
))
(/usr/share/texlive/texmf-dist/tex/generic/pgf/frontendlayer/tikz/libraries/tik
zlibraryshapes.code.tex
File: tikzlibraryshapes.code.tex 2020/12/27 v3.1.8b (3.1.8b)

(/usr/share/texlive/texmf-dist/tex/generic/pgf/frontendlayer/tikz/libraries/tik
zlibraryshapes.geometric.code.tex
File: tikzlibraryshapes.geometric.code.tex 2020/12/27 v3.1.8b (3.1.8b)

(/usr/share/texlive/texmf-dist/tex/generic/pgf/libraries/shapes/pgflibraryshape
s.geometric.code.tex
File: pgflibraryshapes.geometric.code.tex 2020/12/27 v3.1.8b (3.1.8b)
))
(/usr/share/texlive/texmf-dist/tex/generic/pgf/frontendlayer/tikz/libraries/tik
zlibraryshapes.misc.code.tex
File: tikzlibraryshapes.misc.code.tex 2020/12/27 v3.1.8b (3.1.8b)

(/usr/share/texlive/texmf-dist/tex/generic/pgf/libraries/shapes/pgflibraryshape
s.misc.code.tex
File: pgflibraryshapes.misc.code.tex 2020/12/27 v3.1.8b (3.1.8b)
))
(/usr/share/texlive/texmf-dist/tex/generic/pgf/frontendlayer/tikz/libraries/tik
zlibraryshapes.symbols.code.tex
File: tikzlibraryshapes.symbols.code.tex 2020/12/27 v3.1.8b (3.1.8b)

(/usr/share/texlive/texmf-dist/tex/generic/pgf/libraries/shapes/pgflibraryshape
s.symbols.code.tex
File: pgflibraryshapes.symbols.code.tex 2020/12/27 v3.1.8b (3.1.8b)
))
(/usr/share/texlive/texmf-dist/tex/generic/pgf/frontendlayer/tikz/libraries/tik
zlibraryshapes.arrows.code.tex
File: tikzlibraryshapes.arrows.code.tex 2020/12/27 v3.1.8b (3.1.8b)

(/usr/share/texlive/texmf-dist/tex/generic/pgf/libraries/shapes/pgflibraryshape
s.arrows.code.tex
File: pgflibraryshapes.arrows.code.tex 2020/12/27 v3.1.8b (3.1.8b)
))
(/usr/share/texlive/texmf-dist/tex/generic/pgf/frontendlayer/tikz/libraries/tik
zlibraryshapes.callouts.code.tex
(/usr/share/texlive/texmf-dist/tex/generic/pgf/libraries/shapes/pgflibraryshape
s.callouts.code.tex))
(/usr/share/texlive/texmf-dist/tex/generic/pgf/frontendlayer/tikz/libraries/tik
zlibraryshapes.multipart.code.tex
File: tikzlibraryshapes.multipart.code.tex 2020/12/27 v3.1.8b (3.1.8b)

(/usr/share/texlive/texmf-dist/tex/generic/pgf/libraries/shapes/pgflibraryshape
s.multipart.code.tex
File: pgflibraryshapes.multipart.code.tex 2020/12/27 v3.1.8b (3.1.8b)
\pgfnodepartlowerbox=\box61
\pgfnodeparttwobox=\box62
\pgfnodepartthreebox=\box63
\pgfnodepartfourbox=\box64
\pgfnodeparttwentybox=\box65
\pgfnodepartnineteenbox=\box66
\pgfnodeparteighteenbox=\box67
\pgfnodepartseventeenbox=\box68
\pgfnodepartsixteenbox=\box69
\pgfnodepartfifteenbox=\box70
\pgfnodepartfourteenbox=\box71
\pgfnodepartthirteenbox=\box72
\pgfnodeparttwelvebox=\box73
\pgfnodepartelevenbox=\box74
\pgfnodeparttenbox=\box75
\pgfnodepartninebox=\box76
\pgfnodeparteightbox=\box77
\pgfnodepartsevenbox=\box78
\pgfnodepartsixbox=\box79
\pgfnodepartfivebox=\box80
)))
(/usr/share/texlive/texmf-dist/tex/latex/amsfonts/euscript.sty
Package: euscript 2009/06/22 v3.00 Euler Script fonts
LaTeX Font Info:    Overwriting math alphabet `\EuScript' in version `bold'
(Font)                  U/eus/m/n --> U/eus/b/n on input line 33.
)
(/usr/share/texlive/texmf-dist/tex/latex/caption/subcaption.sty
Package: subcaption 2020/10/07 v1.3j Sub-captions (AR)

(/usr/share/texlive/texmf-dist/tex/latex/caption/caption.sty
Package: caption 2020/10/26 v3.5g Customizing captions (AR)

(/usr/share/texlive/texmf-dist/tex/latex/caption/caption3.sty
Package: caption3 2020/10/21 v2.2e caption3 kernel (AR)
\captionmargin=\dimen275
\captionmargin@=\dimen276
\captionwidth=\dimen277
\caption@tempdima=\dimen278
\caption@indent=\dimen279
\caption@parindent=\dimen280
\caption@hangindent=\dimen281
Package caption Info: Standard document class detected.
)
\c@caption@flags=\count302
\c@continuedfloat=\count303
Package caption Info: hyperref package is loaded.
)
\c@subfigure=\count304
\c@subtable=\count305
)
(/usr/share/texlive/texmf-dist/tex/latex/dblfloatfix/dblfloatfix.sty
Package: dblfloatfix 2012/12/31 v1.0a (JAW)

(/usr/share/texlive/texmf-dist/tex/latex/base/fixltx2e.sty
Package: fixltx2e 2016/12/29 v2.1a fixes to LaTeX (obsolete)
Applying: [2015/01/01] Old fixltx2e package on input line 46.


Package fixltx2e Warning: fixltx2e is not required with releases after 2015
(fixltx2e)                All fixes are now in the LaTeX kernel.
(fixltx2e)                See the latexrelease package for details.

Already applied: [0000/00/00] Old fixltx2e package on input line 53.
)
\@dblbotnum=\count306
\c@dblbotnumber=\count307
) (/usr/share/texlive/texmf-dist/tex/latex/tools/array.sty
Package: array 2020/10/01 v2.5c Tabular extension package (FMi)
\col@sep=\dimen282
\ar@mcellbox=\box81
\extrarowheight=\dimen283
\NC@list=\toks43
\extratabsurround=\skip56
\backup@length=\skip57
\ar@cellbox=\box82
)
(/usr/share/texlive/texmf-dist/tex/latex/tools/hhline.sty
Package: hhline 2020/01/04 v2.04 Table rule package (DPC)
)
(/usr/share/texlive/texmf-dist/tex/generic/ulem/ulem.sty
\UL@box=\box83
\UL@hyphenbox=\box84
\UL@skip=\skip58
\UL@hook=\toks44
\UL@height=\dimen284
\UL@pe=\count308
\UL@pixel=\dimen285
\ULC@box=\box85
Package: ulem 2019/11/18
\ULdepth=\dimen286
)
(/usr/share/texlive/texmf-dist/tex/latex/graphics/rotating.sty
Package: rotating 2016/08/11 v2.16d rotated objects in LaTeX

(/usr/share/texlive/texmf-dist/tex/latex/base/ifthen.sty
Package: ifthen 2014/09/29 v1.1c Standard LaTeX ifthen package (DPC)
)
\c@r@tfl@t=\count309
\rotFPtop=\skip59
\rotFPbot=\skip60
\rot@float@box=\box86
\rot@mess@toks=\toks45
)
(/usr/share/texlive/texmf-dist/tex/latex/marvosym/marvosym.sty
Package: marvosym 2011/07/20 v2.2 Martin Vogel's Symbols font definitions
)
(/usr/share/texlive/texmf-dist/tex/latex/multirow/multirow.sty
Package: multirow 2021/01/29 v2.7 Span multiple rows of a table
\multirow@colwidth=\skip61
\multirow@cntb=\count310
\multirow@dima=\skip62
\bigstrutjot=\dimen287
)
(/usr/share/texlive/texmf-dist/tex/latex/listings/listings.sty
\lst@mode=\count311
\lst@gtempboxa=\box87
\lst@token=\toks46
\lst@length=\count312
\lst@currlwidth=\dimen288
\lst@column=\count313
\lst@pos=\count314
\lst@lostspace=\dimen289
\lst@width=\dimen290
\lst@newlines=\count315
\lst@lineno=\count316
\lst@maxwidth=\dimen291

(/usr/share/texlive/texmf-dist/tex/latex/listings/lstmisc.sty
File: lstmisc.sty 2020/03/24 1.8d (Carsten Heinz)
\c@lstnumber=\count317
\lst@skipnumbers=\count318
\lst@framebox=\box88
)
(/usr/share/texlive/texmf-dist/tex/latex/listings/listings.cfg
File: listings.cfg 2020/03/24 1.8d listings configuration
))
Package: listings 2020/03/24 1.8d (Carsten Heinz)

(/usr/share/texlive/texmf-dist/tex/latex/biblatex/biblatex.sty
Package: biblatex 2020/12/31 v3.16 programmable bibliographies (PK/MW)

(/usr/share/texlive/texmf-dist/tex/latex/etoolbox/etoolbox.sty
Package: etoolbox 2020/10/05 v2.5k e-TeX tools for LaTeX (JAW)
\etb@tempcnta=\count319
)
(/usr/share/texlive/texmf-dist/tex/latex/logreq/logreq.sty
Package: logreq 2010/08/04 v1.0 xml request logger
\lrq@indent=\count320

(/usr/share/texlive/texmf-dist/tex/latex/logreq/logreq.def
File: logreq.def 2010/08/04 v1.0 logreq spec v1.0
))
\c@tabx@nest=\count321
\c@listtotal=\count322
\c@listcount=\count323
\c@liststart=\count324
\c@liststop=\count325
\c@citecount=\count326
\c@citetotal=\count327
\c@multicitecount=\count328
\c@multicitetotal=\count329
\c@instcount=\count330
\c@maxnames=\count331
\c@minnames=\count332
\c@maxitems=\count333
\c@minitems=\count334
\c@citecounter=\count335
\c@maxcitecounter=\count336
\c@savedcitecounter=\count337
\c@uniquelist=\count338
\c@uniquename=\count339
\c@refsection=\count340
\c@refsegment=\count341
\c@maxextratitle=\count342
\c@maxextratitleyear=\count343
\c@maxextraname=\count344
\c@maxextradate=\count345
\c@maxextraalpha=\count346
\c@abbrvpenalty=\count347
\c@highnamepenalty=\count348
\c@lownamepenalty=\count349
\c@maxparens=\count350
\c@parenlevel=\count351
\blx@tempcnta=\count352
\blx@tempcntb=\count353
\blx@tempcntc=\count354
\blx@maxsection=\count355
\blx@maxsegment@0=\count356
\blx@notetype=\count357
\blx@parenlevel@text=\count358
\blx@parenlevel@foot=\count359
\blx@sectionciteorder@0=\count360
\blx@entrysetcounter=\count361
\blx@biblioinstance=\count362
\labelnumberwidth=\skip63
\labelalphawidth=\skip64
\biblabelsep=\skip65
\bibitemsep=\skip66
\bibnamesep=\skip67
\bibinitsep=\skip68
\bibparsep=\skip69
\bibhang=\skip70
\blx@bcfin=\read3
\blx@bcfout=\write4
\blx@langwohyphens=\language32
\c@mincomprange=\count363
\c@maxcomprange=\count364
\c@mincompwidth=\count365
Package biblatex Info: Trying to load biblatex default data model...
Package biblatex Info: ... file 'blx-dm.def' found.

(/usr/share/texlive/texmf-dist/tex/latex/biblatex/blx-dm.def
File: blx-dm.def 2020/12/31 v3.16 biblatex localization (PK/MW)
)
Package biblatex Info: Trying to load biblatex style data model...
Package biblatex Info: ... file 'numeric.dbx' not found.
Package biblatex Info: Trying to load biblatex custom data model...
Package biblatex Info: ... file 'biblatex-dm.cfg' not found.
\c@afterword=\count366
\c@savedafterword=\count367
\c@annotator=\count368
\c@savedannotator=\count369
\c@author=\count370
\c@savedauthor=\count371
\c@bookauthor=\count372
\c@savedbookauthor=\count373
\c@commentator=\count374
\c@savedcommentator=\count375
\c@editor=\count376
\c@savededitor=\count377
\c@editora=\count378
\c@savededitora=\count379
\c@editorb=\count380
\c@savededitorb=\count381
\c@editorc=\count382
\c@savededitorc=\count383
\c@foreword=\count384
\c@savedforeword=\count385
\c@holder=\count386
\c@savedholder=\count387
\c@introduction=\count388
\c@savedintroduction=\count389
\c@namea=\count390
\c@savednamea=\count391
\c@nameb=\count392
\c@savednameb=\count393
\c@namec=\count394
\c@savednamec=\count395
\c@translator=\count396
\c@savedtranslator=\count397
\c@shortauthor=\count398
\c@savedshortauthor=\count399
\c@shorteditor=\count400
\c@savedshorteditor=\count401
\c@labelname=\count402
\c@savedlabelname=\count403
\c@institution=\count404
\c@savedinstitution=\count405
\c@lista=\count406
\c@savedlista=\count407
\c@listb=\count408
\c@savedlistb=\count409
\c@listc=\count410
\c@savedlistc=\count411
\c@listd=\count412
\c@savedlistd=\count413
\c@liste=\count414
\c@savedliste=\count415
\c@listf=\count416
\c@savedlistf=\count417
\c@location=\count418
\c@savedlocation=\count419
\c@organization=\count420
\c@savedorganization=\count421
\c@origlocation=\count422
\c@savedoriglocation=\count423
\c@origpublisher=\count424
\c@savedorigpublisher=\count425
\c@publisher=\count426
\c@savedpublisher=\count427
\c@language=\count428
\c@savedlanguage=\count429
\c@origlanguage=\count430
\c@savedoriglanguage=\count431
\c@pageref=\count432
\c@savedpageref=\count433
\shorthandwidth=\skip71
\shortjournalwidth=\skip72
\shortserieswidth=\skip73
\shorttitlewidth=\skip74
\shortauthorwidth=\skip75
\shorteditorwidth=\skip76
\locallabelnumberwidth=\skip77
\locallabelalphawidth=\skip78
\localshorthandwidth=\skip79
\localshortjournalwidth=\skip80
\localshortserieswidth=\skip81
\localshorttitlewidth=\skip82
\localshortauthorwidth=\skip83
\localshorteditorwidth=\skip84
Package biblatex Info: Trying to load compatibility code...
Package biblatex Info: ... file 'blx-compat.def' found.

(/usr/share/texlive/texmf-dist/tex/latex/biblatex/blx-compat.def
File: blx-compat.def 2020/12/31 v3.16 biblatex compatibility (PK/MW)
)
Package biblatex Info: Trying to load generic definitions...
Package biblatex Info: ... file 'biblatex.def' found.

(/usr/share/texlive/texmf-dist/tex/latex/biblatex/biblatex.def
File: biblatex.def 2020/12/31 v3.16 biblatex compatibility (PK/MW)
\c@textcitecount=\count434
\c@textcitetotal=\count435
\c@textcitemaxnames=\count436
\c@biburlbigbreakpenalty=\count437
\c@biburlbreakpenalty=\count438
\c@biburlnumpenalty=\count439
\c@biburlucpenalty=\count440
\c@biburllcpenalty=\count441
\biburlbigskip=\muskip18
\biburlnumskip=\muskip19
\biburlucskip=\muskip20
\biburllcskip=\muskip21
\c@smartand=\count442
)
Package biblatex Info: Trying to load bibliography style 'numeric'...
Package biblatex Info: ... file 'numeric.bbx' found.

(/usr/share/texlive/texmf-dist/tex/latex/biblatex/bbx/numeric.bbx
File: numeric.bbx 2020/12/31 v3.16 biblatex bibliography style (PK/MW)
Package biblatex Info: Trying to load bibliography style 'standard'...
Package biblatex Info: ... file 'standard.bbx' found.

(/usr/share/texlive/texmf-dist/tex/latex/biblatex/bbx/standard.bbx
File: standard.bbx 2020/12/31 v3.16 biblatex bibliography style (PK/MW)
\c@bbx:relatedcount=\count443
\c@bbx:relatedtotal=\count444
))
Package biblatex Info: Trying to load citation style 'numeric-comp'...
Package biblatex Info: ... file 'numeric-comp.cbx' found.

(/usr/share/texlive/texmf-dist/tex/latex/biblatex/cbx/numeric-comp.cbx
File: numeric-comp.cbx 2020/12/31 v3.16 biblatex citation style (PK/MW)
\c@cbx@tempcnta=\count445
\c@cbx@tempcntb=\count446
\c@cbx@tempcntc=\count447
\c@cbx@tempcntd=\count448
Package biblatex Info: Redefining '\cite'.
Package biblatex Info: Redefining '\parencite'.
Package biblatex Info: Redefining '\footcite'.
Package biblatex Info: Redefining '\footcitetext'.
Package biblatex Info: Redefining '\smartcite'.
Package biblatex Info: Redefining '\supercite'.
Package biblatex Info: Redefining '\textcite'.
Package biblatex Info: Redefining '\textcites'.
Package biblatex Info: Redefining '\cites'.
Package biblatex Info: Redefining '\parencites'.
Package biblatex Info: Redefining '\smartcites'.
)
Package biblatex Info: Trying to load configuration file...
Package biblatex Info: ... file 'biblatex.cfg' found.

(/usr/share/texlive/texmf-dist/tex/latex/biblatex/biblatex.cfg
File: biblatex.cfg 
))
(./ishCommands.tex)
   defining Unicode char U+2212 (decimal 8722)
\@quotelevel=\count449
\@quotereset=\count450

(/usr/share/texlive/texmf-dist/tex/latex/l3backend/l3backend-pdftex.def
File: l3backend-pdftex.def 2020-01-29 L3 backend support: PDF output (pdfTeX)
\l__color_backend_stack_int=\count451
\l__pdf_internal_box=\box89
)
(./ECEFacceleration.aux)
\openout1 = `ECEFacceleration.aux'.

LaTeX Font Info:    Checking defaults for OML/cmm/m/it on input line 82.
LaTeX Font Info:    ... okay on input line 82.
LaTeX Font Info:    Checking defaults for OMS/cmsy/m/n on input line 82.
LaTeX Font Info:    ... okay on input line 82.
LaTeX Font Info:    Checking defaults for OT1/cmr/m/n on input line 82.
LaTeX Font Info:    ... okay on input line 82.
LaTeX Font Info:    Checking defaults for T1/cmr/m/n on input line 82.
LaTeX Font Info:    ... okay on input line 82.
LaTeX Font Info:    Checking defaults for TS1/cmr/m/n on input line 82.
LaTeX Font Info:    ... okay on input line 82.
LaTeX Font Info:    Checking defaults for OMX/cmex/m/n on input line 82.
LaTeX Font Info:    ... okay on input line 82.
LaTeX Font Info:    Checking defaults for U/cmr/m/n on input line 82.
LaTeX Font Info:    ... okay on input line 82.
LaTeX Font Info:    Checking defaults for PD1/pdf/m/n on input line 82.
LaTeX Font Info:    ... okay on input line 82.

(/usr/share/texlive/texmf-dist/tex/context/base/mkii/supp-pdf.mkii
[Loading MPS to PDF converter (version 2006.09.02).]
\scratchcounter=\count452
\scratchdimen=\dimen292
\scratchbox=\box90
\nofMPsegments=\count453
\nofMParguments=\count454
\everyMPshowfont=\toks47
\MPscratchCnt=\count455
\MPscratchDim=\dimen293
\MPnumerator=\count456
\makeMPintoPDFobject=\count457
\everyMPtoPDFconversion=\toks48
) (/usr/share/texlive/texmf-dist/tex/latex/epstopdf-pkg/epstopdf-base.sty
Package: epstopdf-base 2020-01-24 v2.11 Base part for package epstopdf

(/usr/share/texlive/texmf-dist/tex/latex/grfext/grfext.sty
Package: grfext 2019/12/03 v1.3 Manage graphics extensions (HO)
)
Package epstopdf-base Info: Redefining graphics rule for `.eps' on input line 4
85.
Package grfext Info: Graphics extension search list:
(grfext)             [.pdf,.png,.jpg,.mps,.jpeg,.jbig2,.jb2,.PDF,.PNG,.JPG,.JPE
G,.JBIG2,.JB2,.eps]
(grfext)             \AppendGraphicsExtensions on input line 504.

(/usr/share/texlive/texmf-dist/tex/latex/latexconfig/epstopdf-sys.cfg
File: epstopdf-sys.cfg 2010/07/13 v1.3 Configuration of (r)epstopdf for TeX Liv
e
))
Package hyperref Info: Link coloring ON on input line 82.

(/usr/share/texlive/texmf-dist/tex/latex/hyperref/nameref.sty
Package: nameref 2019/09/16 v2.46 Cross-referencing by name of section

(/usr/share/texlive/texmf-dist/tex/latex/refcount/refcount.sty
Package: refcount 2019/12/15 v3.6 Data extraction from label references (HO)
)
(/usr/share/texlive/texmf-dist/tex/generic/gettitlestring/gettitlestring.sty
Package: gettitlestring 2019/12/15 v1.6 Cleanup title references (HO)
)
\c@section@level=\count458
)
LaTeX Info: Redefining \ref on input line 82.
LaTeX Info: Redefining \pageref on input line 82.
LaTeX Info: Redefining \nameref on input line 82.

(./ECEFacceleration.out) (./ECEFacceleration.out)
\@outlinefile=\write5
\openout5 = `ECEFacceleration.out'.


Package pgfplots notification 'compat/show suggested version=true': you might b
enefit from \pgfplotsset{compat=1.17} (current compat level: 1.16).

Package caption Info: Begin \AtBeginDocument code.
Package caption Info: listings package is loaded.
Package caption Info: rotating package is loaded.
Package caption Info: End \AtBeginDocument code.
\c@lstlisting=\count459
Package biblatex Info: Trying to load language 'english'...
Package biblatex Info: ... file 'english.lbx' found.
(/usr/share/texlive/texmf-dist/tex/latex/biblatex/lbx/english.lbx
File: english.lbx 2020/12/31 v3.16 biblatex localization (PK/MW)
)
Package biblatex Info: Input encoding 'utf8' detected.
Package biblatex Info: Automatic encoding selection.
(biblatex)             Assuming data encoding 'utf8'.
Package biblatex Info: Document encoding is UTF8 ....

(/usr/share/texlive/texmf-dist/tex/latex/l3kernel/expl3.sty
Package: expl3 2021-01-09 L3 programming layer (loader) 
)
Package biblatex Info: ... and expl3
(biblatex)             2021-01-09 L3 programming layer (loader) 
(biblatex)             is new enough (at least 2020/04/06),
(biblatex)             setting 'casechanger=expl3'.

(/usr/share/texlive/texmf-dist/tex/latex/biblatex/blx-case-expl3.sty
(/usr/share/texlive/texmf-dist/tex/latex/l3packages/xparse/xparse.sty
Package: xparse 2020-10-27 L3 Experimental document command parser

(/usr/share/texlive/texmf-dist/tex/latex/l3packages/xparse/xparse-generic.tex))
Package: blx-case-expl3 2020/12/31 v3.16 expl3 case changing code for biblatex
)
\openout4 = `ECEFacceleration.bcf'.

Package biblatex Info: Trying to load bibliographic data...
Package biblatex Info: ... file 'ECEFacceleration.bbl' found.
 (./ECEFacceleration.bbl)
Package biblatex Info: Reference section=0 on input line 82.
Package biblatex Info: Reference segment=0 on input line 82.
 [1


{/var/lib/texmf/fonts/map/pdftex/updmap/pdftex.map}] (./ECEFacceleration.tocpdf
TeX warning (ext4): destination with the same identifier (name{page.1}) has bee
n already used, duplicate ignored
<to be read again> 
                   \relax 
l.67 ...enna pattern angles}{39}{subsection.5.1.2}
                                                  % [1

])
\tf@toc=\write6
\openout6 = `ECEFacceleration.toc'.

 [2]
Chapter 1.
(./SURE_introduction.tex

LaTeX Warning: `!h' float specifier changed to `!ht'.

[3

] [4]) (./multichannelmodel.tex [5]
LaTeX Font Info:    Trying to load font information for U+eus on input line 12.


(/usr/share/texlive/texmf-dist/tex/latex/amsfonts/ueus.fd
File: ueus.fd 2013/01/14 v3.01 Euler Script
) [6]) [7]
Chapter 2.
(./SURE_multichannel.tex (./fivechan.pdf_tex
<fivechan.pdf, id=359, page=1, 740.63235pt x 706.76498pt>
File: fivechan.pdf Graphic file (type pdf)
<use fivechan.pdf, page 1>
Package pdftex.def Info: fivechan.pdf , page1 used on input line 56.
(pdftex.def)             Requested size: 740.63234pt x 706.76326pt.
<fivechan.pdf, id=360, page=2, 740.63235pt x 706.76498pt>
File: fivechan.pdf Graphic file (type pdf)
<use fivechan.pdf, page 2>
Package pdftex.def Info: fivechan.pdf , page2 used on input line 59.
(pdftex.def)             Requested size: 740.63234pt x 706.76326pt.
<fivechan.pdf, id=361, page=3, 740.63235pt x 706.76498pt>
File: fivechan.pdf Graphic file (type pdf)
<use fivechan.pdf, page 3>
Package pdftex.def Info: fivechan.pdf , page3 used on input line 62.
(pdftex.def)             Requested size: 740.63234pt x 706.76326pt.
<fivechan.pdf, id=362, page=4, 740.63235pt x 706.76498pt>
File: fivechan.pdf Graphic file (type pdf)
<use fivechan.pdf, page 4>
Package pdftex.def Info: fivechan.pdf , page4 used on input line 64.
(pdftex.def)             Requested size: 740.63234pt x 706.76326pt.
<fivechan.pdf, id=363, page=5, 740.63235pt x 706.76498pt>
File: fivechan.pdf Graphic file (type pdf)
<use fivechan.pdf, page 5>
Package pdftex.def Info: fivechan.pdf , page5 used on input line 68.
(pdftex.def)             Requested size: 740.63234pt x 706.76326pt.
<fivechan.pdf, id=364, page=6, 740.63235pt x 706.76498pt>
File: fivechan.pdf Graphic file (type pdf)
<use fivechan.pdf, page 6>
Package pdftex.def Info: fivechan.pdf , page6 used on input line 70.
(pdftex.def)             Requested size: 740.63234pt x 706.76326pt.
)

LaTeX Warning: `!h' float specifier changed to `!ht'.

[8

] (./antennaLengths.pdf_tex
<antennaLengths.pdf, id=378, page=1, 491.57176pt x 250.62636pt>
File: antennaLengths.pdf Graphic file (type pdf)
<use antennaLengths.pdf, page 1>
Package pdftex.def Info: antennaLengths.pdf , page1 used on input line 52.
(pdftex.def)             Requested size: 491.57176pt x 250.62955pt.
<antennaLengths.pdf, id=379, page=2, 491.57176pt x 250.62636pt>
File: antennaLengths.pdf Graphic file (type pdf)
<use antennaLengths.pdf, page 2>
Package pdftex.def Info: antennaLengths.pdf , page2 used on input line 55.
(pdftex.def)             Requested size: 491.57176pt x 250.62955pt.
<antennaLengths.pdf, id=380, page=3, 491.57176pt x 250.62636pt>
File: antennaLengths.pdf Graphic file (type pdf)
<use antennaLengths.pdf, page 3>
Package pdftex.def Info: antennaLengths.pdf , page3 used on input line 57.
(pdftex.def)             Requested size: 491.57176pt x 250.62955pt.
<antennaLengths.pdf, id=381, page=4, 491.57176pt x 250.62636pt>
File: antennaLengths.pdf Graphic file (type pdf)
<use antennaLengths.pdf, page 4>
Package pdftex.def Info: antennaLengths.pdf , page4 used on input line 59.
(pdftex.def)             Requested size: 491.57176pt x 250.62955pt.
<antennaLengths.pdf, id=382, page=5, 491.57176pt x 250.62636pt>
File: antennaLengths.pdf Graphic file (type pdf)
<use antennaLengths.pdf, page 5>
Package pdftex.def Info: antennaLengths.pdf , page5 used on input line 61.
(pdftex.def)             Requested size: 491.57176pt x 250.62955pt.
) [9 <./fivechan.pdf> <./fivechan.pdf

pdfTeX warning: pdflatex (file ./fivechan.pdf): PDF inclusion: multiple pdfs wi
th page group included in a single page
> <./fivechan.pdf

pdfTeX warning: pdflatex (file ./fivechan.pdf): PDF inclusion: multiple pdfs wi
th page group included in a single page
> <./fivechan.pdf

pdfTeX warning: pdflatex (file ./fivechan.pdf): PDF inclusion: multiple pdfs wi
th page group included in a single page
> <./fivechan.pdf

pdfTeX warning: pdflatex (file ./fivechan.pdf): PDF inclusion: multiple pdfs wi
th page group included in a single page
> <./fivechan.pdf

pdfTeX warning: pdflatex (file ./fivechan.pdf): PDF inclusion: multiple pdfs wi
th page group included in a single page
>] [10 <./antennaLengths.pdf> <./antennaLengths.pdf

pdfTeX warning: pdflatex (file ./antennaLengths.pdf): PDF inclusion: multiple p
dfs with page group included in a single page
> <./antennaLengths.pdf

pdfTeX warning: pdflatex (file ./antennaLengths.pdf): PDF inclusion: multiple p
dfs with page group included in a single page
> <./antennaLengths.pdf

pdfTeX warning: pdflatex (file ./antennaLengths.pdf): PDF inclusion: multiple p
dfs with page group included in a single page
> <./antennaLengths.pdf

pdfTeX warning: pdflatex (file ./antennaLengths.pdf): PDF inclusion: multiple p
dfs with page group included in a single page
>] (./equivalentHRWS.pdf_tex
<equivalentHRWS.pdf, id=407, page=1, 1352.00383pt x 445.3123pt>
File: equivalentHRWS.pdf Graphic file (type pdf)
<use equivalentHRWS.pdf, page 1>
Package pdftex.def Info: equivalentHRWS.pdf , page1 used on input line 56.
(pdftex.def)             Requested size: 1352.00383pt x 445.3112pt.
<equivalentHRWS.pdf, id=408, page=2, 1352.00383pt x 445.3123pt>
File: equivalentHRWS.pdf Graphic file (type pdf)
<use equivalentHRWS.pdf, page 2>
Package pdftex.def Info: equivalentHRWS.pdf , page2 used on input line 59.
(pdftex.def)             Requested size: 1352.00383pt x 445.3112pt.
<equivalentHRWS.pdf, id=409, page=3, 1352.00383pt x 445.3123pt>
File: equivalentHRWS.pdf Graphic file (type pdf)
<use equivalentHRWS.pdf, page 3>
Package pdftex.def Info: equivalentHRWS.pdf , page3 used on input line 61.
(pdftex.def)             Requested size: 1352.00383pt x 445.3112pt.
<equivalentHRWS.pdf, id=410, page=4, 1352.00383pt x 445.3123pt>
File: equivalentHRWS.pdf Graphic file (type pdf)
<use equivalentHRWS.pdf, page 4>
Package pdftex.def Info: equivalentHRWS.pdf , page4 used on input line 63.
(pdftex.def)             Requested size: 1352.00383pt x 445.3112pt.
<equivalentHRWS.pdf, id=411, page=5, 1352.00383pt x 445.3123pt>
File: equivalentHRWS.pdf Graphic file (type pdf)
<use equivalentHRWS.pdf, page 5>
Package pdftex.def Info: equivalentHRWS.pdf , page5 used on input line 65.
(pdftex.def)             Requested size: 1352.00383pt x 445.3112pt.
)) (./SURE_transmit.tex) [11 <./equivalentHRWS.pdf> <./equivalentHRWS.pdf

pdfTeX warning: pdflatex (file ./equivalentHRWS.pdf): PDF inclusion: multiple p
dfs with page group included in a single page
> <./equivalentHRWS.pdf

pdfTeX warning: pdflatex (file ./equivalentHRWS.pdf): PDF inclusion: multiple p
dfs with page group included in a single page
> <./equivalentHRWS.pdf

pdfTeX warning: pdflatex (file ./equivalentHRWS.pdf): PDF inclusion: multiple p
dfs with page group included in a single page
> <./equivalentHRWS.pdf

pdfTeX warning: pdflatex (file ./equivalentHRWS.pdf): PDF inclusion: multiple p
dfs with page group included in a single page
>]
Chapter 3.
(./orbiterror.tex (./satOrbitRange.pgf) [12

] [13] (./satOrbitVelocity.pgf)
[14] (./arclengthTimeError.pgf) [15

] [16] [17]) (./diffgeo.tex
Overfull \hbox (1.91386pt too wide) in paragraph at lines 3--4
[][]$\OT1/cmtt/m/n/10 http : / / homepages . math . uic . edu / []jwood / analy
sis / Curvegeomrev . pdf$[][] \OT1/cmr/m/n/10 for a
 []

[18

]) (./diffgeoslow.tex
Overfull \hbox (1.0403pt too wide) in paragraph at lines 1--1
[]\OT1/cmr/bx/n/12 Calculation of dif-fer-en-tial ge-om-e-try pa-ram-e-ters fro
m
 []

[19]) (./diffgeostategeoid.tex [20] (./numericalDiffIntegationError.pgf))
(./orbit_demo.tex
Overfull \hbox (0.221pt too wide) in paragraph at lines 2--3
\OT1/cmtt/m/n/10 sentinel1 . eo . esa . int / aux _ poeorb/$[][]\OT1/cmr/m/n/10
 , and rapid sci-ence or-bit files for Terrasar-
 []

[21] [22]

pdfTeX warning: pdflatex (file ./orbitMap.pdf): PDF inclusion: found PDF versio
n <1.6>, but at most version <1.5> allowed
<orbitMap.pdf, id=560, 753.81625pt x 458.71375pt>
File: orbitMap.pdf Graphic file (type pdf)
<use orbitMap.pdf>
Package pdftex.def Info: orbitMap.pdf  used on input line 15.
(pdftex.def)             Requested size: 753.81442pt x 458.71263pt.

Underfull \hbox (badness 2343) in paragraph at lines 16--16
\OT1/cmr/m/n/10 that the ge-o-met-ric model is eval-u-ated. The satel-lite po-s
i-tions were
 []

(./tsx_28_error.pgf) (./tsx_28_errorProjection_45.0.pgf)
Overfull \hbox (2.22221pt too wide) in paragraph at lines 21--33
[]$[]$ $[]$ 
 []

(./tsx_705_error.pgf) (./tsx_705_errorProjection_45.0.pgf)
Overfull \hbox (2.22221pt too wide) in paragraph at lines 38--50
[]$[]$ $[]$ 
 []

(./tsx_1265_error.pgf) (./tsx_1265_errorProjection_45.0.pgf)
Overfull \hbox (2.22221pt too wide) in paragraph at lines 55--67
[]$[]$ $[]$ 
 []

(./tsx_676_error.pgf) (./tsx_676_errorProjection_45.0.pgf)
Overfull \hbox (2.22221pt too wide) in paragraph at lines 72--84
[]$[]$ $[]$ 
 []

(./tsx_1649_error.pgf) (./tsx_1649_errorProjection_45.0.pgf)
Overfull \hbox (2.22221pt too wide) in paragraph at lines 89--101
[]$[]$ $[]$ 
 []

[23] [24 <./orbitMap.pdf>] [25] [26] (./sentinel_4590_error.pgf)
(./sentinel_4590_errorProjection_45.0.pgf)
Overfull \hbox (2.22221pt too wide) in paragraph at lines 108--120
[]$[]$ $[]$ 
 []

(./sentinel_1726_error.pgf) (./sentinel_1726_errorProjection_45.0.pgf)
Overfull \hbox (2.22221pt too wide) in paragraph at lines 125--137
[]$[]$ $[]$ 
 []

(./sentinel_4417_error.pgf) (./sentinel_4417_errorProjection_45.0.pgf)
Overfull \hbox (2.22221pt too wide) in paragraph at lines 142--154
[]$[]$ $[]$ 
 []

(./sentinel_5649_error.pgf) (./sentinel_5649_errorProjection_45.0.pgf)
Overfull \hbox (2.22221pt too wide) in paragraph at lines 159--171
[]$[]$ $[]$ 
 []

(./sentinel_3724_error.pgf) (./sentinel_3724_errorProjection_45.0.pgf)
Overfull \hbox (2.22221pt too wide) in paragraph at lines 176--188
[]$[]$ $[]$ 
 []

[27

] [28]) (./range.tex
Overfull \hbox (0.36755pt too wide) in paragraph at lines 14--16
\OT1/cmr/m/n/10 Appendix [][]A.3[][] uses ([][]3.13[][]) and the above co-or-di
-nate trans-for-ma-tion $\OT1/cmr/bx/n/10 x \OMS/cmsy/m/n/10 ! \OT1/cmr/m/n/10 
(\OML/cmm/m/it/10 r; s[]; ^^^\OT1/cmr/m/n/10 )$
 []

[29

]) [30]
Chapter 4.
(./sardiffgeo.tex [31

] [32]) (./demodulation.tex [33]
Overfull \hbox (13.46664pt too wide) in paragraph at lines 27--28
 [] 
 []


Overfull \hbox (5.99146pt too wide) in paragraph at lines 32--33
\OT1/cmr/m/n/10 One can com-pen-sate for the range er-ror term througgh mul-ti-
pli-ca-tion by $\OML/cmm/m/it/10 e[]$\OT1/cmr/m/n/10 .
 []

) [34] [35]
Chapter 5.
(./stationaryphase.tex

Package hyperref Warning: Difference (2) between bookmark levels is greater 
(hyperref)                than one, level fixed on input line 1.

) (./newStationaryPhase.tex [36

] [37] [38]) (./antennaangles.tex [39] [40]
Overfull \hbox (13.46664pt too wide) in paragraph at lines 92--93
 [] 
 []

[41]) [42]
Chapter 6.
(./introduction.tex) (./multichannel.tex [43

]
Overfull \hbox (13.46664pt too wide) in paragraph at lines 68--69
 [] 
 []

[44] [45]
Overfull \hbox (13.46664pt too wide) in paragraph at lines 127--128
 [] 
 []

) [46]
Chapter 7.
(./simulation.tex
<sim.pdf, id=910, 351.3125pt x 190.7125pt>
File: sim.pdf Graphic file (type pdf)
<use sim.pdf>
Package pdftex.def Info: sim.pdf  used on input line 47.
(pdftex.def)             Requested size: 351.31163pt x 190.71202pt.
 [47

]
Package hyperref Info: bookmark level for unknown lstlisting defaults to 0 on i
nput line 55.
LaTeX Font Info:    Font shape `OT1/cmtt/bx/n' in size <9> not available
(Font)              Font shape `OT1/cmtt/m/n' tried instead on input line 56.

Overfull \hbox (16.93063pt too wide) in paragraph at lines 65--66
[][][][][][][][][][][][][][][][][][][][][][][][][][][][][][][][][][][][][][][][
][][][][][][][][][][][][] 
 []

[48 <./sim.pdf>] (./subarray.pdf_tex
<subarray.pdf, id=948, page=1, 578.17513pt x 297.58676pt>
File: subarray.pdf Graphic file (type pdf)
<use subarray.pdf, page 1>
Package pdftex.def Info: subarray.pdf , page1 used on input line 56.
(pdftex.def)             Requested size: 578.17513pt x 297.60872pt.
) [49 <./subarray.pdf>]
<simulation/40cm/simulation_plots/wk_doppler_response_amplitude.png, id=965, 46
2.528pt x 346.896pt>
File: simulation/40cm/simulation_plots/wk_doppler_response_amplitude.png Graphi
c file (type png)
<use simulation/40cm/simulation_plots/wk_doppler_response_amplitude.png>
Package pdftex.def Info: simulation/40cm/simulation_plots/wk_doppler_response_a
mplitude.png  used on input line 110.
(pdftex.def)             Requested size: 462.52686pt x 346.89514pt.
<simulation/30cm/simulation_plots/wk_doppler_response_amplitude.png, id=967, 46
2.528pt x 346.896pt>
File: simulation/30cm/simulation_plots/wk_doppler_response_amplitude.png Graphi
c file (type png)
<use simulation/30cm/simulation_plots/wk_doppler_response_amplitude.png>
Package pdftex.def Info: simulation/30cm/simulation_plots/wk_doppler_response_a
mplitude.png  used on input line 117.
(pdftex.def)             Requested size: 462.52686pt x 346.89514pt.
<simulation/25cm/simulation_plots/wk_doppler_response_amplitude.png, id=968, 46
2.528pt x 346.896pt>
File: simulation/25cm/simulation_plots/wk_doppler_response_amplitude.png Graphi
c file (type png)
<use simulation/25cm/simulation_plots/wk_doppler_response_amplitude.png>
Package pdftex.def Info: simulation/25cm/simulation_plots/wk_doppler_response_a
mplitude.png  used on input line 124.
(pdftex.def)             Requested size: 462.52686pt x 346.89514pt.
<simulation/20cm/simulation_plots/wk_doppler_response_amplitude.png, id=969, 46
2.528pt x 346.896pt>
File: simulation/20cm/simulation_plots/wk_doppler_response_amplitude.png Graphi
c file (type png)
<use simulation/20cm/simulation_plots/wk_doppler_response_amplitude.png>
Package pdftex.def Info: simulation/20cm/simulation_plots/wk_doppler_response_a
mplitude.png  used on input line 131.
(pdftex.def)             Requested size: 462.52686pt x 346.89514pt.
<simulation/12cm/simulation_plots_full/wk_doppler_response_amplitude.png, id=97
0, 462.528pt x 346.896pt>
File: simulation/12cm/simulation_plots_full/wk_doppler_response_amplitude.png G
raphic file (type png)
<use simulation/12cm/simulation_plots_full/wk_doppler_response_amplitude.png>
Package pdftex.def Info: simulation/12cm/simulation_plots_full/wk_doppler_respo
nse_amplitude.png  used on input line 138.
(pdftex.def)             Requested size: 462.52686pt x 346.89514pt.
<simulation/10cm/simulation_plots_phase_corrected/wk_doppler_response_amplitude
.png, id=971, 462.528pt x 346.896pt>
File: simulation/10cm/simulation_plots_phase_corrected/wk_doppler_response_ampl
itude.png Graphic file (type png)
<use simulation/10cm/simulation_plots_phase_corrected/wk_doppler_response_ampli
tude.png>
Package pdftex.def Info: simulation/10cm/simulation_plots_phase_corrected/wk_do
ppler_response_amplitude.png  used on input line 145.
(pdftex.def)             Requested size: 462.52686pt x 346.89514pt.

Overfull \hbox (2.22221pt too wide) in paragraph at lines 108--150
[]$[]$ $[]$
 []


Overfull \hbox (2.22221pt too wide) in paragraph at lines 108--150
[]$ $[]$
 []


Overfull \hbox (2.22221pt too wide) in paragraph at lines 108--150
[]$ $[]$ 
 []

[50] [51 <./simulation/40cm/simulation_plots/wk_doppler_response_amplitude.png>
 <./simulation/30cm/simulation_plots/wk_doppler_response_amplitude.png> <./simu
lation/25cm/simulation_plots/wk_doppler_response_amplitude.png> <./simulation/2
0cm/simulation_plots/wk_doppler_response_amplitude.png> <./simulation/12cm/simu
lation_plots_full/wk_doppler_response_amplitude.png> <./simulation/10cm/simulat
ion_plots_phase_corrected/wk_doppler_response_amplitude.png>]
<simulation/40cm/simulation_plots/wk_response_32x32.png, id=1001, 462.528pt x 3
46.896pt>
File: simulation/40cm/simulation_plots/wk_response_32x32.png Graphic file (type
 png)
<use simulation/40cm/simulation_plots/wk_response_32x32.png>
Package pdftex.def Info: simulation/40cm/simulation_plots/wk_response_32x32.png
  used on input line 159.
(pdftex.def)             Requested size: 462.52686pt x 346.89514pt.
<simulation/30cm/simulation_plots/wk_response_32x32.png, id=1002, 462.528pt x 3
46.896pt>
File: simulation/30cm/simulation_plots/wk_response_32x32.png Graphic file (type
 png)
<use simulation/30cm/simulation_plots/wk_response_32x32.png>
Package pdftex.def Info: simulation/30cm/simulation_plots/wk_response_32x32.png
  used on input line 166.
(pdftex.def)             Requested size: 462.52686pt x 346.89514pt.
<simulation/25cm/simulation_plots/wk_response_32x32.png, id=1003, 462.528pt x 3
46.896pt>
File: simulation/25cm/simulation_plots/wk_response_32x32.png Graphic file (type
 png)
<use simulation/25cm/simulation_plots/wk_response_32x32.png>
Package pdftex.def Info: simulation/25cm/simulation_plots/wk_response_32x32.png
  used on input line 173.
(pdftex.def)             Requested size: 462.52686pt x 346.89514pt.
<simulation/20cm/simulation_plots/wk_response_32x32.png, id=1004, 462.528pt x 3
46.896pt>
File: simulation/20cm/simulation_plots/wk_response_32x32.png Graphic file (type
 png)
<use simulation/20cm/simulation_plots/wk_response_32x32.png>
Package pdftex.def Info: simulation/20cm/simulation_plots/wk_response_32x32.png
  used on input line 180.
(pdftex.def)             Requested size: 462.52686pt x 346.89514pt.
<simulation/12cm/simulation_plots_full/wk_response_32x32.png, id=1005, 462.528p
t x 346.896pt>
File: simulation/12cm/simulation_plots_full/wk_response_32x32.png Graphic file 
(type png)
<use simulation/12cm/simulation_plots_full/wk_response_32x32.png>
Package pdftex.def Info: simulation/12cm/simulation_plots_full/wk_response_32x3
2.png  used on input line 187.
(pdftex.def)             Requested size: 462.52686pt x 346.89514pt.
<simulation/10cm/simulation_plots/wk_response_32x32.png, id=1006, 462.528pt x 3
46.896pt>
File: simulation/10cm/simulation_plots/wk_response_32x32.png Graphic file (type
 png)
<use simulation/10cm/simulation_plots/wk_response_32x32.png>
Package pdftex.def Info: simulation/10cm/simulation_plots/wk_response_32x32.png
  used on input line 194.
(pdftex.def)             Requested size: 462.52686pt x 346.89514pt.

Overfull \hbox (2.22221pt too wide) in paragraph at lines 157--199
[]$[]$ $[]$
 []


Overfull \hbox (2.22221pt too wide) in paragraph at lines 157--199
[]$ $[]$
 []


Overfull \hbox (2.22221pt too wide) in paragraph at lines 157--199
[]$ $[]$ 
 []

[52

] [53 <./simulation/40cm/simulation_plots/wk_response_32x32.png> <./simulation/
30cm/simulation_plots/wk_response_32x32.png> <./simulation/25cm/simulation_plot
s/wk_response_32x32.png> <./simulation/20cm/simulation_plots/wk_response_32x32.
png> <./simulation/12cm/simulation_plots_full/wk_response_32x32.png> <./simulat
ion/10cm/simulation_plots/wk_response_32x32.png>]
<simulation/10cm/simulation_plots/wk_response_s_os_8.png, id=1024, 462.528pt x 
346.896pt>
File: simulation/10cm/simulation_plots/wk_response_s_os_8.png Graphic file (typ
e png)
<use simulation/10cm/simulation_plots/wk_response_s_os_8.png>
Package pdftex.def Info: simulation/10cm/simulation_plots/wk_response_s_os_8.pn
g  used on input line 207.
(pdftex.def)             Requested size: 462.52686pt x 346.89514pt.
<simulation/10cm/simulation_plots_phase_corrected/wk_response_32x32.png, id=102
8, 462.528pt x 346.896pt>
File: simulation/10cm/simulation_plots_phase_corrected/wk_response_32x32.png Gr
aphic file (type png)
<use simulation/10cm/simulation_plots_phase_corrected/wk_response_32x32.png>
Package pdftex.def Info: simulation/10cm/simulation_plots_phase_corrected/wk_re
sponse_32x32.png  used on input line 215.
(pdftex.def)             Requested size: 462.52686pt x 346.89514pt.
<simulation/10cm/simulation_plots_phase_corrected/wk_response_s_os_8.png, id=10
29, 462.528pt x 346.896pt>
File: simulation/10cm/simulation_plots_phase_corrected/wk_response_s_os_8.png G
raphic file (type png)
<use simulation/10cm/simulation_plots_phase_corrected/wk_response_s_os_8.png>
Package pdftex.def Info: simulation/10cm/simulation_plots_phase_corrected/wk_re
sponse_s_os_8.png  used on input line 222.
(pdftex.def)             Requested size: 462.52686pt x 346.89514pt.
<simulation/10cm/simulation_plots_phase_corrected/wk_response_s_os_64.png, id=1
032, 462.528pt x 346.896pt>
File: simulation/10cm/simulation_plots_phase_corrected/wk_response_s_os_64.png 
Graphic file (type png)
<use simulation/10cm/simulation_plots_phase_corrected/wk_response_s_os_64.png>
Package pdftex.def Info: simulation/10cm/simulation_plots_phase_corrected/wk_re
sponse_s_os_64.png  used on input line 232.
(pdftex.def)             Requested size: 462.52686pt x 346.89514pt.
 [54

 <./simulation/10cm/simulation_plots/wk_response_s_os_8.png>] [55 <./simulation
/10cm/simulation_plots_phase_corrected/wk_response_32x32.png>] [56 <./simulatio
n/10cm/simulation_plots_phase_corrected/wk_response_s_os_8.png>] [57 <./simulat
ion/10cm/simulation_plots_phase_corrected/wk_response_s_os_64.png>] [58]) (./co
nclusion.tex) [59

]
Overfull \hbox (1.12498pt too wide) in paragraph at lines 113--113
[]\OT1/cmr/m/n/10 Peter A Fox, An-thony P Lus-combe, and Alan A Thomp-son. ``RA
DARSAT-
 []


Overfull \hbox (0.88448pt too wide) in paragraph at lines 113--113
[]\OT1/cmr/m/n/10 N. Gebert. ``Multi-Channel Az-imuth Pro-cess-ing for High-Res
olution Wide-
 []

[60

] [61]
Appendix A.
(./vectorcalc.tex) (./inertialtoecef.tex [62

] [63]) (./rateofacceleration.tex
[64]
Overfull \hbox (29.38391pt too wide) detected at line 81
[]
 []

[65]
Overfull \hbox (0.78197pt too wide) detected at line 124
[]
 []

) (./rangeAppendix.tex
Overfull \hbox (23.2246pt too wide) in paragraph at lines 1--1
[]\OT1/cmr/bx/n/14.4 Derivation of the arclength-paremterized range
 []

[66]
Overfull \hbox (4.8093pt too wide) detected at line 21
[]
 []


Overfull \hbox (2.77779pt too wide) in alignment at lines 20--21
[] []
 []

[67]) (./stolz.tex [68] [69]) (./mimo.tex (./mimoconfig.pdf_tex
<mimoconfig.pdf, id=1210, page=1, 480.5175pt x 243.95833pt>
File: mimoconfig.pdf Graphic file (type pdf)
<use mimoconfig.pdf, page 1>
Package pdftex.def Info: mimoconfig.pdf , page1 used on input line 56.
(pdftex.def)             Requested size: 480.5175pt x 243.96516pt.
) [70] [71 <./mimoconfig.pdf>] [72]) (./antennaanglesAppendix.tex
Overfull \hbox (16.56163pt too wide) detected at line 21
[]
 []

[73] [74]) [75] (./ECEFacceleration.aux)
Package rerunfilecheck Info: File `ECEFacceleration.out' has not changed.
(rerunfilecheck)             Checksum: 680C8C1B9AEC6F66B2CE756F6DB41BE8;4434.
Package logreq Info: Writing requests to 'ECEFacceleration.run.xml'.
\openout1 = `ECEFacceleration.run.xml'.

 ) 
Here is how much of TeX's memory you used:
 41343 strings out of 480641
 955820 string characters out of 5898243
 1824451 words of memory out of 5000000
 57068 multiletter control sequences out of 15000+600000
 420558 words of font info for 89 fonts, out of 8000000 for 9000
 350 hyphenation exceptions out of 8191
 87i,24n,88p,1925b,1858s stack positions out of 5000i,500n,10000p,200000b,80000s
{/usr/share/texmf/fonts/enc/dvips/cm-super/cm-super-ts1.enc}</usr/share/texli
ve/texmf-dist/fonts/type1/public/amsfonts/cm/cmbx10.pfb></usr/share/texlive/tex
mf-dist/fonts/type1/public/amsfonts/cm/cmbx12.pfb></usr/share/texlive/texmf-dis
t/fonts/type1/public/amsfonts/cm/cmbx5.pfb></usr/share/texlive/texmf-dist/fonts
/type1/public/amsfonts/cm/cmbx7.pfb></usr/share/texlive/texmf-dist/fonts/type1/
public/amsfonts/cm/cmbx8.pfb></usr/share/texlive/texmf-dist/fonts/type1/public/
amsfonts/cm/cmcsc10.pfb></usr/share/texlive/texmf-dist/fonts/type1/public/amsfo
nts/cm/cmex10.pfb></usr/share/texlive/texmf-dist/fonts/type1/public/amsfonts/cm
/cmmi10.pfb></usr/share/texlive/texmf-dist/fonts/type1/public/amsfonts/cm/cmmi1
2.pfb></usr/share/texlive/texmf-dist/fonts/type1/public/amsfonts/cm/cmmi5.pfb><
/usr/share/texlive/texmf-dist/fonts/type1/public/amsfonts/cm/cmmi6.pfb></usr/sh
are/texlive/texmf-dist/fonts/type1/public/amsfonts/cm/cmmi7.pfb></usr/share/tex
live/texmf-dist/fonts/type1/public/amsfonts/cm/cmmi8.pfb></usr/share/texlive/te
xmf-dist/fonts/type1/public/amsfonts/cm/cmmib10.pfb></usr/share/texlive/texmf-d
ist/fonts/type1/public/amsfonts/cmextra/cmmib5.pfb></usr/share/texlive/texmf-di
st/fonts/type1/public/amsfonts/cmextra/cmmib7.pfb></usr/share/texlive/texmf-dis
t/fonts/type1/public/amsfonts/cm/cmr10.pfb></usr/share/texlive/texmf-dist/fonts
/type1/public/amsfonts/cm/cmr12.pfb></usr/share/texlive/texmf-dist/fonts/type1/
public/amsfonts/cm/cmr17.pfb></usr/share/texlive/texmf-dist/fonts/type1/public/
amsfonts/cm/cmr5.pfb></usr/share/texlive/texmf-dist/fonts/type1/public/amsfonts
/cm/cmr6.pfb></usr/share/texlive/texmf-dist/fonts/type1/public/amsfonts/cm/cmr7
.pfb></usr/share/texlive/texmf-dist/fonts/type1/public/amsfonts/cm/cmr8.pfb></u
sr/share/texlive/texmf-dist/fonts/type1/public/amsfonts/cm/cmr9.pfb></usr/share
/texlive/texmf-dist/fonts/type1/public/amsfonts/cm/cmsl10.pfb></usr/share/texli
ve/texmf-dist/fonts/type1/public/amsfonts/cm/cmsl12.pfb></usr/share/texlive/tex
mf-dist/fonts/type1/public/amsfonts/cm/cmss10.pfb></usr/share/texlive/texmf-dis
t/fonts/type1/public/amsfonts/cm/cmss12.pfb></usr/share/texlive/texmf-dist/font
s/type1/public/amsfonts/cm/cmsy10.pfb></usr/share/texlive/texmf-dist/fonts/type
1/public/amsfonts/cm/cmsy5.pfb></usr/share/texlive/texmf-dist/fonts/type1/publi
c/amsfonts/cm/cmsy7.pfb></usr/share/texlive/texmf-dist/fonts/type1/public/amsfo
nts/cm/cmsy8.pfb></usr/share/texlive/texmf-dist/fonts/type1/public/amsfonts/cm/
cmti10.pfb></usr/share/texlive/texmf-dist/fonts/type1/public/amsfonts/cm/cmtt10
.pfb></usr/share/texlive/texmf-dist/fonts/type1/public/amsfonts/cm/cmtt9.pfb></
usr/share/texlive/texmf-dist/fonts/type1/public/amsfonts/euler/eusm10.pfb></usr
/share/texmf/fonts/type1/public/cm-super/sfrm1000.pfb>
Output written on ECEFacceleration.pdf (76 pages, 4390247 bytes).
PDF statistics:
 1505 PDF objects out of 1728 (max. 8388607)
 1297 compressed objects within 13 object streams
 435 named destinations out of 1000 (max. 500000)
 633 words of extra memory for PDF output out of 10000 (max. 10000000)

