This is pdfTeX, Version 3.141592653-2.6-1.40.22 (MiKTeX 21.6) (preloaded format=pdflatex 2021.9.14)  27 SEP 2021 16:12
entering extended mode
**"C:/Users/Ishuwa.Sikaneta/local/sarsim/doc/ECEF Acceleration/slides.tex"
(C:/Users/Ishuwa.Sikaneta/local/sarsim/doc/ECEF Acceleration/slides.tex
LaTeX2e <2021-06-01>
L3 programming layer <2021-06-01>
(C:\Users\Ishuwa.Sikaneta\AppData\Local\Programs\MiKTeX\tex/latex/beamer\beamer
.cls
Document Class: beamer 2021/05/26 v3.63 A class for typesetting presentations

(C:\Users\Ishuwa.Sikaneta\AppData\Local\Programs\MiKTeX\tex/latex/beamer\beamer
basemodes.sty
(C:\Users\Ishuwa.Sikaneta\AppData\Local\Programs\MiKTeX\tex/latex/etoolbox\etoo
lbox.sty
Package: etoolbox 2020/10/05 v2.5k e-TeX tools for LaTeX (JAW)
\etb@tempcnta=\count182
)
\beamer@tempbox=\box50
\beamer@tempcount=\count183
\c@beamerpauses=\count184

(C:\Users\Ishuwa.Sikaneta\AppData\Local\Programs\MiKTeX\tex/latex/beamer\beamer
basedecode.sty
\beamer@slideinframe=\count185
\beamer@minimum=\count186
\beamer@decode@box=\box51
)
\beamer@commentbox=\box52
\beamer@modecount=\count187
)
(C:\Users\Ishuwa.Sikaneta\AppData\Local\Programs\MiKTeX\tex/generic/iftex\ifpdf
.sty
Package: ifpdf 2019/10/25 v3.4 ifpdf legacy package. Use iftex instead.

(C:\Users\Ishuwa.Sikaneta\AppData\Local\Programs\MiKTeX\tex/generic/iftex\iftex
.sty
Package: iftex 2020/03/06 v1.0d TeX engine tests
))
\headdp=\dimen138
\footheight=\dimen139
\sidebarheight=\dimen140
\beamer@tempdim=\dimen141
\beamer@finalheight=\dimen142
\beamer@animht=\dimen143
\beamer@animdp=\dimen144
\beamer@animwd=\dimen145
\beamer@leftmargin=\dimen146
\beamer@rightmargin=\dimen147
\beamer@leftsidebar=\dimen148
\beamer@rightsidebar=\dimen149
\beamer@boxsize=\dimen150
\beamer@vboxoffset=\dimen151
\beamer@descdefault=\dimen152
\beamer@descriptionwidth=\dimen153
\beamer@lastskip=\skip47
\beamer@areabox=\box53
\beamer@animcurrent=\box54
\beamer@animshowbox=\box55
\beamer@sectionbox=\box56
\beamer@logobox=\box57
\beamer@linebox=\box58
\beamer@sectioncount=\count188
\beamer@subsubsectionmax=\count189
\beamer@subsectionmax=\count190
\beamer@sectionmax=\count191
\beamer@totalheads=\count192
\beamer@headcounter=\count193
\beamer@partstartpage=\count194
\beamer@sectionstartpage=\count195
\beamer@subsectionstartpage=\count196
\beamer@animationtempa=\count197
\beamer@animationtempb=\count198
\beamer@xpos=\count199
\beamer@ypos=\count266
\beamer@ypos@offset=\count267
\beamer@showpartnumber=\count268
\beamer@currentsubsection=\count269
\beamer@coveringdepth=\count270
\beamer@sectionadjust=\count271
\beamer@toclastsection=\count272
\beamer@tocsectionnumber=\count273

(C:\Users\Ishuwa.Sikaneta\AppData\Local\Programs\MiKTeX\tex/latex/beamer\beamer
baseoptions.sty
(C:\Users\Ishuwa.Sikaneta\AppData\Local\Programs\MiKTeX\tex/latex/graphics\keyv
al.sty
Package: keyval 2014/10/28 v1.15 key=value parser (DPC)
\KV@toks@=\toks16
))
\beamer@paperwidth=\skip48
\beamer@paperheight=\skip49

(C:\Users\Ishuwa.Sikaneta\AppData\Local\Programs\MiKTeX\tex/latex/geometry\geom
etry.sty
Package: geometry 2020/01/02 v5.9 Page Geometry

(C:\Users\Ishuwa.Sikaneta\AppData\Local\Programs\MiKTeX\tex/generic/iftex\ifvte
x.sty
Package: ifvtex 2019/10/25 v1.7 ifvtex legacy package. Use iftex instead.
)
\Gm@cnth=\count274
\Gm@cntv=\count275
\c@Gm@tempcnt=\count276
\Gm@bindingoffset=\dimen154
\Gm@wd@mp=\dimen155
\Gm@odd@mp=\dimen156
\Gm@even@mp=\dimen157
\Gm@layoutwidth=\dimen158
\Gm@layoutheight=\dimen159
\Gm@layouthoffset=\dimen160
\Gm@layoutvoffset=\dimen161
\Gm@dimlist=\toks17

(C:\Users\Ishuwa.Sikaneta\AppData\Local\Programs\MiKTeX\tex/latex/geometry\geom
etry.cfg))
(C:\Users\Ishuwa.Sikaneta\AppData\Local\Programs\MiKTeX\tex/latex/base\size11.c
lo
File: size11.clo 2021/02/12 v1.4n Standard LaTeX file (size option)
)
(C:\Users\Ishuwa.Sikaneta\AppData\Local\Programs\MiKTeX\tex/latex/pgf/basiclaye
r\pgfcore.sty
(C:\Users\Ishuwa.Sikaneta\AppData\Local\Programs\MiKTeX\tex/latex/graphics\grap
hicx.sty
Package: graphicx 2020/12/05 v1.2c Enhanced LaTeX Graphics (DPC,SPQR)

(C:\Users\Ishuwa.Sikaneta\AppData\Local\Programs\MiKTeX\tex/latex/graphics\grap
hics.sty
Package: graphics 2021/03/04 v1.4d Standard LaTeX Graphics (DPC,SPQR)

(C:\Users\Ishuwa.Sikaneta\AppData\Local\Programs\MiKTeX\tex/latex/graphics\trig
.sty
Package: trig 2016/01/03 v1.10 sin cos tan (DPC)
)
(C:\Users\Ishuwa.Sikaneta\AppData\Local\Programs\MiKTeX\tex/latex/graphics-cfg\
graphics.cfg
File: graphics.cfg 2016/06/04 v1.11 sample graphics configuration
)
Package graphics Info: Driver file: pdftex.def on input line 107.

(C:\Users\Ishuwa.Sikaneta\AppData\Local\Programs\MiKTeX\tex/latex/graphics-def\
pdftex.def
File: pdftex.def 2020/10/05 v1.2a Graphics/color driver for pdftex
))
\Gin@req@height=\dimen162
\Gin@req@width=\dimen163
)
(C:\Users\Ishuwa.Sikaneta\AppData\Local\Programs\MiKTeX\tex/latex/pgf/systemlay
er\pgfsys.sty
(C:\Users\Ishuwa.Sikaneta\AppData\Local\Programs\MiKTeX\tex/latex/pgf/utilities
\pgfrcs.sty
(C:\Users\Ishuwa.Sikaneta\AppData\Local\Programs\MiKTeX\tex/generic/pgf/utiliti
es\pgfutil-common.tex
\pgfutil@everybye=\toks18
\pgfutil@tempdima=\dimen164
\pgfutil@tempdimb=\dimen165

(C:\Users\Ishuwa.Sikaneta\AppData\Local\Programs\MiKTeX\tex/generic/pgf/utiliti
es\pgfutil-common-lists.tex))
(C:\Users\Ishuwa.Sikaneta\AppData\Local\Programs\MiKTeX\tex/generic/pgf/utiliti
es\pgfutil-latex.def
\pgfutil@abb=\box59
)
(C:\Users\Ishuwa.Sikaneta\AppData\Local\Programs\MiKTeX\tex/generic/pgf/utiliti
es\pgfrcs.code.tex
(C:\Users\Ishuwa.Sikaneta\AppData\Local\Programs\MiKTeX\tex/generic/pgf\pgf.rev
ision.tex)
Package: pgfrcs 2021/05/15 v3.1.9a (3.1.9a)
))
(C:\Users\Ishuwa.Sikaneta\AppData\Local\Programs\MiKTeX\tex/generic/pgf/systeml
ayer\pgfsys.code.tex
Package: pgfsys 2021/05/15 v3.1.9a (3.1.9a)

(C:\Users\Ishuwa.Sikaneta\AppData\Local\Programs\MiKTeX\tex/generic/pgf/utiliti
es\pgfkeys.code.tex
\pgfkeys@pathtoks=\toks19
\pgfkeys@temptoks=\toks20

(C:\Users\Ishuwa.Sikaneta\AppData\Local\Programs\MiKTeX\tex/generic/pgf/utiliti
es\pgfkeysfiltered.code.tex
\pgfkeys@tmptoks=\toks21
))
\pgf@x=\dimen166
\pgf@y=\dimen167
\pgf@xa=\dimen168
\pgf@ya=\dimen169
\pgf@xb=\dimen170
\pgf@yb=\dimen171
\pgf@xc=\dimen172
\pgf@yc=\dimen173
\pgf@xd=\dimen174
\pgf@yd=\dimen175
\w@pgf@writea=\write3
\r@pgf@reada=\read2
\c@pgf@counta=\count277
\c@pgf@countb=\count278
\c@pgf@countc=\count279
\c@pgf@countd=\count280
\t@pgf@toka=\toks22
\t@pgf@tokb=\toks23
\t@pgf@tokc=\toks24
\pgf@sys@id@count=\count281

(C:\Users\Ishuwa.Sikaneta\AppData\Local\Programs\MiKTeX\tex/generic/pgf/systeml
ayer\pgf.cfg
File: pgf.cfg 2021/05/15 v3.1.9a (3.1.9a)
)
Driver file for pgf: pgfsys-pdftex.def

(C:\Users\Ishuwa.Sikaneta\AppData\Local\Programs\MiKTeX\tex/generic/pgf/systeml
ayer\pgfsys-pdftex.def
File: pgfsys-pdftex.def 2021/05/15 v3.1.9a (3.1.9a)

(C:\Users\Ishuwa.Sikaneta\AppData\Local\Programs\MiKTeX\tex/generic/pgf/systeml
ayer\pgfsys-common-pdf.def
File: pgfsys-common-pdf.def 2021/05/15 v3.1.9a (3.1.9a)
)))
(C:\Users\Ishuwa.Sikaneta\AppData\Local\Programs\MiKTeX\tex/generic/pgf/systeml
ayer\pgfsyssoftpath.code.tex
File: pgfsyssoftpath.code.tex 2021/05/15 v3.1.9a (3.1.9a)
\pgfsyssoftpath@smallbuffer@items=\count282
\pgfsyssoftpath@bigbuffer@items=\count283
)
(C:\Users\Ishuwa.Sikaneta\AppData\Local\Programs\MiKTeX\tex/generic/pgf/systeml
ayer\pgfsysprotocol.code.tex
File: pgfsysprotocol.code.tex 2021/05/15 v3.1.9a (3.1.9a)
))
(C:\Users\Ishuwa.Sikaneta\AppData\Local\Programs\MiKTeX\tex/latex/xcolor\xcolor
.sty
Package: xcolor 2016/05/11 v2.12 LaTeX color extensions (UK)

(C:\Users\Ishuwa.Sikaneta\AppData\Local\Programs\MiKTeX\tex/latex/graphics-cfg\
color.cfg
File: color.cfg 2016/01/02 v1.6 sample color configuration
)
Package xcolor Info: Driver file: pdftex.def on input line 225.
Package xcolor Info: Model `cmy' substituted by `cmy0' on input line 1348.
Package xcolor Info: Model `hsb' substituted by `rgb' on input line 1352.
Package xcolor Info: Model `RGB' extended on input line 1364.
Package xcolor Info: Model `HTML' substituted by `rgb' on input line 1366.
Package xcolor Info: Model `Hsb' substituted by `hsb' on input line 1367.
Package xcolor Info: Model `tHsb' substituted by `hsb' on input line 1368.
Package xcolor Info: Model `HSB' substituted by `hsb' on input line 1369.
Package xcolor Info: Model `Gray' substituted by `gray' on input line 1370.
Package xcolor Info: Model `wave' substituted by `hsb' on input line 1371.
)
(C:\Users\Ishuwa.Sikaneta\AppData\Local\Programs\MiKTeX\tex/generic/pgf/basicla
yer\pgfcore.code.tex
Package: pgfcore 2021/05/15 v3.1.9a (3.1.9a)

(C:\Users\Ishuwa.Sikaneta\AppData\Local\Programs\MiKTeX\tex/generic/pgf/math\pg
fmath.code.tex
(C:\Users\Ishuwa.Sikaneta\AppData\Local\Programs\MiKTeX\tex/generic/pgf/math\pg
fmathcalc.code.tex
(C:\Users\Ishuwa.Sikaneta\AppData\Local\Programs\MiKTeX\tex/generic/pgf/math\pg
fmathutil.code.tex)
(C:\Users\Ishuwa.Sikaneta\AppData\Local\Programs\MiKTeX\tex/generic/pgf/math\pg
fmathparser.code.tex
\pgfmath@dimen=\dimen176
\pgfmath@count=\count284
\pgfmath@box=\box60
\pgfmath@toks=\toks25
\pgfmath@stack@operand=\toks26
\pgfmath@stack@operation=\toks27
)
(C:\Users\Ishuwa.Sikaneta\AppData\Local\Programs\MiKTeX\tex/generic/pgf/math\pg
fmathfunctions.code.tex
(C:\Users\Ishuwa.Sikaneta\AppData\Local\Programs\MiKTeX\tex/generic/pgf/math\pg
fmathfunctions.basic.code.tex)
(C:\Users\Ishuwa.Sikaneta\AppData\Local\Programs\MiKTeX\tex/generic/pgf/math\pg
fmathfunctions.trigonometric.code.tex)
(C:\Users\Ishuwa.Sikaneta\AppData\Local\Programs\MiKTeX\tex/generic/pgf/math\pg
fmathfunctions.random.code.tex)
(C:\Users\Ishuwa.Sikaneta\AppData\Local\Programs\MiKTeX\tex/generic/pgf/math\pg
fmathfunctions.comparison.code.tex)
(C:\Users\Ishuwa.Sikaneta\AppData\Local\Programs\MiKTeX\tex/generic/pgf/math\pg
fmathfunctions.base.code.tex)
(C:\Users\Ishuwa.Sikaneta\AppData\Local\Programs\MiKTeX\tex/generic/pgf/math\pg
fmathfunctions.round.code.tex)
(C:\Users\Ishuwa.Sikaneta\AppData\Local\Programs\MiKTeX\tex/generic/pgf/math\pg
fmathfunctions.misc.code.tex)
(C:\Users\Ishuwa.Sikaneta\AppData\Local\Programs\MiKTeX\tex/generic/pgf/math\pg
fmathfunctions.integerarithmetics.code.tex)))
(C:\Users\Ishuwa.Sikaneta\AppData\Local\Programs\MiKTeX\tex/generic/pgf/math\pg
fmathfloat.code.tex
\c@pgfmathroundto@lastzeros=\count285
))
(C:\Users\Ishuwa.Sikaneta\AppData\Local\Programs\MiKTeX\tex/generic/pgf/math\pg
fint.code.tex)
(C:\Users\Ishuwa.Sikaneta\AppData\Local\Programs\MiKTeX\tex/generic/pgf/basicla
yer\pgfcorepoints.code.tex
File: pgfcorepoints.code.tex 2021/05/15 v3.1.9a (3.1.9a)
\pgf@picminx=\dimen177
\pgf@picmaxx=\dimen178
\pgf@picminy=\dimen179
\pgf@picmaxy=\dimen180
\pgf@pathminx=\dimen181
\pgf@pathmaxx=\dimen182
\pgf@pathminy=\dimen183
\pgf@pathmaxy=\dimen184
\pgf@xx=\dimen185
\pgf@xy=\dimen186
\pgf@yx=\dimen187
\pgf@yy=\dimen188
\pgf@zx=\dimen189
\pgf@zy=\dimen190
)
(C:\Users\Ishuwa.Sikaneta\AppData\Local\Programs\MiKTeX\tex/generic/pgf/basicla
yer\pgfcorepathconstruct.code.tex
File: pgfcorepathconstruct.code.tex 2021/05/15 v3.1.9a (3.1.9a)
\pgf@path@lastx=\dimen191
\pgf@path@lasty=\dimen192
)
(C:\Users\Ishuwa.Sikaneta\AppData\Local\Programs\MiKTeX\tex/generic/pgf/basicla
yer\pgfcorepathusage.code.tex
File: pgfcorepathusage.code.tex 2021/05/15 v3.1.9a (3.1.9a)
\pgf@shorten@end@additional=\dimen193
\pgf@shorten@start@additional=\dimen194
)
(C:\Users\Ishuwa.Sikaneta\AppData\Local\Programs\MiKTeX\tex/generic/pgf/basicla
yer\pgfcorescopes.code.tex
File: pgfcorescopes.code.tex 2021/05/15 v3.1.9a (3.1.9a)
\pgfpic=\box61
\pgf@hbox=\box62
\pgf@layerbox@main=\box63
\pgf@picture@serial@count=\count286
)
(C:\Users\Ishuwa.Sikaneta\AppData\Local\Programs\MiKTeX\tex/generic/pgf/basicla
yer\pgfcoregraphicstate.code.tex
File: pgfcoregraphicstate.code.tex 2021/05/15 v3.1.9a (3.1.9a)
\pgflinewidth=\dimen195
)
(C:\Users\Ishuwa.Sikaneta\AppData\Local\Programs\MiKTeX\tex/generic/pgf/basicla
yer\pgfcoretransformations.code.tex
File: pgfcoretransformations.code.tex 2021/05/15 v3.1.9a (3.1.9a)
\pgf@pt@x=\dimen196
\pgf@pt@y=\dimen197
\pgf@pt@temp=\dimen198
)
(C:\Users\Ishuwa.Sikaneta\AppData\Local\Programs\MiKTeX\tex/generic/pgf/basicla
yer\pgfcorequick.code.tex
File: pgfcorequick.code.tex 2021/05/15 v3.1.9a (3.1.9a)
)
(C:\Users\Ishuwa.Sikaneta\AppData\Local\Programs\MiKTeX\tex/generic/pgf/basicla
yer\pgfcoreobjects.code.tex
File: pgfcoreobjects.code.tex 2021/05/15 v3.1.9a (3.1.9a)
)
(C:\Users\Ishuwa.Sikaneta\AppData\Local\Programs\MiKTeX\tex/generic/pgf/basicla
yer\pgfcorepathprocessing.code.tex
File: pgfcorepathprocessing.code.tex 2021/05/15 v3.1.9a (3.1.9a)
)
(C:\Users\Ishuwa.Sikaneta\AppData\Local\Programs\MiKTeX\tex/generic/pgf/basicla
yer\pgfcorearrows.code.tex
File: pgfcorearrows.code.tex 2021/05/15 v3.1.9a (3.1.9a)
\pgfarrowsep=\dimen199
)
(C:\Users\Ishuwa.Sikaneta\AppData\Local\Programs\MiKTeX\tex/generic/pgf/basicla
yer\pgfcoreshade.code.tex
File: pgfcoreshade.code.tex 2021/05/15 v3.1.9a (3.1.9a)
\pgf@max=\dimen256
\pgf@sys@shading@range@num=\count287
\pgf@shadingcount=\count288
)
(C:\Users\Ishuwa.Sikaneta\AppData\Local\Programs\MiKTeX\tex/generic/pgf/basicla
yer\pgfcoreimage.code.tex
File: pgfcoreimage.code.tex 2021/05/15 v3.1.9a (3.1.9a)

(C:\Users\Ishuwa.Sikaneta\AppData\Local\Programs\MiKTeX\tex/generic/pgf/basicla
yer\pgfcoreexternal.code.tex
File: pgfcoreexternal.code.tex 2021/05/15 v3.1.9a (3.1.9a)
\pgfexternal@startupbox=\box64
))
(C:\Users\Ishuwa.Sikaneta\AppData\Local\Programs\MiKTeX\tex/generic/pgf/basicla
yer\pgfcorelayers.code.tex
File: pgfcorelayers.code.tex 2021/05/15 v3.1.9a (3.1.9a)
)
(C:\Users\Ishuwa.Sikaneta\AppData\Local\Programs\MiKTeX\tex/generic/pgf/basicla
yer\pgfcoretransparency.code.tex
File: pgfcoretransparency.code.tex 2021/05/15 v3.1.9a (3.1.9a)
)
(C:\Users\Ishuwa.Sikaneta\AppData\Local\Programs\MiKTeX\tex/generic/pgf/basicla
yer\pgfcorepatterns.code.tex
File: pgfcorepatterns.code.tex 2021/05/15 v3.1.9a (3.1.9a)
)
(C:\Users\Ishuwa.Sikaneta\AppData\Local\Programs\MiKTeX\tex/generic/pgf/basicla
yer\pgfcorerdf.code.tex
File: pgfcorerdf.code.tex 2021/05/15 v3.1.9a (3.1.9a)
)))
(C:\Users\Ishuwa.Sikaneta\AppData\Local\Programs\MiKTeX\tex/latex/pgf/utilities
\xxcolor.sty
Package: xxcolor 2003/10/24 ver 0.1
\XC@nummixins=\count289
\XC@countmixins=\count290
)
(C:\Users\Ishuwa.Sikaneta\AppData\Local\Programs\MiKTeX\tex/latex/base\atbegshi
-ltx.sty
Package: atbegshi-ltx 2021/01/10 v1.0c Emulation of the original atbegshi
package with kernel methods
)
(C:\Users\Ishuwa.Sikaneta\AppData\Local\Programs\MiKTeX\tex/latex/hyperref\hype
rref.sty
Package: hyperref 2021-06-05 v7.00l Hypertext links for LaTeX

(C:\Users\Ishuwa.Sikaneta\AppData\Local\Programs\MiKTeX\tex/generic/ltxcmds\ltx
cmds.sty
Package: ltxcmds 2020-05-10 v1.25 LaTeX kernel commands for general use (HO)
)
(C:\Users\Ishuwa.Sikaneta\AppData\Local\Programs\MiKTeX\tex/generic/pdftexcmds\
pdftexcmds.sty
Package: pdftexcmds 2020-06-27 v0.33 Utility functions of pdfTeX for LuaTeX (HO
)

(C:\Users\Ishuwa.Sikaneta\AppData\Local\Programs\MiKTeX\tex/generic/infwarerr\i
nfwarerr.sty
Package: infwarerr 2019/12/03 v1.5 Providing info/warning/error messages (HO)
)
Package pdftexcmds Info: \pdf@primitive is available.
Package pdftexcmds Info: \pdf@ifprimitive is available.
Package pdftexcmds Info: \pdfdraftmode found.
)
(C:\Users\Ishuwa.Sikaneta\AppData\Local\Programs\MiKTeX\tex/generic/kvsetkeys\k
vsetkeys.sty
Package: kvsetkeys 2019/12/15 v1.18 Key value parser (HO)
)
(C:\Users\Ishuwa.Sikaneta\AppData\Local\Programs\MiKTeX\tex/generic/kvdefinekey
s\kvdefinekeys.sty
Package: kvdefinekeys 2019-12-19 v1.6 Define keys (HO)
)
(C:\Users\Ishuwa.Sikaneta\AppData\Local\Programs\MiKTeX\tex/generic/pdfescape\p
dfescape.sty
Package: pdfescape 2019/12/09 v1.15 Implements pdfTeX's escape features (HO)
)
(C:\Users\Ishuwa.Sikaneta\AppData\Local\Programs\MiKTeX\tex/latex/hycolor\hycol
or.sty
Package: hycolor 2020-01-27 v1.10 Color options for hyperref/bookmark (HO)
)
(C:\Users\Ishuwa.Sikaneta\AppData\Local\Programs\MiKTeX\tex/latex/letltxmacro\l
etltxmacro.sty
Package: letltxmacro 2019/12/03 v1.6 Let assignment for LaTeX macros (HO)
)
(C:\Users\Ishuwa.Sikaneta\AppData\Local\Programs\MiKTeX\tex/latex/auxhook\auxho
ok.sty
Package: auxhook 2019-12-17 v1.6 Hooks for auxiliary files (HO)
)
(C:\Users\Ishuwa.Sikaneta\AppData\Local\Programs\MiKTeX\tex/latex/kvoptions\kvo
ptions.sty
Package: kvoptions 2020-10-07 v3.14 Key value format for package options (HO)
)
\@linkdim=\dimen257
\Hy@linkcounter=\count291
\Hy@pagecounter=\count292

(C:\Users\Ishuwa.Sikaneta\AppData\Local\Programs\MiKTeX\tex/latex/hyperref\pd1e
nc.def
File: pd1enc.def 2021-06-05 v7.00l Hyperref: PDFDocEncoding definition (HO)
Now handling font encoding PD1 ...
... no UTF-8 mapping file for font encoding PD1
)
(C:\Users\Ishuwa.Sikaneta\AppData\Local\Programs\MiKTeX\tex/latex/hyperref\hype
rref-langpatches.def
File: hyperref-langpatches.def 2021-06-05 v7.00l Hyperref: patches for babel la
nguages
)
(C:\Users\Ishuwa.Sikaneta\AppData\Local\Programs\MiKTeX\tex/generic/intcalc\int
calc.sty
Package: intcalc 2019/12/15 v1.3 Expandable calculations with integers (HO)
)
(C:\Users\Ishuwa.Sikaneta\AppData\Local\Programs\MiKTeX\tex/generic/etexcmds\et
excmds.sty
Package: etexcmds 2019/12/15 v1.7 Avoid name clashes with e-TeX commands (HO)
)
\Hy@SavedSpaceFactor=\count293

(C:\Users\Ishuwa.Sikaneta\AppData\Local\Programs\MiKTeX\tex/latex/hyperref\puen
c.def
File: puenc.def 2021-06-05 v7.00l Hyperref: PDF Unicode definition (HO)
Now handling font encoding PU ...
... no UTF-8 mapping file for font encoding PU
)
Package hyperref Info: Option `bookmarks' set `true' on input line 4073.
Package hyperref Info: Option `bookmarksopen' set `true' on input line 4073.
Package hyperref Info: Option `implicit' set `false' on input line 4073.
Package hyperref Info: Hyper figures OFF on input line 4192.
Package hyperref Info: Link nesting OFF on input line 4197.
Package hyperref Info: Hyper index ON on input line 4200.
Package hyperref Info: Plain pages OFF on input line 4207.
Package hyperref Info: Backreferencing OFF on input line 4212.
Package hyperref Info: Implicit mode OFF; no redefinition of LaTeX internals.
Package hyperref Info: Bookmarks ON on input line 4445.
\c@Hy@tempcnt=\count294

(C:\Users\Ishuwa.Sikaneta\AppData\Local\Programs\MiKTeX\tex/latex/url\url.sty
\Urlmuskip=\muskip16
Package: url 2013/09/16  ver 3.4  Verb mode for urls, etc.
)
LaTeX Info: Redefining \url on input line 4804.
\XeTeXLinkMargin=\dimen258

(C:\Users\Ishuwa.Sikaneta\AppData\Local\Programs\MiKTeX\tex/generic/bitset\bits
et.sty
Package: bitset 2019/12/09 v1.3 Handle bit-vector datatype (HO)

(C:\Users\Ishuwa.Sikaneta\AppData\Local\Programs\MiKTeX\tex/generic/bigintcalc\
bigintcalc.sty
Package: bigintcalc 2019/12/15 v1.5 Expandable calculations on big integers (HO
)
))
\Fld@menulength=\count295
\Field@Width=\dimen259
\Fld@charsize=\dimen260
Package hyperref Info: Hyper figures OFF on input line 6076.
Package hyperref Info: Link nesting OFF on input line 6081.
Package hyperref Info: Hyper index ON on input line 6084.
Package hyperref Info: backreferencing OFF on input line 6091.
Package hyperref Info: Link coloring OFF on input line 6096.
Package hyperref Info: Link coloring with OCG OFF on input line 6101.
Package hyperref Info: PDF/A mode OFF on input line 6106.
LaTeX Info: Redefining \ref on input line 6146.
LaTeX Info: Redefining \pageref on input line 6150.
\Hy@abspage=\count296


Package hyperref Message: Stopped early.

)
Package hyperref Info: Driver (autodetected): hpdftex.

(C:\Users\Ishuwa.Sikaneta\AppData\Local\Programs\MiKTeX\tex/latex/hyperref\hpdf
tex.def
File: hpdftex.def 2021-06-05 v7.00l Hyperref driver for pdfTeX

(C:\Users\Ishuwa.Sikaneta\AppData\Local\Programs\MiKTeX\tex/latex/base\atveryen
d-ltx.sty
Package: atveryend-ltx 2020/08/19 v1.0a Emulation of the original atvery packag
e
with kernel methods
)
\Fld@listcount=\count297
\c@bookmark@seq@number=\count298

(C:\Users\Ishuwa.Sikaneta\AppData\Local\Programs\MiKTeX\tex/latex/rerunfilechec
k\rerunfilecheck.sty
Package: rerunfilecheck 2019/12/05 v1.9 Rerun checks for auxiliary files (HO)

(C:\Users\Ishuwa.Sikaneta\AppData\Local\Programs\MiKTeX\tex/generic/uniquecount
er\uniquecounter.sty
Package: uniquecounter 2019/12/15 v1.4 Provide unlimited unique counter (HO)
)
Package uniquecounter Info: New unique counter `rerunfilecheck' on input line 2
86.
))
(C:\Users\Ishuwa.Sikaneta\AppData\Local\Programs\MiKTeX\tex/latex/beamer\beamer
baserequires.sty
(C:\Users\Ishuwa.Sikaneta\AppData\Local\Programs\MiKTeX\tex/latex/beamer\beamer
basecompatibility.sty)
(C:\Users\Ishuwa.Sikaneta\AppData\Local\Programs\MiKTeX\tex/latex/beamer\beamer
basefont.sty
(C:\Users\Ishuwa.Sikaneta\AppData\Local\Programs\MiKTeX\tex/latex/amsfonts\amss
ymb.sty
Package: amssymb 2013/01/14 v3.01 AMS font symbols

(C:\Users\Ishuwa.Sikaneta\AppData\Local\Programs\MiKTeX\tex/latex/amsfonts\amsf
onts.sty
Package: amsfonts 2013/01/14 v3.01 Basic AMSFonts support
\@emptytoks=\toks28
\symAMSa=\mathgroup4
\symAMSb=\mathgroup5
LaTeX Font Info:    Redeclaring math symbol \hbar on input line 98.
LaTeX Font Info:    Overwriting math alphabet `\mathfrak' in version `bold'
(Font)                  U/euf/m/n --> U/euf/b/n on input line 106.
))
(C:\Users\Ishuwa.Sikaneta\AppData\Local\Programs\MiKTeX\tex/latex/sansmathaccen
t\sansmathaccent.sty
Package: sansmathaccent 2020/01/31

(C:\Users\Ishuwa.Sikaneta\AppData\Local\Programs\MiKTeX\tex/latex/koma-script\s
crlfile.sty
Package: scrlfile 2021/06/25 v3.34 KOMA-Script package (file load hooks)

(C:\Users\Ishuwa.Sikaneta\AppData\Local\Programs\MiKTeX\tex/latex/koma-script\s
crlfile-hook.sty
Package: scrlfile-hook 2021/06/25 v3.34 KOMA-Script package (using LaTeX hooks)


(C:\Users\Ishuwa.Sikaneta\AppData\Local\Programs\MiKTeX\tex/latex/koma-script\s
crlogo.sty
Package: scrlogo 2021/06/25 v3.34 KOMA-Script package (logo)
)))))
(C:\Users\Ishuwa.Sikaneta\AppData\Local\Programs\MiKTeX\tex/latex/beamer\beamer
basetranslator.sty
(C:\Users\Ishuwa.Sikaneta\AppData\Local\Programs\MiKTeX\tex/latex/translator\tr
anslator.sty
Package: translator 2021-05-31 v1.12d Easy translation of strings in LaTeX
))
(C:\Users\Ishuwa.Sikaneta\AppData\Local\Programs\MiKTeX\tex/latex/beamer\beamer
basemisc.sty)
(C:\Users\Ishuwa.Sikaneta\AppData\Local\Programs\MiKTeX\tex/latex/beamer\beamer
basetwoscreens.sty)
(C:\Users\Ishuwa.Sikaneta\AppData\Local\Programs\MiKTeX\tex/latex/beamer\beamer
baseoverlay.sty
\beamer@argscount=\count299
\beamer@lastskipcover=\skip50
\beamer@trivlistdepth=\count300
)
(C:\Users\Ishuwa.Sikaneta\AppData\Local\Programs\MiKTeX\tex/latex/beamer\beamer
basetitle.sty)
(C:\Users\Ishuwa.Sikaneta\AppData\Local\Programs\MiKTeX\tex/latex/beamer\beamer
basesection.sty
\c@lecture=\count301
\c@part=\count302
\c@section=\count303
\c@subsection=\count304
\c@subsubsection=\count305
)
(C:\Users\Ishuwa.Sikaneta\AppData\Local\Programs\MiKTeX\tex/latex/beamer\beamer
baseframe.sty
\beamer@framebox=\box65
\beamer@frametitlebox=\box66
\beamer@zoombox=\box67
\beamer@zoomcount=\count306
\beamer@zoomframecount=\count307
\beamer@frametextheight=\dimen261
\c@subsectionslide=\count308
\beamer@frametopskip=\skip51
\beamer@framebottomskip=\skip52
\beamer@frametopskipautobreak=\skip53
\beamer@framebottomskipautobreak=\skip54
\beamer@envbody=\toks29
\framewidth=\dimen262
\c@framenumber=\count309
)
(C:\Users\Ishuwa.Sikaneta\AppData\Local\Programs\MiKTeX\tex/latex/beamer\beamer
baseverbatim.sty
\beamer@verbatimfileout=\write4
)
(C:\Users\Ishuwa.Sikaneta\AppData\Local\Programs\MiKTeX\tex/latex/beamer\beamer
baseframesize.sty
\beamer@splitbox=\box68
\beamer@autobreakcount=\count310
\beamer@autobreaklastheight=\dimen263
\beamer@frametitletoks=\toks30
\beamer@framesubtitletoks=\toks31
)
(C:\Users\Ishuwa.Sikaneta\AppData\Local\Programs\MiKTeX\tex/latex/beamer\beamer
baseframecomponents.sty
\beamer@footins=\box69
)
(C:\Users\Ishuwa.Sikaneta\AppData\Local\Programs\MiKTeX\tex/latex/beamer\beamer
basecolor.sty)
(C:\Users\Ishuwa.Sikaneta\AppData\Local\Programs\MiKTeX\tex/latex/beamer\beamer
basenotes.sty
\beamer@frameboxcopy=\box70
)
(C:\Users\Ishuwa.Sikaneta\AppData\Local\Programs\MiKTeX\tex/latex/beamer\beamer
basetoc.sty)
(C:\Users\Ishuwa.Sikaneta\AppData\Local\Programs\MiKTeX\tex/latex/beamer\beamer
basetemplates.sty
\beamer@sbttoks=\toks32

(C:\Users\Ishuwa.Sikaneta\AppData\Local\Programs\MiKTeX\tex/latex/beamer\beamer
baseauxtemplates.sty
(C:\Users\Ishuwa.Sikaneta\AppData\Local\Programs\MiKTeX\tex/latex/beamer\beamer
baseboxes.sty
\bmb@box=\box71
\bmb@colorbox=\box72
\bmb@boxwidth=\dimen264
\bmb@boxheight=\dimen265
\bmb@prevheight=\dimen266
\bmb@temp=\dimen267
\bmb@dima=\dimen268
\bmb@dimb=\dimen269
\bmb@prevheight=\dimen270
)
\beamer@blockheadheight=\dimen271
))
(C:\Users\Ishuwa.Sikaneta\AppData\Local\Programs\MiKTeX\tex/latex/beamer\beamer
baselocalstructure.sty
(C:\Users\Ishuwa.Sikaneta\AppData\Local\Programs\MiKTeX\tex/latex/tools\enumera
te.sty
Package: enumerate 2015/07/23 v3.00 enumerate extensions (DPC)
\@enLab=\toks33
)
\beamer@bibiconwidth=\skip55
\c@figure=\count311
\c@table=\count312
\abovecaptionskip=\skip56
\belowcaptionskip=\skip57
)
(C:\Users\Ishuwa.Sikaneta\AppData\Local\Programs\MiKTeX\tex/latex/beamer\beamer
basenavigation.sty
\beamer@section@min@dim=\dimen272
)
(C:\Users\Ishuwa.Sikaneta\AppData\Local\Programs\MiKTeX\tex/latex/beamer\beamer
basetheorems.sty
(C:\Users\Ishuwa.Sikaneta\AppData\Local\Programs\MiKTeX\tex/latex/amsmath\amsma
th.sty
Package: amsmath 2021/04/20 v2.17j AMS math features
\@mathmargin=\skip58

For additional information on amsmath, use the `?' option.

(C:\Users\Ishuwa.Sikaneta\AppData\Local\Programs\MiKTeX\tex/latex/amsmath\amste
xt.sty
Package: amstext 2000/06/29 v2.01 AMS text

(C:\Users\Ishuwa.Sikaneta\AppData\Local\Programs\MiKTeX\tex/latex/amsmath\amsge
n.sty
File: amsgen.sty 1999/11/30 v2.0 generic functions
\@emptytoks=\toks34
\ex@=\dimen273
))
(C:\Users\Ishuwa.Sikaneta\AppData\Local\Programs\MiKTeX\tex/latex/amsmath\amsbs
y.sty
Package: amsbsy 1999/11/29 v1.2d Bold Symbols
\pmbraise@=\dimen274
)
(C:\Users\Ishuwa.Sikaneta\AppData\Local\Programs\MiKTeX\tex/latex/amsmath\amsop
n.sty
Package: amsopn 2016/03/08 v2.02 operator names
)
\inf@bad=\count313
LaTeX Info: Redefining \frac on input line 234.
\uproot@=\count314
\leftroot@=\count315
LaTeX Info: Redefining \overline on input line 399.
\classnum@=\count316
\DOTSCASE@=\count317
LaTeX Info: Redefining \ldots on input line 496.
LaTeX Info: Redefining \dots on input line 499.
LaTeX Info: Redefining \cdots on input line 620.
\Mathstrutbox@=\box73
\strutbox@=\box74
\big@size=\dimen275
LaTeX Font Info:    Redeclaring font encoding OML on input line 743.
LaTeX Font Info:    Redeclaring font encoding OMS on input line 744.
\macc@depth=\count318
\c@MaxMatrixCols=\count319
\dotsspace@=\muskip17
\c@parentequation=\count320
\dspbrk@lvl=\count321
\tag@help=\toks35
\row@=\count322
\column@=\count323
\maxfields@=\count324
\andhelp@=\toks36
\eqnshift@=\dimen276
\alignsep@=\dimen277
\tagshift@=\dimen278
\tagwidth@=\dimen279
\totwidth@=\dimen280
\lineht@=\dimen281
\@envbody=\toks37
\multlinegap=\skip59
\multlinetaggap=\skip60
\mathdisplay@stack=\toks38
LaTeX Info: Redefining \[ on input line 2923.
LaTeX Info: Redefining \] on input line 2924.
)
(C:\Users\Ishuwa.Sikaneta\AppData\Local\Programs\MiKTeX\tex/latex/amscls\amsthm
.sty
Package: amsthm 2020/05/29 v2.20.6
\thm@style=\toks39
\thm@bodyfont=\toks40
\thm@headfont=\toks41
\thm@notefont=\toks42
\thm@headpunct=\toks43
\thm@preskip=\skip61
\thm@postskip=\skip62
\thm@headsep=\skip63
\dth@everypar=\toks44
)
\c@theorem=\count325
)
(C:\Users\Ishuwa.Sikaneta\AppData\Local\Programs\MiKTeX\tex/latex/beamer\beamer
basethemes.sty))
(C:\Users\Ishuwa.Sikaneta\AppData\Local\Programs\MiKTeX\tex/latex/beamer\beamer
themedefault.sty
(C:\Users\Ishuwa.Sikaneta\AppData\Local\Programs\MiKTeX\tex/latex/beamer\beamer
fontthemedefault.sty)
(C:\Users\Ishuwa.Sikaneta\AppData\Local\Programs\MiKTeX\tex/latex/beamer\beamer
colorthemedefault.sty)
(C:\Users\Ishuwa.Sikaneta\AppData\Local\Programs\MiKTeX\tex/latex/beamer\beamer
innerthemedefault.sty
\beamer@dima=\dimen282
\beamer@dimb=\dimen283
)
(C:\Users\Ishuwa.Sikaneta\AppData\Local\Programs\MiKTeX\tex/latex/beamer\beamer
outerthemedefault.sty)))
(C:\Users\Ishuwa.Sikaneta\AppData\Local\Programs\MiKTeX\tex/latex/fontawesome\f
ontawesome.sty
Package: fontawesome 2016/05/15 v4.6.3.1 font awesome icons

(C:\Users\Ishuwa.Sikaneta\AppData\Local\Programs\MiKTeX\tex/generic/iftex\ifxet
ex.sty
Package: ifxetex 2019/10/25 v0.7 ifxetex legacy package. Use iftex instead.
)
(C:\Users\Ishuwa.Sikaneta\AppData\Local\Programs\MiKTeX\tex/generic/iftex\iflua
tex.sty
Package: ifluatex 2019/10/25 v1.5 ifluatex legacy package. Use iftex instead.
)
(C:\Users\Ishuwa.Sikaneta\AppData\Local\Programs\MiKTeX\tex/latex/fontawesome\f
ontawesomesymbols-generic.tex)
(C:\Users\Ishuwa.Sikaneta\AppData\Local\Programs\MiKTeX\tex/latex/fontawesome\f
ontawesomesymbols-pdftex.tex))
(C:\Users\Ishuwa.Sikaneta\AppData\Local\Programs\MiKTeX\tex/latex/pgfplots\pgfp
lots.sty
(C:\Users\Ishuwa.Sikaneta\AppData\Local\Programs\MiKTeX\tex/generic/pgfplots\pg
fplots.revision.tex)
Package: pgfplots 2021/05/15 v1.18.1 Data Visualization (1.18.1)

(C:\Users\Ishuwa.Sikaneta\AppData\Local\Programs\MiKTeX\tex/latex/pgf/frontendl
ayer\tikz.sty
(C:\Users\Ishuwa.Sikaneta\AppData\Local\Programs\MiKTeX\tex/latex/pgf/basiclaye
r\pgf.sty
Package: pgf 2021/05/15 v3.1.9a (3.1.9a)

(C:\Users\Ishuwa.Sikaneta\AppData\Local\Programs\MiKTeX\tex/generic/pgf/modules
\pgfmoduleshapes.code.tex
File: pgfmoduleshapes.code.tex 2021/05/15 v3.1.9a (3.1.9a)
\pgfnodeparttextbox=\box75
)
(C:\Users\Ishuwa.Sikaneta\AppData\Local\Programs\MiKTeX\tex/generic/pgf/modules
\pgfmoduleplot.code.tex
File: pgfmoduleplot.code.tex 2021/05/15 v3.1.9a (3.1.9a)
)
(C:\Users\Ishuwa.Sikaneta\AppData\Local\Programs\MiKTeX\tex/latex/pgf/compatibi
lity\pgfcomp-version-0-65.sty
Package: pgfcomp-version-0-65 2021/05/15 v3.1.9a (3.1.9a)
\pgf@nodesepstart=\dimen284
\pgf@nodesepend=\dimen285
)
(C:\Users\Ishuwa.Sikaneta\AppData\Local\Programs\MiKTeX\tex/latex/pgf/compatibi
lity\pgfcomp-version-1-18.sty
Package: pgfcomp-version-1-18 2021/05/15 v3.1.9a (3.1.9a)
))
(C:\Users\Ishuwa.Sikaneta\AppData\Local\Programs\MiKTeX\tex/latex/pgf/utilities
\pgffor.sty
(C:\Users\Ishuwa.Sikaneta\AppData\Local\Programs\MiKTeX\tex/latex/pgf/utilities
\pgfkeys.sty
(C:\Users\Ishuwa.Sikaneta\AppData\Local\Programs\MiKTeX\tex/generic/pgf/utiliti
es\pgfkeys.code.tex))
(C:\Users\Ishuwa.Sikaneta\AppData\Local\Programs\MiKTeX\tex/latex/pgf/math\pgfm
ath.sty
(C:\Users\Ishuwa.Sikaneta\AppData\Local\Programs\MiKTeX\tex/generic/pgf/math\pg
fmath.code.tex))
(C:\Users\Ishuwa.Sikaneta\AppData\Local\Programs\MiKTeX\tex/generic/pgf/utiliti
es\pgffor.code.tex
Package: pgffor 2021/05/15 v3.1.9a (3.1.9a)

(C:\Users\Ishuwa.Sikaneta\AppData\Local\Programs\MiKTeX\tex/generic/pgf/math\pg
fmath.code.tex)
\pgffor@iter=\dimen286
\pgffor@skip=\dimen287
\pgffor@stack=\toks45
\pgffor@toks=\toks46
))
(C:\Users\Ishuwa.Sikaneta\AppData\Local\Programs\MiKTeX\tex/generic/pgf/fronten
dlayer/tikz\tikz.code.tex
Package: tikz 2021/05/15 v3.1.9a (3.1.9a)

(C:\Users\Ishuwa.Sikaneta\AppData\Local\Programs\MiKTeX\tex/generic/pgf/librari
es\pgflibraryplothandlers.code.tex
File: pgflibraryplothandlers.code.tex 2021/05/15 v3.1.9a (3.1.9a)
\pgf@plot@mark@count=\count326
\pgfplotmarksize=\dimen288
)
\tikz@lastx=\dimen289
\tikz@lasty=\dimen290
\tikz@lastxsaved=\dimen291
\tikz@lastysaved=\dimen292
\tikz@lastmovetox=\dimen293
\tikz@lastmovetoy=\dimen294
\tikzleveldistance=\dimen295
\tikzsiblingdistance=\dimen296
\tikz@figbox=\box76
\tikz@figbox@bg=\box77
\tikz@tempbox=\box78
\tikz@tempbox@bg=\box79
\tikztreelevel=\count327
\tikznumberofchildren=\count328
\tikznumberofcurrentchild=\count329
\tikz@fig@count=\count330

(C:\Users\Ishuwa.Sikaneta\AppData\Local\Programs\MiKTeX\tex/generic/pgf/modules
\pgfmodulematrix.code.tex
File: pgfmodulematrix.code.tex 2021/05/15 v3.1.9a (3.1.9a)
\pgfmatrixcurrentrow=\count331
\pgfmatrixcurrentcolumn=\count332
\pgf@matrix@numberofcolumns=\count333
)
\tikz@expandcount=\count334

(C:\Users\Ishuwa.Sikaneta\AppData\Local\Programs\MiKTeX\tex/generic/pgf/fronten
dlayer/tikz/libraries\tikzlibrarytopaths.code.tex
File: tikzlibrarytopaths.code.tex 2021/05/15 v3.1.9a (3.1.9a)
)))
(C:\Users\Ishuwa.Sikaneta\AppData\Local\Programs\MiKTeX\tex/generic/pgfplots\pg
fplots.code.tex
(C:\Users\Ishuwa.Sikaneta\AppData\Local\Programs\MiKTeX\tex/generic/pgfplots\pg
fplotscore.code.tex
\t@pgfplots@toka=\toks47
\t@pgfplots@tokb=\toks48
\t@pgfplots@tokc=\toks49
\pgfplots@tmpa=\dimen297
\c@pgfplots@coordindex=\count335
\c@pgfplots@scanlineindex=\count336

(C:\Users\Ishuwa.Sikaneta\AppData\Local\Programs\MiKTeX\tex/generic/pgfplots/sy
s\pgfplotssysgeneric.code.tex))
(C:\Users\Ishuwa.Sikaneta\AppData\Local\Programs\MiKTeX\tex/generic/pgfplots/li
bs\pgfplotslibrary.code.tex)
(C:\Users\Ishuwa.Sikaneta\AppData\Local\Programs\MiKTeX\tex/generic/pgfplots/ol
dpgfcompatib\pgfplotsoldpgfsupp_loader.code.tex
(C:\Users\Ishuwa.Sikaneta\AppData\Local\Programs\MiKTeX\tex/generic/pgf/librari
es\pgflibraryfpu.code.tex))
(C:\Users\Ishuwa.Sikaneta\AppData\Local\Programs\MiKTeX\tex/generic/pgfplots/ut
il\pgfplotsutil.code.tex
(C:\Users\Ishuwa.Sikaneta\AppData\Local\Programs\MiKTeX\tex/generic/pgfplots/li
ststructure\pgfplotsliststructure.code.tex)
(C:\Users\Ishuwa.Sikaneta\AppData\Local\Programs\MiKTeX\tex/generic/pgfplots/li
ststructure\pgfplotsliststructureext.code.tex)
(C:\Users\Ishuwa.Sikaneta\AppData\Local\Programs\MiKTeX\tex/generic/pgfplots/li
ststructure\pgfplotsarray.code.tex
\c@pgfplotsarray@tmp=\count337
)
(C:\Users\Ishuwa.Sikaneta\AppData\Local\Programs\MiKTeX\tex/generic/pgfplots/li
ststructure\pgfplotsmatrix.code.tex)
(C:\Users\Ishuwa.Sikaneta\AppData\Local\Programs\MiKTeX\tex/generic/pgfplots/nu
mtable\pgfplotstableshared.code.tex
\c@pgfplotstable@counta=\count338
\t@pgfplotstable@a=\toks50
)
(C:\Users\Ishuwa.Sikaneta\AppData\Local\Programs\MiKTeX\tex/generic/pgfplots/li
ststructure\pgfplotsdeque.code.tex)
(C:\Users\Ishuwa.Sikaneta\AppData\Local\Programs\MiKTeX\tex/generic/pgfplots/ut
il\pgfplotsbinary.code.tex
(C:\Users\Ishuwa.Sikaneta\AppData\Local\Programs\MiKTeX\tex/generic/pgfplots/ut
il\pgfplotsbinary.data.code.tex))
(C:\Users\Ishuwa.Sikaneta\AppData\Local\Programs\MiKTeX\tex/generic/pgfplots/ut
il\pgfplotsutil.verb.code.tex)
(C:\Users\Ishuwa.Sikaneta\AppData\Local\Programs\MiKTeX\tex/generic/pgfplots/li
bs\pgflibrarypgfplots.surfshading.code.tex
\c@pgfplotslibrarysurf@no=\count339

(C:\Users\Ishuwa.Sikaneta\AppData\Local\Programs\MiKTeX\tex/generic/pgfplots/sy
s\pgflibrarypgfplots.surfshading.pgfsys-pdftex.def)))
(C:\Users\Ishuwa.Sikaneta\AppData\Local\Programs\MiKTeX\tex/generic/pgfplots/ut
il\pgfplotscolormap.code.tex
(C:\Users\Ishuwa.Sikaneta\AppData\Local\Programs\MiKTeX\tex/generic/pgfplots/ut
il\pgfplotscolor.code.tex))
(C:\Users\Ishuwa.Sikaneta\AppData\Local\Programs\MiKTeX\tex/generic/pgfplots\pg
fplotsstackedplots.code.tex)
(C:\Users\Ishuwa.Sikaneta\AppData\Local\Programs\MiKTeX\tex/generic/pgfplots\pg
fplotsplothandlers.code.tex
(C:\Users\Ishuwa.Sikaneta\AppData\Local\Programs\MiKTeX\tex/generic/pgfplots\pg
fplotsmeshplothandler.code.tex
(C:\Users\Ishuwa.Sikaneta\AppData\Local\Programs\MiKTeX\tex/generic/pgfplots\pg
fplotsmeshplotimage.code.tex)))
(C:\Users\Ishuwa.Sikaneta\AppData\Local\Programs\MiKTeX\tex/generic/pgfplots\pg
fplots.scaling.code.tex)
(C:\Users\Ishuwa.Sikaneta\AppData\Local\Programs\MiKTeX\tex/generic/pgfplots\pg
fplotscoordprocessing.code.tex)
(C:\Users\Ishuwa.Sikaneta\AppData\Local\Programs\MiKTeX\tex/generic/pgfplots\pg
fplots.errorbars.code.tex)
(C:\Users\Ishuwa.Sikaneta\AppData\Local\Programs\MiKTeX\tex/generic/pgfplots\pg
fplots.markers.code.tex)
(C:\Users\Ishuwa.Sikaneta\AppData\Local\Programs\MiKTeX\tex/generic/pgfplots\pg
fplotsticks.code.tex)
(C:\Users\Ishuwa.Sikaneta\AppData\Local\Programs\MiKTeX\tex/generic/pgfplots\pg
fplots.paths.code.tex)
(C:\Users\Ishuwa.Sikaneta\AppData\Local\Programs\MiKTeX\tex/generic/pgf/fronten
dlayer/tikz/libraries\tikzlibrarydecorations.code.tex
(C:\Users\Ishuwa.Sikaneta\AppData\Local\Programs\MiKTeX\tex/generic/pgf/modules
\pgfmoduledecorations.code.tex
\pgfdecoratedcompleteddistance=\dimen298
\pgfdecoratedremainingdistance=\dimen299
\pgfdecoratedinputsegmentcompleteddistance=\dimen300
\pgfdecoratedinputsegmentremainingdistance=\dimen301
\pgf@decorate@distancetomove=\dimen302
\pgf@decorate@repeatstate=\count340
\pgfdecorationsegmentamplitude=\dimen303
\pgfdecorationsegmentlength=\dimen304
)
\tikz@lib@dec@box=\box80
)
(C:\Users\Ishuwa.Sikaneta\AppData\Local\Programs\MiKTeX\tex/generic/pgf/fronten
dlayer/tikz/libraries\tikzlibrarydecorations.pathmorphing.code.tex
(C:\Users\Ishuwa.Sikaneta\AppData\Local\Programs\MiKTeX\tex/generic/pgf/librari
es/decorations\pgflibrarydecorations.pathmorphing.code.tex))
(C:\Users\Ishuwa.Sikaneta\AppData\Local\Programs\MiKTeX\tex/generic/pgf/fronten
dlayer/tikz/libraries\tikzlibrarydecorations.pathreplacing.code.tex
(C:\Users\Ishuwa.Sikaneta\AppData\Local\Programs\MiKTeX\tex/generic/pgf/librari
es/decorations\pgflibrarydecorations.pathreplacing.code.tex))
(C:\Users\Ishuwa.Sikaneta\AppData\Local\Programs\MiKTeX\tex/generic/pgfplots/li
bs\tikzlibrarypgfplots.contourlua.code.tex)
\pgfplots@numplots=\count341
\pgfplots@xmin@reg=\dimen305
\pgfplots@xmax@reg=\dimen306
\pgfplots@ymin@reg=\dimen307
\pgfplots@ymax@reg=\dimen308
\pgfplots@zmin@reg=\dimen309
\pgfplots@zmax@reg=\dimen310
)
(C:\Users\Ishuwa.Sikaneta\AppData\Local\Programs\MiKTeX\tex/generic/pgf/fronten
dlayer/tikz/libraries\tikzlibraryplotmarks.code.tex
File: tikzlibraryplotmarks.code.tex 2021/05/15 v3.1.9a (3.1.9a)

(C:\Users\Ishuwa.Sikaneta\AppData\Local\Programs\MiKTeX\tex/generic/pgf/librari
es\pgflibraryplotmarks.code.tex
File: pgflibraryplotmarks.code.tex 2021/05/15 v3.1.9a (3.1.9a)
)))
(C:\Users\Ishuwa.Sikaneta\AppData\Local\Programs\MiKTeX\tex/generic/pgf/fronten
dlayer/tikz/libraries\tikzlibrarysnakes.code.tex
File: tikzlibrarysnakes.code.tex 2021/05/15 v3.1.9a (3.1.9a)


Package pgf Warning: Snakes have been superseded by decorations. Please use the
 decoration libraries instead of the snakes library on input line 14.


(C:\Users\Ishuwa.Sikaneta\AppData\Local\Programs\MiKTeX\tex/generic/pgf/fronten
dlayer/tikz/libraries\tikzlibrarydecorations.shapes.code.tex
(C:\Users\Ishuwa.Sikaneta\AppData\Local\Programs\MiKTeX\tex/generic/pgf/librari
es/decorations\pgflibrarydecorations.shapes.code.tex)))
(C:\Users\Ishuwa.Sikaneta\AppData\Local\Programs\MiKTeX\tex/generic/pgf/fronten
dlayer/tikz/libraries\tikzlibraryarrows.code.tex
File: tikzlibraryarrows.code.tex 2021/05/15 v3.1.9a (3.1.9a)

(C:\Users\Ishuwa.Sikaneta\AppData\Local\Programs\MiKTeX\tex/generic/pgf/librari
es\pgflibraryarrows.code.tex
File: pgflibraryarrows.code.tex 2021/05/15 v3.1.9a (3.1.9a)
\arrowsize=\dimen311
))
(C:\Users\Ishuwa.Sikaneta\AppData\Local\Programs\MiKTeX\tex/generic/pgf/fronten
dlayer/tikz/libraries\tikzlibraryshapes.code.tex
File: tikzlibraryshapes.code.tex 2021/05/15 v3.1.9a (3.1.9a)

(C:\Users\Ishuwa.Sikaneta\AppData\Local\Programs\MiKTeX\tex/generic/pgf/fronten
dlayer/tikz/libraries\tikzlibraryshapes.geometric.code.tex
File: tikzlibraryshapes.geometric.code.tex 2021/05/15 v3.1.9a (3.1.9a)

(C:\Users\Ishuwa.Sikaneta\AppData\Local\Programs\MiKTeX\tex/generic/pgf/librari
es/shapes\pgflibraryshapes.geometric.code.tex
File: pgflibraryshapes.geometric.code.tex 2021/05/15 v3.1.9a (3.1.9a)
))
(C:\Users\Ishuwa.Sikaneta\AppData\Local\Programs\MiKTeX\tex/generic/pgf/fronten
dlayer/tikz/libraries\tikzlibraryshapes.misc.code.tex
File: tikzlibraryshapes.misc.code.tex 2021/05/15 v3.1.9a (3.1.9a)

(C:\Users\Ishuwa.Sikaneta\AppData\Local\Programs\MiKTeX\tex/generic/pgf/librari
es/shapes\pgflibraryshapes.misc.code.tex
File: pgflibraryshapes.misc.code.tex 2021/05/15 v3.1.9a (3.1.9a)
))
(C:\Users\Ishuwa.Sikaneta\AppData\Local\Programs\MiKTeX\tex/generic/pgf/fronten
dlayer/tikz/libraries\tikzlibraryshapes.symbols.code.tex
File: tikzlibraryshapes.symbols.code.tex 2021/05/15 v3.1.9a (3.1.9a)

(C:\Users\Ishuwa.Sikaneta\AppData\Local\Programs\MiKTeX\tex/generic/pgf/librari
es/shapes\pgflibraryshapes.symbols.code.tex
File: pgflibraryshapes.symbols.code.tex 2021/05/15 v3.1.9a (3.1.9a)
))
(C:\Users\Ishuwa.Sikaneta\AppData\Local\Programs\MiKTeX\tex/generic/pgf/fronten
dlayer/tikz/libraries\tikzlibraryshapes.arrows.code.tex
File: tikzlibraryshapes.arrows.code.tex 2021/05/15 v3.1.9a (3.1.9a)

(C:\Users\Ishuwa.Sikaneta\AppData\Local\Programs\MiKTeX\tex/generic/pgf/librari
es/shapes\pgflibraryshapes.arrows.code.tex
File: pgflibraryshapes.arrows.code.tex 2021/05/15 v3.1.9a (3.1.9a)
))
(C:\Users\Ishuwa.Sikaneta\AppData\Local\Programs\MiKTeX\tex/generic/pgf/fronten
dlayer/tikz/libraries\tikzlibraryshapes.callouts.code.tex
(C:\Users\Ishuwa.Sikaneta\AppData\Local\Programs\MiKTeX\tex/generic/pgf/librari
es/shapes\pgflibraryshapes.callouts.code.tex))
(C:\Users\Ishuwa.Sikaneta\AppData\Local\Programs\MiKTeX\tex/generic/pgf/fronten
dlayer/tikz/libraries\tikzlibraryshapes.multipart.code.tex
File: tikzlibraryshapes.multipart.code.tex 2021/05/15 v3.1.9a (3.1.9a)

(C:\Users\Ishuwa.Sikaneta\AppData\Local\Programs\MiKTeX\tex/generic/pgf/librari
es/shapes\pgflibraryshapes.multipart.code.tex
File: pgflibraryshapes.multipart.code.tex 2021/05/15 v3.1.9a (3.1.9a)
\pgfnodepartlowerbox=\box81
\pgfnodeparttwobox=\box82
\pgfnodepartthreebox=\box83
\pgfnodepartfourbox=\box84
\pgfnodeparttwentybox=\box85
\pgfnodepartnineteenbox=\box86
\pgfnodeparteighteenbox=\box87
\pgfnodepartseventeenbox=\box88
\pgfnodepartsixteenbox=\box89
\pgfnodepartfifteenbox=\box90
\pgfnodepartfourteenbox=\box91
\pgfnodepartthirteenbox=\box92
\pgfnodeparttwelvebox=\box93
\pgfnodepartelevenbox=\box94
\pgfnodeparttenbox=\box95
\pgfnodepartninebox=\box96
\pgfnodeparteightbox=\box97
\pgfnodepartsevenbox=\box98
\pgfnodepartsixbox=\box99
\pgfnodepartfivebox=\box100
)))
(C:\Users\Ishuwa.Sikaneta\AppData\Local\Programs\MiKTeX\tex/latex/amsfonts\eusc
ript.sty
Package: euscript 2009/06/22 v3.00 Euler Script fonts
LaTeX Font Info:    Overwriting math alphabet `\EuScript' in version `bold'
(Font)                  U/eus/m/n --> U/eus/b/n on input line 33.
)
(C:\Users\Ishuwa.Sikaneta\AppData\Local\Programs\MiKTeX\tex/latex/caption\subca
ption.sty
Package: subcaption 2020/10/07 v1.3j Sub-captions (AR)

(C:\Users\Ishuwa.Sikaneta\AppData\Local\Programs\MiKTeX\tex/latex/caption\capti
on.sty
Package: caption 2020/10/26 v3.5g Customizing captions (AR)

(C:\Users\Ishuwa.Sikaneta\AppData\Local\Programs\MiKTeX\tex/latex/caption\capti
on3.sty
Package: caption3 2020/10/21 v2.2e caption3 kernel (AR)
\captionmargin=\dimen312
\captionmargin@=\dimen313
\captionwidth=\dimen314
\caption@tempdima=\dimen315
\caption@indent=\dimen316
\caption@parindent=\dimen317
\caption@hangindent=\dimen318
Package caption Info: beamer document class detected.

(C:\Users\Ishuwa.Sikaneta\AppData\Local\Programs\MiKTeX\tex/latex/caption\capti
on-beamer.sto
File: caption-beamer.sto 2020/08/22 v2.0 Adaption of the caption package to the
 beamer document classes (AR)
))
\c@caption@flags=\count342
\c@continuedfloat=\count343
Package caption Info: hyperref package is loaded.
Package caption Info: Hyperref support is turned off
(caption)             because hyperref has stopped early.
)
\c@subfigure=\count344
\c@subtable=\count345
)
(C:\Users\Ishuwa.Sikaneta\AppData\Local\Programs\MiKTeX\tex/latex/dblfloatfix\d
blfloatfix.sty
Package: dblfloatfix 2012/12/31 v1.0a (JAW)

(C:\Users\Ishuwa.Sikaneta\AppData\Local\Programs\MiKTeX\tex/latex/base\fixltx2e
.sty
Package: fixltx2e 2016/12/29 v2.1a fixes to LaTeX (obsolete)
Applying: [2015/01/01] Old fixltx2e package on input line 46.


Package fixltx2e Warning: fixltx2e is not required with releases after 2015
(fixltx2e)                All fixes are now in the LaTeX kernel.
(fixltx2e)                See the latexrelease package for details.

Already applied: [0000/00/00] Old fixltx2e package on input line 53.
)
\@dblbotnum=\count346
\c@dblbotnumber=\count347
)
(C:\Users\Ishuwa.Sikaneta\AppData\Local\Programs\MiKTeX\tex/latex/tools\array.s
ty
Package: array 2021/04/20 v2.5e Tabular extension package (FMi)
\col@sep=\dimen319
\ar@mcellbox=\box101
\extrarowheight=\dimen320
\NC@list=\toks51
\extratabsurround=\skip64
\backup@length=\skip65
\ar@cellbox=\box102
)
(C:\Users\Ishuwa.Sikaneta\AppData\Local\Programs\MiKTeX\tex/latex/tools\hhline.
sty
Package: hhline 2020/01/04 v2.04 Table rule package (DPC)
)
(C:\Users\Ishuwa.Sikaneta\AppData\Local\Programs\MiKTeX\tex/latex/ulem\ulem.sty
\UL@box=\box103
\UL@hyphenbox=\box104
\UL@skip=\skip66
\UL@hook=\toks52
\UL@height=\dimen321
\UL@pe=\count348
\UL@pixel=\dimen322
\ULC@box=\box105
Package: ulem 2019/11/18
\ULdepth=\dimen323
)
(C:\Users\Ishuwa.Sikaneta\AppData\Local\Programs\MiKTeX\tex/latex/graphics\rota
ting.sty
Package: rotating 2016/08/11 v2.16d rotated objects in LaTeX

(C:\Users\Ishuwa.Sikaneta\AppData\Local\Programs\MiKTeX\tex/latex/base\ifthen.s
ty
Package: ifthen 2020/11/24 v1.1c Standard LaTeX ifthen package (DPC)
)
\c@r@tfl@t=\count349
\rotFPtop=\skip67
\rotFPbot=\skip68
\rot@float@box=\box106
\rot@mess@toks=\toks53
)
(C:\Users\Ishuwa.Sikaneta\AppData\Local\Programs\MiKTeX\tex/latex/marvosym\marv
osym.sty
Package: marvosym 2011/07/20 v2.2 Martin Vogel's Symbols font definitions
)
(C:\Users\Ishuwa.Sikaneta\AppData\Local\Programs\MiKTeX\tex/latex/multirow\mult
irow.sty
Package: multirow 2021/03/15 v2.8 Span multiple rows of a table
\multirow@colwidth=\skip69
\multirow@cntb=\count350
\multirow@dima=\skip70
\bigstrutjot=\dimen324
)
(C:\Users\Ishuwa.Sikaneta\AppData\Local\Programs\MiKTeX\tex/latex/listings\list
ings.sty
\lst@mode=\count351
\lst@gtempboxa=\box107
\lst@token=\toks54
\lst@length=\count352
\lst@currlwidth=\dimen325
\lst@column=\count353
\lst@pos=\count354
\lst@lostspace=\dimen326
\lst@width=\dimen327
\lst@newlines=\count355
\lst@lineno=\count356
\lst@maxwidth=\dimen328

(C:\Users\Ishuwa.Sikaneta\AppData\Local\Programs\MiKTeX\tex/latex/listings\lstm
isc.sty
File: lstmisc.sty 2020/03/24 1.8d (Carsten Heinz)
\c@lstnumber=\count357
\lst@skipnumbers=\count358
\lst@framebox=\box108
)
(C:\Users\Ishuwa.Sikaneta\AppData\Local\Programs\MiKTeX\tex/latex/listings\list
ings.cfg
File: listings.cfg 2020/03/24 1.8d listings configuration
))
Package: listings 2020/03/24 1.8d (Carsten Heinz)

(C:\Users\Ishuwa.Sikaneta\AppData\Local\Programs\MiKTeX\tex/latex/beamer\beamer
themeBoadilla.sty
(C:\Users\Ishuwa.Sikaneta\AppData\Local\Programs\MiKTeX\tex/latex/beamer\beamer
colorthemerose.sty)
(C:\Users\Ishuwa.Sikaneta\AppData\Local\Programs\MiKTeX\tex/latex/beamer\beamer
innerthemerounded.sty)
(C:\Users\Ishuwa.Sikaneta\AppData\Local\Programs\MiKTeX\tex/latex/beamer\beamer
colorthemedolphin.sty)
(C:\Users\Ishuwa.Sikaneta\AppData\Local\Programs\MiKTeX\tex/latex/beamer\beamer
outerthemeinfolines.sty))
(C:/Users/Ishuwa.Sikaneta/local/sarsim/doc/ECEF Acceleration\ishCommands.tex)
(C:\Users\Ishuwa.Sikaneta\AppData\Local\Programs\MiKTeX\tex/latex/l3backend\l3b
ackend-pdftex.def
File: l3backend-pdftex.def 2021-05-07 L3 backend support: PDF output (pdfTeX)
\l__color_backend_stack_int=\count359
\l__pdf_internal_box=\box109
)
(C:/Users/Ishuwa.Sikaneta/local/sarsim/doc/ECEF Acceleration\slides.aux

LaTeX Warning: Label `fg:fivechan' multiply defined.


LaTeX Warning: Label `fg:fivechan' multiply defined.

)
\openout1 = `slides.aux'.

LaTeX Font Info:    Checking defaults for OML/cmm/m/it on input line 35.
LaTeX Font Info:    ... okay on input line 35.
LaTeX Font Info:    Checking defaults for OMS/cmsy/m/n on input line 35.
LaTeX Font Info:    ... okay on input line 35.
LaTeX Font Info:    Checking defaults for OT1/cmr/m/n on input line 35.
LaTeX Font Info:    ... okay on input line 35.
LaTeX Font Info:    Checking defaults for T1/cmr/m/n on input line 35.
LaTeX Font Info:    ... okay on input line 35.
LaTeX Font Info:    Checking defaults for TS1/cmr/m/n on input line 35.
LaTeX Font Info:    ... okay on input line 35.
LaTeX Font Info:    Checking defaults for OMX/cmex/m/n on input line 35.
LaTeX Font Info:    ... okay on input line 35.
LaTeX Font Info:    Checking defaults for U/cmr/m/n on input line 35.
LaTeX Font Info:    ... okay on input line 35.
LaTeX Font Info:    Checking defaults for PD1/pdf/m/n on input line 35.
LaTeX Font Info:    ... okay on input line 35.
LaTeX Font Info:    Checking defaults for PU/pdf/m/n on input line 35.
LaTeX Font Info:    ... okay on input line 35.

*geometry* driver: auto-detecting
*geometry* detected driver: pdftex
*geometry* verbose mode - [ preamble ] result:
* driver: pdftex
* paper: custom
* layout: <same size as paper>
* layoutoffset:(h,v)=(0.0pt,0.0pt)
* modes: includehead includefoot 
* h-part:(L,W,R)=(10.95003pt, 342.2953pt, 10.95003pt)
* v-part:(T,H,B)=(0.0pt, 273.14662pt, 0.0pt)
* \paperwidth=364.19536pt
* \paperheight=273.14662pt
* \textwidth=342.2953pt
* \textheight=244.6939pt
* \oddsidemargin=-61.31996pt
* \evensidemargin=-61.31996pt
* \topmargin=-72.26999pt
* \headheight=14.22636pt
* \headsep=0.0pt
* \topskip=11.0pt
* \footskip=14.22636pt
* \marginparwidth=4.0pt
* \marginparsep=10.0pt
* \columnsep=10.0pt
* \skip\footins=10.0pt plus 4.0pt minus 2.0pt
* \hoffset=0.0pt
* \voffset=0.0pt
* \mag=1000
* \@twocolumnfalse
* \@twosidefalse
* \@mparswitchfalse
* \@reversemarginfalse
* (1in=72.27pt=25.4mm, 1cm=28.453pt)


(C:\Users\Ishuwa.Sikaneta\AppData\Local\Programs\MiKTeX\tex/context/base/mkii\s
upp-pdf.mkii
[Loading MPS to PDF converter (version 2006.09.02).]
\scratchcounter=\count360
\scratchdimen=\dimen329
\scratchbox=\box110
\nofMPsegments=\count361
\nofMParguments=\count362
\everyMPshowfont=\toks55
\MPscratchCnt=\count363
\MPscratchDim=\dimen330
\MPnumerator=\count364
\makeMPintoPDFobject=\count365
\everyMPtoPDFconversion=\toks56
)
(C:\Users\Ishuwa.Sikaneta\AppData\Local\Programs\MiKTeX\tex/latex/epstopdf-pkg\
epstopdf-base.sty
Package: epstopdf-base 2020-01-24 v2.11 Base part for package epstopdf
Package epstopdf-base Info: Redefining graphics rule for `.eps' on input line 4
85.

(C:\Users\Ishuwa.Sikaneta\AppData\Local\Programs\MiKTeX\tex/latex/00miktex\epst
opdf-sys.cfg
File: epstopdf-sys.cfg 2021/03/18 v2.0 Configuration of epstopdf for MiKTeX
))
Package hyperref Info: Link coloring OFF on input line 35.

(C:\Users\Ishuwa.Sikaneta\AppData\Local\Programs\MiKTeX\tex/latex/hyperref\name
ref.sty
Package: nameref 2021-04-02 v2.47 Cross-referencing by name of section

(C:\Users\Ishuwa.Sikaneta\AppData\Local\Programs\MiKTeX\tex/latex/refcount\refc
ount.sty
Package: refcount 2019/12/15 v3.6 Data extraction from label references (HO)
)
(C:\Users\Ishuwa.Sikaneta\AppData\Local\Programs\MiKTeX\tex/generic/gettitlestr
ing\gettitlestring.sty
Package: gettitlestring 2019/12/15 v1.6 Cleanup title references (HO)
)
\c@section@level=\count366
)
LaTeX Info: Redefining \ref on input line 35.
LaTeX Info: Redefining \pageref on input line 35.
LaTeX Info: Redefining \nameref on input line 35.

(C:/Users/Ishuwa.Sikaneta/local/sarsim/doc/ECEF Acceleration\slides.out)
(C:/Users/Ishuwa.Sikaneta/local/sarsim/doc/ECEF Acceleration\slides.out)
\@outlinefile=\write5
\openout5 = `slides.out'.

LaTeX Font Info:    Overwriting symbol font `operators' in version `normal'
(Font)                  OT1/cmr/m/n --> OT1/cmss/m/n on input line 35.
LaTeX Font Info:    Overwriting symbol font `operators' in version `bold'
(Font)                  OT1/cmr/bx/n --> OT1/cmss/b/n on input line 35.
\symnumbers=\mathgroup6
\sympureletters=\mathgroup7
LaTeX Font Info:    Overwriting math alphabet `\mathrm' in version `normal'
(Font)                  OT1/cmss/m/n --> OT1/cmr/m/n on input line 35.
LaTeX Font Info:    Redeclaring math alphabet \mathbf on input line 35.
LaTeX Font Info:    Overwriting math alphabet `\mathbf' in version `normal'
(Font)                  OT1/cmr/bx/n --> OT1/cmss/b/n on input line 35.
LaTeX Font Info:    Overwriting math alphabet `\mathbf' in version `bold'
(Font)                  OT1/cmr/bx/n --> OT1/cmss/b/n on input line 35.
LaTeX Font Info:    Redeclaring math alphabet \mathsf on input line 35.
LaTeX Font Info:    Overwriting math alphabet `\mathsf' in version `normal'
(Font)                  OT1/cmss/m/n --> OT1/cmss/m/n on input line 35.
LaTeX Font Info:    Overwriting math alphabet `\mathsf' in version `bold'
(Font)                  OT1/cmss/bx/n --> OT1/cmss/m/n on input line 35.
LaTeX Font Info:    Redeclaring math alphabet \mathit on input line 35.
LaTeX Font Info:    Overwriting math alphabet `\mathit' in version `normal'
(Font)                  OT1/cmr/m/it --> OT1/cmss/m/it on input line 35.
LaTeX Font Info:    Overwriting math alphabet `\mathit' in version `bold'
(Font)                  OT1/cmr/bx/it --> OT1/cmss/m/it on input line 35.
LaTeX Font Info:    Redeclaring math alphabet \mathtt on input line 35.
LaTeX Font Info:    Overwriting math alphabet `\mathtt' in version `normal'
(Font)                  OT1/cmtt/m/n --> OT1/cmtt/m/n on input line 35.
LaTeX Font Info:    Overwriting math alphabet `\mathtt' in version `bold'
(Font)                  OT1/cmtt/m/n --> OT1/cmtt/m/n on input line 35.
LaTeX Font Info:    Overwriting symbol font `numbers' in version `bold'
(Font)                  OT1/cmss/m/n --> OT1/cmss/b/n on input line 35.
LaTeX Font Info:    Overwriting symbol font `pureletters' in version `bold'
(Font)                  OT1/cmss/m/it --> OT1/cmss/b/it on input line 35.
LaTeX Font Info:    Overwriting math alphabet `\mathrm' in version `bold'
(Font)                  OT1/cmss/b/n --> OT1/cmr/b/n on input line 35.
LaTeX Font Info:    Overwriting math alphabet `\mathbf' in version `bold'
(Font)                  OT1/cmss/b/n --> OT1/cmss/b/n on input line 35.
LaTeX Font Info:    Overwriting math alphabet `\mathsf' in version `bold'
(Font)                  OT1/cmss/m/n --> OT1/cmss/b/n on input line 35.
LaTeX Font Info:    Overwriting math alphabet `\mathit' in version `bold'
(Font)                  OT1/cmss/m/it --> OT1/cmss/b/it on input line 35.
LaTeX Font Info:    Overwriting math alphabet `\mathtt' in version `bold'
(Font)                  OT1/cmtt/m/n --> OT1/cmtt/b/n on input line 35.
LaTeX Font Info:    Redeclaring symbol font `pureletters' on input line 35.
LaTeX Font Info:    Overwriting symbol font `pureletters' in version `normal'
(Font)                  OT1/cmss/m/it --> OT1/mathkerncmss/m/sl on input line 3
5.
LaTeX Font Info:    Overwriting symbol font `pureletters' in version `bold'
(Font)                  OT1/cmss/b/it --> OT1/mathkerncmss/m/sl on input line 3
5.
LaTeX Font Info:    Overwriting symbol font `pureletters' in version `bold'
(Font)                  OT1/mathkerncmss/m/sl --> OT1/mathkerncmss/bx/sl on inp
ut line 35.

(C:\Users\Ishuwa.Sikaneta\AppData\Local\Programs\MiKTeX\tex/latex/translator\tr
anslator-basic-dictionary-English.dict
Dictionary: translator-basic-dictionary, Language: English 
)
(C:\Users\Ishuwa.Sikaneta\AppData\Local\Programs\MiKTeX\tex/latex/translator\tr
anslator-bibliography-dictionary-English.dict
Dictionary: translator-bibliography-dictionary, Language: English 
)
(C:\Users\Ishuwa.Sikaneta\AppData\Local\Programs\MiKTeX\tex/latex/translator\tr
anslator-environment-dictionary-English.dict
Dictionary: translator-environment-dictionary, Language: English 
)
(C:\Users\Ishuwa.Sikaneta\AppData\Local\Programs\MiKTeX\tex/latex/translator\tr
anslator-months-dictionary-English.dict
Dictionary: translator-months-dictionary, Language: English 
)
(C:\Users\Ishuwa.Sikaneta\AppData\Local\Programs\MiKTeX\tex/latex/translator\tr
anslator-numbers-dictionary-English.dict
Dictionary: translator-numbers-dictionary, Language: English 
)
(C:\Users\Ishuwa.Sikaneta\AppData\Local\Programs\MiKTeX\tex/latex/translator\tr
anslator-theorem-dictionary-English.dict
Dictionary: translator-theorem-dictionary, Language: English 
)

Package pgfplots Warning: running in backwards compatibility mode (unsuitable t
ick labels; missing features). Consider writing \pgfplotsset{compat=1.18} into 
your preamble.
 on input line 35.

Package caption Info: Begin \AtBeginDocument code.
Package caption Info: listings package is loaded.
Package caption Info: rotating package is loaded.
Package caption Info: End \AtBeginDocument code.
\c@lstlisting=\count367
(C:/Users/Ishuwa.Sikaneta/local/sarsim/doc/ECEF Acceleration\slides.nav)
LaTeX Font Info:    Trying to load font information for U+msa on input line 53.


(C:\Users\Ishuwa.Sikaneta\AppData\Local\Programs\MiKTeX\tex/latex/amsfonts\umsa
.fd
File: umsa.fd 2013/01/14 v3.01 AMS symbols A
)
LaTeX Font Info:    Trying to load font information for U+msb on input line 53.


(C:\Users\Ishuwa.Sikaneta\AppData\Local\Programs\MiKTeX\tex/latex/amsfonts\umsb
.fd
File: umsb.fd 2013/01/14 v3.01 AMS symbols B
)
LaTeX Font Info:    Trying to load font information for OT1+mathkerncmss on inp
ut line 53.

(C:\Users\Ishuwa.Sikaneta\AppData\Local\Programs\MiKTeX\tex/latex/sansmathaccen
t\ot1mathkerncmss.fd
File: ot1mathkerncmss.fd 2020/01/31 Fontinst v1.933 font definitions for OT1/ma
thkerncmss.
) [1

{C:/Users/Ishuwa.Sikaneta/AppData/Local/MiKTeX/pdftex/config/pdftex.map}]
(C:/Users/Ishuwa.Sikaneta/local/sarsim/doc/ECEF Acceleration\increaseLookAngles
.pdf_tex
<increaseLookAngles.pdf, id=51, page=1, 512.60622pt x 213.09079pt>
File: increaseLookAngles.pdf Graphic file (type pdf)
<use increaseLookAngles.pdf, page 1>
Package pdftex.def Info: increaseLookAngles.pdf , page1 used on input line 56.
(pdftex.def)             Requested size: 512.60622pt x 213.1065pt.
) [2

 <C:/Users/Ishuwa.Sikaneta/local/sarsim/doc/ECEF Acceleration/increaseLookAngle
s.pdf>] [3

]
(C:/Users/Ishuwa.Sikaneta/local/sarsim/doc/ECEF Acceleration\antennaLengths.pdf
_tex
<antennaLengths.pdf, id=108, page=1, 491.57176pt x 250.62636pt>
File: antennaLengths.pdf Graphic file (type pdf)
<use antennaLengths.pdf, page 1>
Package pdftex.def Info: antennaLengths.pdf , page1 used on input line 52.
(pdftex.def)             Requested size: 491.57176pt x 250.62955pt.
<antennaLengths.pdf, id=109, page=2, 491.57176pt x 250.62636pt>
File: antennaLengths.pdf Graphic file (type pdf)
<use antennaLengths.pdf, page 2>
Package pdftex.def Info: antennaLengths.pdf , page2 used on input line 55.
(pdftex.def)             Requested size: 491.57176pt x 250.62955pt.
<antennaLengths.pdf, id=110, page=3, 491.57176pt x 250.62636pt>
File: antennaLengths.pdf Graphic file (type pdf)
<use antennaLengths.pdf, page 3>
Package pdftex.def Info: antennaLengths.pdf , page3 used on input line 57.
(pdftex.def)             Requested size: 491.57176pt x 250.62955pt.
<antennaLengths.pdf, id=111, page=4, 491.57176pt x 250.62636pt>
File: antennaLengths.pdf Graphic file (type pdf)
<use antennaLengths.pdf, page 4>
Package pdftex.def Info: antennaLengths.pdf , page4 used on input line 59.
(pdftex.def)             Requested size: 491.57176pt x 250.62955pt.
<antennaLengths.pdf, id=112, page=5, 491.57176pt x 250.62636pt>
File: antennaLengths.pdf Graphic file (type pdf)
<use antennaLengths.pdf, page 5>
Package pdftex.def Info: antennaLengths.pdf , page5 used on input line 61.
(pdftex.def)             Requested size: 491.57176pt x 250.62955pt.
) [4

 <C:/Users/Ishuwa.Sikaneta/local/sarsim/doc/ECEF Acceleration/antennaLengths.pd
f> <C:/Users/Ishuwa.Sikaneta/local/sarsim/doc/ECEF Acceleration/antennaLengths.
pdf

pdfTeX warning: pdflatex (file C:/Users/Ishuwa.Sikaneta/local/sarsim/doc/ECEF A
cceleration/antennaLengths.pdf): PDF inclusion: multiple pdfs with page group i
ncluded in a single page
> <C:/Users/Ishuwa.Sikaneta/local/sarsim/doc/ECEF Acceleration/antennaLengths.p
df

pdfTeX warning: pdflatex (file C:/Users/Ishuwa.Sikaneta/local/sarsim/doc/ECEF A
cceleration/antennaLengths.pdf): PDF inclusion: multiple pdfs with page group i
ncluded in a single page
> <C:/Users/Ishuwa.Sikaneta/local/sarsim/doc/ECEF Acceleration/antennaLengths.p
df

pdfTeX warning: pdflatex (file C:/Users/Ishuwa.Sikaneta/local/sarsim/doc/ECEF A
cceleration/antennaLengths.pdf): PDF inclusion: multiple pdfs with page group i
ncluded in a single page
> <C:/Users/Ishuwa.Sikaneta/local/sarsim/doc/ECEF Acceleration/antennaLengths.p
df

pdfTeX warning: pdflatex (file C:/Users/Ishuwa.Sikaneta/local/sarsim/doc/ECEF A
cceleration/antennaLengths.pdf): PDF inclusion: multiple pdfs with page group i
ncluded in a single page
>] [5

]
(C:/Users/Ishuwa.Sikaneta/local/sarsim/doc/ECEF Acceleration\fivechan.pdf_tex
<fivechan.pdf, id=173, page=1, 740.63235pt x 706.76498pt>
File: fivechan.pdf Graphic file (type pdf)
<use fivechan.pdf, page 1>
Package pdftex.def Info: fivechan.pdf , page1 used on input line 56.
(pdftex.def)             Requested size: 740.63234pt x 706.76326pt.
<fivechan.pdf, id=174, page=2, 740.63235pt x 706.76498pt>
File: fivechan.pdf Graphic file (type pdf)
<use fivechan.pdf, page 2>
Package pdftex.def Info: fivechan.pdf , page2 used on input line 59.
(pdftex.def)             Requested size: 740.63234pt x 706.76326pt.
<fivechan.pdf, id=175, page=3, 740.63235pt x 706.76498pt>
File: fivechan.pdf Graphic file (type pdf)
<use fivechan.pdf, page 3>
Package pdftex.def Info: fivechan.pdf , page3 used on input line 62.
(pdftex.def)             Requested size: 740.63234pt x 706.76326pt.
<fivechan.pdf, id=176, page=4, 740.63235pt x 706.76498pt>
File: fivechan.pdf Graphic file (type pdf)
<use fivechan.pdf, page 4>
Package pdftex.def Info: fivechan.pdf , page4 used on input line 64.
(pdftex.def)             Requested size: 740.63234pt x 706.76326pt.
<fivechan.pdf, id=177, page=5, 740.63235pt x 706.76498pt>
File: fivechan.pdf Graphic file (type pdf)
<use fivechan.pdf, page 5>
Package pdftex.def Info: fivechan.pdf , page5 used on input line 68.
(pdftex.def)             Requested size: 740.63234pt x 706.76326pt.
LaTeX Font Info:    Font shape `OT1/cmss/b/n' in size <24.88> not available
(Font)              Font shape `OT1/cmss/bx/n' tried instead on input line 69.
LaTeX Font Info:    Font shape `OT1/cmss/b/n' in size <20.74> not available
(Font)              Font shape `OT1/cmss/bx/n' tried instead on input line 69.
LaTeX Font Info:    Font shape `OT1/cmss/b/n' in size <17.28> not available
(Font)              Font shape `OT1/cmss/bx/n' tried instead on input line 69.
LaTeX Font Info:    Font shape `OT1/cmss/b/n' in size <10.95> not available
(Font)              Font shape `OT1/cmss/bx/n' tried instead on input line 69.
LaTeX Font Info:    Font shape `OT1/cmss/b/n' in size <8> not available
(Font)              Font shape `OT1/cmss/bx/n' tried instead on input line 69.
LaTeX Font Info:    Font shape `OT1/cmss/b/n' in size <6> not available
(Font)              Font shape `OT1/cmss/bx/n' tried instead on input line 69.
<fivechan.pdf, id=178, page=6, 740.63235pt x 706.76498pt>
File: fivechan.pdf Graphic file (type pdf)
<use fivechan.pdf, page 6>
Package pdftex.def Info: fivechan.pdf , page6 used on input line 70.
(pdftex.def)             Requested size: 740.63234pt x 706.76326pt.
)pdfTeX warning (ext4): destination with the same identifier (name{fg:fivechan}
) has been already used, duplicate ignored
<to be read again> 
                   \relax 
l.140 \end{frame}
                  [6

 <C:/Users/Ishuwa.Sikaneta/local/sarsim/doc/ECEF Acceleration/fivechan.pdf> <C:
/Users/Ishuwa.Sikaneta/local/sarsim/doc/ECEF Acceleration/fivechan.pdf

pdfTeX warning: pdflatex (file C:/Users/Ishuwa.Sikaneta/local/sarsim/doc/ECEF A
cceleration/fivechan.pdf): PDF inclusion: multiple pdfs with page group include
d in a single page
> <C:/Users/Ishuwa.Sikaneta/local/sarsim/doc/ECEF Acceleration/fivechan.pdf

pdfTeX warning: pdflatex (file C:/Users/Ishuwa.Sikaneta/local/sarsim/doc/ECEF A
cceleration/fivechan.pdf): PDF inclusion: multiple pdfs with page group include
d in a single page
> <C:/Users/Ishuwa.Sikaneta/local/sarsim/doc/ECEF Acceleration/fivechan.pdf

pdfTeX warning: pdflatex (file C:/Users/Ishuwa.Sikaneta/local/sarsim/doc/ECEF A
cceleration/fivechan.pdf): PDF inclusion: multiple pdfs with page group include
d in a single page
> <C:/Users/Ishuwa.Sikaneta/local/sarsim/doc/ECEF Acceleration/fivechan.pdf

pdfTeX warning: pdflatex (file C:/Users/Ishuwa.Sikaneta/local/sarsim/doc/ECEF A
cceleration/fivechan.pdf): PDF inclusion: multiple pdfs with page group include
d in a single page
> <C:/Users/Ishuwa.Sikaneta/local/sarsim/doc/ECEF Acceleration/fivechan.pdf

pdfTeX warning: pdflatex (file C:/Users/Ishuwa.Sikaneta/local/sarsim/doc/ECEF A
cceleration/fivechan.pdf): PDF inclusion: multiple pdfs with page group include
d in a single page
>]
(C:/Users/Ishuwa.Sikaneta/local/sarsim/doc/ECEF Acceleration\equivalentHRWS.pdf
_tex
<equivalentHRWS.pdf, id=208, page=1, 1352.00383pt x 445.3123pt>
File: equivalentHRWS.pdf Graphic file (type pdf)
<use equivalentHRWS.pdf, page 1>
Package pdftex.def Info: equivalentHRWS.pdf , page1 used on input line 56.
(pdftex.def)             Requested size: 1352.00383pt x 445.3112pt.
<equivalentHRWS.pdf, id=209, page=2, 1352.00383pt x 445.3123pt>
File: equivalentHRWS.pdf Graphic file (type pdf)
<use equivalentHRWS.pdf, page 2>
Package pdftex.def Info: equivalentHRWS.pdf , page2 used on input line 59.
(pdftex.def)             Requested size: 1352.00383pt x 445.3112pt.
<equivalentHRWS.pdf, id=210, page=3, 1352.00383pt x 445.3123pt>
File: equivalentHRWS.pdf Graphic file (type pdf)
<use equivalentHRWS.pdf, page 3>
Package pdftex.def Info: equivalentHRWS.pdf , page3 used on input line 61.
(pdftex.def)             Requested size: 1352.00383pt x 445.3112pt.
<equivalentHRWS.pdf, id=211, page=4, 1352.00383pt x 445.3123pt>
File: equivalentHRWS.pdf Graphic file (type pdf)
<use equivalentHRWS.pdf, page 4>
Package pdftex.def Info: equivalentHRWS.pdf , page4 used on input line 63.
(pdftex.def)             Requested size: 1352.00383pt x 445.3112pt.
<equivalentHRWS.pdf, id=212, page=5, 1352.00383pt x 445.3123pt>
File: equivalentHRWS.pdf Graphic file (type pdf)
<use equivalentHRWS.pdf, page 5>
Package pdftex.def Info: equivalentHRWS.pdf , page5 used on input line 65.
(pdftex.def)             Requested size: 1352.00383pt x 445.3112pt.
)
LaTeX Font Info:    Font shape `OT1/cmss/b/n' in size <5> not available
(Font)              Font shape `OT1/cmss/bx/n' tried instead on input line 161.

 [7

 <C:/Users/Ishuwa.Sikaneta/local/sarsim/doc/ECEF Acceleration/equivalentHRWS.pd
f> <C:/Users/Ishuwa.Sikaneta/local/sarsim/doc/ECEF Acceleration/equivalentHRWS.
pdf

pdfTeX warning: pdflatex (file C:/Users/Ishuwa.Sikaneta/local/sarsim/doc/ECEF A
cceleration/equivalentHRWS.pdf): PDF inclusion: multiple pdfs with page group i
ncluded in a single page
> <C:/Users/Ishuwa.Sikaneta/local/sarsim/doc/ECEF Acceleration/equivalentHRWS.p
df

pdfTeX warning: pdflatex (file C:/Users/Ishuwa.Sikaneta/local/sarsim/doc/ECEF A
cceleration/equivalentHRWS.pdf): PDF inclusion: multiple pdfs with page group i
ncluded in a single page
> <C:/Users/Ishuwa.Sikaneta/local/sarsim/doc/ECEF Acceleration/equivalentHRWS.p
df

pdfTeX warning: pdflatex (file C:/Users/Ishuwa.Sikaneta/local/sarsim/doc/ECEF A
cceleration/equivalentHRWS.pdf): PDF inclusion: multiple pdfs with page group i
ncluded in a single page
> <C:/Users/Ishuwa.Sikaneta/local/sarsim/doc/ECEF Acceleration/equivalentHRWS.p
df

pdfTeX warning: pdflatex (file C:/Users/Ishuwa.Sikaneta/local/sarsim/doc/ECEF A
cceleration/equivalentHRWS.pdf): PDF inclusion: multiple pdfs with page group i
ncluded in a single page
>]
! You can't use `\unskip' in vertical mode.
\reset@color ...mer@zeropt \else \ifvmode \unskip 
                                                  \fi \ifhmode \unskip \fi \...
l.166  \caption{Simulation parameters}
                                      
? 
! Too many }'s.
\endframe ->\egroup 
                    \begingroup \def \@currenvir {frame}
l.188 \end{frame}
                 
? 
<simulation/40cm/simulation_plots/wk_doppler_response_amplitude.png, id=244, 46
2.528pt x 346.896pt>
File: simulation/40cm/simulation_plots/wk_doppler_response_amplitude.png Graphi
c file (type png)
<use simulation/40cm/simulation_plots/wk_doppler_response_amplitude.png>
Package pdftex.def Info: simulation/40cm/simulation_plots/wk_doppler_response_a
mplitude.png  used on input line 203.
(pdftex.def)             Requested size: 462.52686pt x 346.89514pt.
[8

] [9 <C:/Users/Ishuwa.Sikaneta/local/sarsim/doc/ECEF Acceleration/simulation/40
cm/simulation_plots/wk_doppler_response_amplitude.png>]
\tf@nav=\write6
\openout6 = `slides.nav'.

\tf@toc=\write7
\openout7 = `slides.toc'.

\tf@snm=\write8
\openout8 = `slides.snm'.

 (slides.aux)

LaTeX Warning: There were multiply-defined labels.

Package rerunfilecheck Info: File `slides.out' has not changed.
(rerunfilecheck)             Checksum: D41D8CD98F00B204E9800998ECF8427E;0.
 ) 
Here is how much of TeX's memory you used:
 41540 strings out of 478864
 966406 string characters out of 2843920
 1345965 words of memory out of 3000000
 58642 multiletter control sequences out of 15000+600000
 422309 words of font info for 95 fonts, out of 8000000 for 9000
 1141 hyphenation exceptions out of 8191
 128i,17n,124p,802b,691s stack positions out of 5000i,500n,10000p,200000b,80000s
<C:/Users/Ishuwa.Sikaneta/AppData/Local/Programs/MiKTeX/fonts/type1/public/am
sfonts/cm/cmex10.pfb><C:/Users/Ishuwa.Sikaneta/AppData/Local/Programs/MiKTeX/fo
nts/type1/public/amsfonts/cm/cmmi10.pfb><C:/Users/Ishuwa.Sikaneta/AppData/Local
/Programs/MiKTeX/fonts/type1/public/amsfonts/cm/cmmi12.pfb><C:/Users/Ishuwa.Sik
aneta/AppData/Local/Programs/MiKTeX/fonts/type1/public/amsfonts/cm/cmss10.pfb><
C:/Users/Ishuwa.Sikaneta/AppData/Local/Programs/MiKTeX/fonts/type1/public/amsfo
nts/cm/cmss12.pfb><C:/Users/Ishuwa.Sikaneta/AppData/Local/Programs/MiKTeX/fonts
/type1/public/amsfonts/cm/cmss17.pfb><C:/Users/Ishuwa.Sikaneta/AppData/Local/Pr
ograms/MiKTeX/fonts/type1/public/amsfonts/cm/cmss8.pfb><C:/Users/Ishuwa.Sikanet
a/AppData/Local/Programs/MiKTeX/fonts/type1/public/amsfonts/cm/cmss9.pfb><C:/Us
ers/Ishuwa.Sikaneta/AppData/Local/Programs/MiKTeX/fonts/type1/public/amsfonts/c
m/cmssbx10.pfb><C:/Users/Ishuwa.Sikaneta/AppData/Local/Programs/MiKTeX/fonts/ty
pe1/public/amsfonts/cm/cmssi10.pfb><C:/Users/Ishuwa.Sikaneta/AppData/Local/Prog
rams/MiKTeX/fonts/type1/public/amsfonts/cm/cmssi17.pfb><C:/Users/Ishuwa.Sikanet
a/AppData/Local/Programs/MiKTeX/fonts/type1/public/amsfonts/cm/cmssi8.pfb><C:/U
sers/Ishuwa.Sikaneta/AppData/Local/Programs/MiKTeX/fonts/type1/public/amsfonts/
cm/cmsy10.pfb><C:/Users/Ishuwa.Sikaneta/AppData/Local/Programs/MiKTeX/fonts/typ
e1/public/amsfonts/cm/cmsy8.pfb><C:/Users/Ishuwa.Sikaneta/AppData/Local/Program
s/MiKTeX/fonts/type1/public/amsfonts/symbols/msam7.pfb>
Output written on slides.pdf (9 pages, 273312 bytes).
PDF statistics:
 372 PDF objects out of 1000 (max. 8388607)
 28 named destinations out of 1000 (max. 500000)
 139 words of extra memory for PDF output out of 10000 (max. 10000000)

