This is pdfTeX, Version 3.1415926-1.40.11 (MiKTeX 2.9) (preloaded format=pdflatex 2018.12.6)  28 FEB 2019 10:26
entering extended mode
**SR_Unclassified_Example.tex

("I:\2019 Templates\LATEX\SRRD\Unclassifed (pdfa.sty added)\SR_Unclassified_Exa
mple.tex"
LaTeX2e <2009/09/24>
Babel <v3.8l> and hyphenation patterns for english, afrikaans, ancientgreek, ar
abic, armenian, assamese, basque, bengali, bokmal, bulgarian, catalan, coptic, 
croatian, czech, danish, dutch, esperanto, estonian, farsi, finnish, french, ga
lician, german, german-x-2009-06-19, greek, gujarati, hindi, hungarian, iceland
ic, indonesian, interlingua, irish, italian, kannada, kurmanji, lao, latin, lat
vian, lithuanian, malayalam, marathi, mongolian, mongolianlmc, monogreek, ngerm
an, ngerman-x-2009-06-19, nynorsk, oriya, panjabi, pinyin, polish, portuguese, 
romanian, russian, sanskrit, serbian, slovak, slovenian, spanish, swedish, swis
sgerman, tamil, telugu, turkish, turkmen, ukenglish, ukrainian, uppersorbian, u
senglishmax, welsh, loaded.
("C:\Program Files (x86)\MiKTeX 2.9\tex\latex\pdf14\pdf14.sty"
Package: pdf14 2010/03/26 v0.1 Generate PDF 1.4 documents (mpg)
)
("I:\2019 Templates\LATEX\SRRD\Unclassifed (pdfa.sty added)\drdc-report.cls"
Document Class: drdc-report 2017/12/18 v3.0 LaTeX class for DRDC reports
\DRDC@templen=\skip41
\DRDC@templena=\skip42
\DRDC@box=\box26
\DRDC@boxa=\box27
\DRDC@boxb=\box28
\DRDC@boxc=\box29
("I:\2019 Templates\LATEX\SRRD\Unclassifed (pdfa.sty added)\drdc-pdfa.sty"
Package: drdc-pdfa 2013/11/08 v1.1 PDF/A support for DRDC documents

(I:\Duties\DRDC_Packages_Classes\drdc-latex\tex\latex\base\fix-zero-width.sty
Package: fix-zero-width 2010/11/01 v1.0 LaTeX package for replacing zero width 
characters in cmsy
\FZW@box=\box30
\FZW@boxa=\box31
)
("C:\Program Files (x86)\MiKTeX 2.9\tex\generic\oberdiek\ifpdf.sty"
Package: ifpdf 2010/01/28 v2.1 Provides the ifpdf switch (HO)
Package ifpdf Info: pdfTeX in pdf mode detected.
)
("C:\Program Files (x86)\MiKTeX 2.9\tex\latex\xmpincl\xmpincl.sty"
Package: xmpincl 2008/05/10 v2.2 Include XMP data in pdflatex

("C:\Program Files (x86)\MiKTeX 2.9\tex\latex\base\ifthen.sty"
Package: ifthen 2001/05/26 v1.1c Standard LaTeX ifthen package (DPC)
))
("C:\Program Files (x86)\MiKTeX 2.9\tex\latex\xcolor\xcolor.sty"
Package: xcolor 2007/01/21 v2.11 LaTeX color extensions (UK)

("C:\Program Files (x86)\MiKTeX 2.9\tex\latex\00miktex\color.cfg"
File: color.cfg 2007/01/18 v1.5 color configuration of teTeX/TeXLive
)
Package xcolor Info: Driver file: pdftex.def on input line 225.

("C:\Program Files (x86)\MiKTeX 2.9\tex\latex\pdftex-def\pdftex.def"
File: pdftex.def 2011/01/28 v0.05d Graphics/color for pdfTeX
\Gread@gobject=\count79
)
Package xcolor Info: Model `cmy' substituted by `cmy0' on input line 1337.
Package xcolor Info: Model `hsb' substituted by `rgb' on input line 1341.
Package xcolor Info: Model `RGB' extended on input line 1353.
Package xcolor Info: Model `HTML' substituted by `rgb' on input line 1355.
Package xcolor Info: Model `Hsb' substituted by `hsb' on input line 1356.
Package xcolor Info: Model `tHsb' substituted by `hsb' on input line 1357.
Package xcolor Info: Model `HSB' substituted by `hsb' on input line 1358.
Package xcolor Info: Model `Gray' substituted by `gray' on input line 1359.
Package xcolor Info: Model `wave' substituted by `hsb' on input line 1360.
)
\DRDC@toks=\toks14
<<sRGBIEC1966-2.1.icm>>
(I:\Duties\DRDC_Packages_Classes\drdc-latex\tex\latex\base\glyphtounicode.tex)
(I:\Duties\DRDC_Packages_Classes\drdc-latex\tex\latex\base\glyphtounicode-cmr.t
ex)) ("C:\Program Files (x86)\MiKTeX 2.9\tex\latex\graphics\graphics.sty"
Package: graphics 2009/02/05 v1.0o Standard LaTeX Graphics (DPC,SPQR)

("C:\Program Files (x86)\MiKTeX 2.9\tex\latex\graphics\trig.sty"
Package: trig 1999/03/16 v1.09 sin cos tan (DPC)
)
("C:\Program Files (x86)\MiKTeX 2.9\tex\latex\00miktex\graphics.cfg"
File: graphics.cfg 2007/01/18 v1.5 graphics configuration of teTeX/TeXLive
)
Package graphics Info: Driver file: pdftex.def on input line 91.
)
("C:\Program Files (x86)\MiKTeX 2.9\tex\latex\base\exscale.sty"
Package: exscale 2007/10/29 v2.1h Standard LaTeX package exscale
LaTeX Font Info:    Redeclaring symbol font `largesymbols' on input line 52.
LaTeX Font Info:    Overwriting symbol font `largesymbols' in version `normal'
(Font)                  OMX/cmex/m/n --> OMX/cmex/m/n on input line 52.
LaTeX Font Info:    Overwriting symbol font `largesymbols' in version `bold'
(Font)                  OMX/cmex/m/n --> OMX/cmex/m/n on input line 52.
\big@size=\dimen102
)
("I:\2019 Templates\LATEX\SRRD\Unclassifed (pdfa.sty added)\drdc-docctl.sty"
Package: drdc-docctl 2018/01/18 v3.0 Generates DCD sheets for DRDC reports
\c@DRDC@bibitems=\count80
\DRDC@colone=\skip43
\DRDC@coltwo=\skip44
\DRDC@colthree=\skip45
\DRDC@colfour=\skip46
\DRDC@colfive=\skip47
\DRDC@colonetwo=\skip48
\DRDC@colonetothree=\skip49
\DRDC@colthreefour=\skip50
\DRDC@coltwotofour=\skip51
\DRDC@colthreetofive=\skip52
\DRDC@colfourfive=\skip53
\DRDC@colall=\skip54
\DRDC@extraspace=\skip55
\DRDC@pbsize=\skip56
)
LaTeX Font Info:    Redeclaring math alphabet \mathsf on input line 260.
LaTeX Font Info:    Overwriting math alphabet `\mathsf' in version `normal'
(Font)                  OT1/cmss/m/n --> OT1/phv/m/n on input line 260.
LaTeX Font Info:    Overwriting math alphabet `\mathsf' in version `bold'
(Font)                  OT1/cmss/bx/n --> OT1/phv/m/n on input line 260.
LaTeX Font Info:    Overwriting math alphabet `\mathsf' in version `bold'
(Font)                  OT1/phv/m/n --> OT1/phv/b/n on input line 261.

("C:\Program Files (x86)\MiKTeX 2.9\tex\latex\base\size11.clo"
File: size11.clo 2007/10/19 v1.4h Standard LaTeX file (size option)
)
\headfootwidth=\skip57
\DRDC@footlineheight=\skip58
LaTeX Font Info:    Try loading font information for OT1+phv on input line 429.


("C:\Program Files (x86)\MiKTeX 2.9\tex\latex\psnfss\ot1phv.fd"
File: ot1phv.fd 2001/06/04 scalable font definitions for OT1/phv.
)
LaTeX Font Info:    Font shape `OT1/phv/m/n' will be
(Font)              scaled to size 9.49997pt on input line 429.
LaTeX Font Info:    Font shape `OT1/phv/bx/n' in size <10> not available
(Font)              Font shape `OT1/phv/b/n' tried instead on input line 429.
LaTeX Font Info:    Font shape `OT1/phv/b/n' will be
(Font)              scaled to size 9.49997pt on input line 429.
\DRDC@footheight=\skip59
\DRDC@footlinesize=\skip60
\preparedskip=\skip61
\infostatementsskip=\skip62
\c@section=\count81
\c@annex=\count82
\c@subsection=\count83
\c@subsubsection=\count84
\c@paragraph=\count85
\c@subparagraph=\count86
\c@subannex=\count87
\c@subsubannex=\count88
\c@parannex=\count89
\c@subparannex=\count90
\DRDC@saveparskip=\skip63
\c@DRDC@pages=\count91
\c@DRDC@tempcnt=\count92
\c@figure=\count93
\c@table=\count94
\DRDC@tocsecbox=\skip64
\DRDC@tocsubsecbox=\skip65
\DRDC@tocsubsubsecbox=\skip66
\DRDC@tocparbox=\skip67
\DRDC@tocsubparbox=\skip68
\annexlabelwidth=\skip69
\figlabelwidth=\skip70
\bibindent=\dimen103

("C:\Program Files (x86)\MiKTeX 2.9\tex\generic\babel\babel.sty"
Package: babel 2008/07/06 v3.8l The Babel package

*************************************
* Local config file bblopts.cfg used
*
("C:\Program Files (x86)\MiKTeX 2.9\tex\latex\00miktex\bblopts.cfg"
File: bblopts.cfg 2006/07/31 v1.0 MiKTeX 'babel' configuration
)
("C:\Program Files (x86)\MiKTeX 2.9\tex\generic\babel\frenchb.ldf"
Language: frenchb 2009/03/16 v2.3d French support from the babel system

("C:\Program Files (x86)\MiKTeX 2.9\tex\generic\babel\babel.def"
File: babel.def 2008/07/06 v3.8l Babel common definitions
\babel@savecnt=\count95
\U@D=\dimen104
)
Package babel Info: Making : an active character on input line 120.
Package babel Info: Making ; an active character on input line 121.
Package babel Info: Making ! an active character on input line 122.
Package babel Info: Making ? an active character on input line 123.
\FB@Mht=\dimen105
\std@mcc=\count96
\dec@mcc=\count97
\parindentFFN=\dimen106

*************************************
* Local config file frenchb.cfg used
*
("C:\Program Files (x86)\MiKTeX 2.9\tex\generic\babel\frenchb.cfg"))
("C:\Program Files (x86)\MiKTeX 2.9\tex\generic\babel\english.ldf"
Language: english 2005/03/30 v3.3o English support from the babel system
\l@canadian = a dialect from \language\l@american 
\l@australian = a dialect from \language\l@british 
\l@newzealand = a dialect from \language\l@british 
))
("C:\Program Files (x86)\MiKTeX 2.9\tex\latex\carlisle\scalefnt.sty")
("C:\Program Files (x86)\MiKTeX 2.9\tex\latex\graphics\keyval.sty"
Package: keyval 1999/03/16 v1.13 key=value parser (DPC)
\KV@toks@=\toks15
)
\figtocaptionskip=\skip71
\beyondcaptionskip=\skip72
\abovecaptionskip=\skip73
\belowcaptionskip=\skip74
\DRDC@captionsize=\skip75
\DRDC@captionmargin=\skip76
)
("I:\2019 Templates\LATEX\SRRD\Unclassifed (pdfa.sty added)\drdc-rtf-abstract.s
ty"
Package: drdc-rtf-abstract 2016/02/26 v1.0 LaTeX package for RTF abstract and D
CGER

("I:\2019 Templates\LATEX\SRRD\Unclassifed (pdfa.sty added)\drdc-translate.sty"
Package: drdc-translate 2014/11/21 v1.0 LaTeX package for Unicode translation
))
("I:\2019 Templates\LATEX\SRRD\Unclassifed (pdfa.sty added)\drdc-submission.sty
"
Package: drdc-submission 2016/02/11 v1.0 LaTeX package for CSV submission form
\c@DRDC@mainpages=\count98
) ("C:\Program Files (x86)\MiKTeX 2.9\tex\latex\base\fontenc.sty"
Package: fontenc 2005/09/27 v1.99g Standard LaTeX package

("C:\Program Files (x86)\MiKTeX 2.9\tex\latex\base\t1enc.def"
File: t1enc.def 2005/09/27 v1.99g Standard LaTeX file
LaTeX Font Info:    Redeclaring font encoding T1 on input line 43.
))
("C:\Program Files (x86)\MiKTeX 2.9\tex\latex\lm\lmodern.sty"
Package: lmodern 2009/10/30 v1.6 Latin Modern Fonts
LaTeX Font Info:    Overwriting symbol font `operators' in version `normal'
(Font)                  OT1/cmr/m/n --> OT1/lmr/m/n on input line 22.
LaTeX Font Info:    Overwriting symbol font `letters' in version `normal'
(Font)                  OML/cmm/m/it --> OML/lmm/m/it on input line 23.
LaTeX Font Info:    Overwriting symbol font `symbols' in version `normal'
(Font)                  OMS/cmsy/m/n --> OMS/lmsy/m/n on input line 24.
LaTeX Font Info:    Overwriting symbol font `largesymbols' in version `normal'
(Font)                  OMX/cmex/m/n --> OMX/lmex/m/n on input line 25.
LaTeX Font Info:    Overwriting symbol font `operators' in version `bold'
(Font)                  OT1/cmr/bx/n --> OT1/lmr/bx/n on input line 26.
LaTeX Font Info:    Overwriting symbol font `letters' in version `bold'
(Font)                  OML/cmm/b/it --> OML/lmm/b/it on input line 27.
LaTeX Font Info:    Overwriting symbol font `symbols' in version `bold'
(Font)                  OMS/cmsy/b/n --> OMS/lmsy/b/n on input line 28.
LaTeX Font Info:    Overwriting symbol font `largesymbols' in version `bold'
(Font)                  OMX/cmex/m/n --> OMX/lmex/m/n on input line 29.
LaTeX Font Info:    Overwriting math alphabet `\mathbf' in version `normal'
(Font)                  OT1/cmr/bx/n --> OT1/lmr/bx/n on input line 31.
LaTeX Font Info:    Overwriting math alphabet `\mathsf' in version `normal'
(Font)                  OT1/phv/m/n --> OT1/lmss/m/n on input line 32.
LaTeX Font Info:    Overwriting math alphabet `\mathit' in version `normal'
(Font)                  OT1/cmr/m/it --> OT1/lmr/m/it on input line 33.
LaTeX Font Info:    Overwriting math alphabet `\mathtt' in version `normal'
(Font)                  OT1/cmtt/m/n --> OT1/lmtt/m/n on input line 34.
LaTeX Font Info:    Overwriting math alphabet `\mathbf' in version `bold'
(Font)                  OT1/cmr/bx/n --> OT1/lmr/bx/n on input line 35.
LaTeX Font Info:    Overwriting math alphabet `\mathsf' in version `bold'
(Font)                  OT1/phv/b/n --> OT1/lmss/bx/n on input line 36.
LaTeX Font Info:    Overwriting math alphabet `\mathit' in version `bold'
(Font)                  OT1/cmr/bx/it --> OT1/lmr/bx/it on input line 37.
LaTeX Font Info:    Overwriting math alphabet `\mathtt' in version `bold'
(Font)                  OT1/cmtt/m/n --> OT1/lmtt/m/n on input line 38.
)
("C:\Program Files (x86)\MiKTeX 2.9\tex\latex\hyperref\hyperref.sty"
Package: hyperref 2011/02/07 v6.82b Hypertext links for LaTeX

("C:\Program Files (x86)\MiKTeX 2.9\tex\generic\oberdiek\ltxcmds.sty"
Package: ltxcmds 2010/04/26 v1.7 LaTeX kernel commands for general use (HO)
)
("C:\Program Files (x86)\MiKTeX 2.9\tex\generic\oberdiek\pdftexcmds.sty"
Package: pdftexcmds 2010/04/01 v0.9 Utility functions of pdfTeX for LuaTeX (HO)


("C:\Program Files (x86)\MiKTeX 2.9\tex\generic\oberdiek\infwarerr.sty"
Package: infwarerr 2010/04/08 v1.3 Providing info/warning/message (HO)
)
("C:\Program Files (x86)\MiKTeX 2.9\tex\generic\oberdiek\ifluatex.sty"
Package: ifluatex 2010/03/01 v1.3 Provides the ifluatex switch (HO)
Package ifluatex Info: LuaTeX not detected.
)
Package pdftexcmds Info: LuaTeX not detected.
Package pdftexcmds Info: \pdf@primitive is available.
Package pdftexcmds Info: \pdf@ifprimitive is available.
)
("C:\Program Files (x86)\MiKTeX 2.9\tex\generic\oberdiek\kvsetkeys.sty"
Package: kvsetkeys 2010/03/01 v1.9 Key value parser (HO)

("C:\Program Files (x86)\MiKTeX 2.9\tex\generic\oberdiek\etexcmds.sty"
Package: etexcmds 2010/01/28 v1.3 Prefix for e-TeX command names (HO)
Package etexcmds Info: Could not find \expanded.
(etexcmds)             That can mean that you are not using pdfTeX 1.50 or
(etexcmds)             that some package has redefined \expanded.
(etexcmds)             In the latter case, load this package earlier.
))
("C:\Program Files (x86)\MiKTeX 2.9\tex\generic\oberdiek\pdfescape.sty"
Package: pdfescape 2010/03/01 v1.9 Provides hex, PDF name and string conversion
s (HO)
)
("C:\Program Files (x86)\MiKTeX 2.9\tex\generic\oberdiek\ifvtex.sty"
Package: ifvtex 2010/03/01 v1.5 Switches for detecting VTeX and its modes (HO)
Package ifvtex Info: VTeX not detected.
)
("C:\Program Files (x86)\MiKTeX 2.9\tex\generic\ifxetex\ifxetex.sty"
Package: ifxetex 2010/09/12 v0.6 Provides ifxetex conditional
)
("C:\Program Files (x86)\MiKTeX 2.9\tex\latex\oberdiek\hycolor.sty"
Package: hycolor 2009/12/12 v1.6 Color options of hyperref/bookmark (HO)

("C:\Program Files (x86)\MiKTeX 2.9\tex\latex\oberdiek\xcolor-patch.sty"
Package: xcolor-patch 2009/12/12 xcolor patch
))
("C:\Program Files (x86)\MiKTeX 2.9\tex\latex\oberdiek\letltxmacro.sty"
Package: letltxmacro 2008/06/24 v1.3 Let assignment for LaTeX macros (HO)
)
("C:\Program Files (x86)\MiKTeX 2.9\tex\latex\oberdiek\kvoptions.sty"
Package: kvoptions 2010/02/22 v3.7 Keyval support for LaTeX options (HO)
)
\@linkdim=\dimen107
\Hy@linkcounter=\count99
\Hy@pagecounter=\count100

("C:\Program Files (x86)\MiKTeX 2.9\tex\latex\hyperref\pd1enc.def"
File: pd1enc.def 2011/02/07 v6.82b Hyperref: PDFDocEncoding definition (HO)
)
("C:\Program Files (x86)\MiKTeX 2.9\tex\generic\oberdiek\intcalc.sty"
Package: intcalc 2007/09/27 v1.1 Expandable integer calculations (HO)
)
\Hy@SavedSpaceFactor=\count101

("C:\Program Files (x86)\MiKTeX 2.9\tex\latex\00miktex\hyperref.cfg"
File: hyperref.cfg 2002/06/06 v1.2 hyperref configuration of TeXLive
)
Package hyperref Info: Option `pdfa' set `true' on input line 3921.
Package hyperref Info: Option `draft' set `false' on input line 3921.
Package hyperref Info: Option `plainpages' set `false' on input line 3921.
Package hyperref Info: Option `colorlinks' set `true' on input line 3921.
Package hyperref Info: Option `raiselinks' set `true' on input line 3921.
Package hyperref Info: Option `bookmarksnumbered' set `true' on input line 3921
.
Package hyperref Info: Hyper figures OFF on input line 4025.
Package hyperref Info: Link nesting OFF on input line 4030.
Package hyperref Info: Hyper index ON on input line 4033.
Package hyperref Info: Plain pages OFF on input line 4040.
Package hyperref Info: Backreferencing OFF on input line 4045.
Package hyperref Info: Implicit mode ON; LaTeX internals redefined.
Package hyperref Info: Bookmarks ON on input line 4263.
\c@Hy@tempcnt=\count102

("C:\Program Files (x86)\MiKTeX 2.9\tex\latex\ltxmisc\url.sty"
\Urlmuskip=\muskip10
Package: url 2006/04/12  ver 3.3  Verb mode for urls, etc.
)
LaTeX Info: Redefining \url on input line 4616.

("C:\Program Files (x86)\MiKTeX 2.9\tex\generic\oberdiek\bitset.sty"
Package: bitset 2007/09/28 v1.0 Data type bit set (HO)

("C:\Program Files (x86)\MiKTeX 2.9\tex\generic\oberdiek\bigintcalc.sty"
Package: bigintcalc 2007/11/11 v1.1 Expandable big integer calculations (HO)
))
\Fld@menulength=\count103
\Field@Width=\dimen108
\Fld@charsize=\dimen109
Package hyperref Info: Hyper figures OFF on input line 5700.
Package hyperref Info: Link nesting OFF on input line 5705.
Package hyperref Info: Hyper index ON on input line 5708.
Package hyperref Info: backreferencing OFF on input line 5715.
Package hyperref Info: Link coloring ON on input line 5718.
Package hyperref Info: Link coloring with OCG OFF on input line 5725.
Package hyperref Info: PDF/A mode ON on input line 5728.
LaTeX Info: Redefining \ref on input line 5770.
LaTeX Info: Redefining \pageref on input line 5774.

("C:\Program Files (x86)\MiKTeX 2.9\tex\generic\oberdiek\atbegshi.sty"
Package: atbegshi 2010/03/25 v1.12 At begin shipout hook (HO)
)
\Hy@abspage=\count104
\c@Item=\count105
\c@Hfootnote=\count106
)

Package hyperref Message: Driver: hpdftex.

("C:\Program Files (x86)\MiKTeX 2.9\tex\latex\hyperref\hpdftex.def"
File: hpdftex.def 2011/02/07 v6.82b Hyperref driver for pdfTeX

("C:\Program Files (x86)\MiKTeX 2.9\tex\latex\oberdiek\atveryend.sty"
Package: atveryend 2010/03/24 v1.5 Hooks at very end of document (HO)
Package atveryend Info: \enddocument detected (standard).
)
Package hyperref Info: \pdfminorversion:=4 on input line 147.
\Fld@listcount=\count107
\c@bookmark@seq@number=\count108

("C:\Program Files (x86)\MiKTeX 2.9\tex\latex\oberdiek\rerunfilecheck.sty"
Package: rerunfilecheck 2010/03/16 v1.6 Rerun checks for auxiliary files (HO)

("C:\Program Files (x86)\MiKTeX 2.9\tex\generic\oberdiek\uniquecounter.sty"
Package: uniquecounter 2009/12/18 v1.1 Provides unlimited unique counter (HO)
)
Package uniquecounter Info: New unique counter `rerunfilecheck' on input line 2
71.
)
\Hy@SectionHShift=\skip77
)
("I:\2019 Templates\LATEX\SRRD\Unclassifed (pdfa.sty added)\SR_Unclassified_Exa
mple.aux")
LaTeX Font Info:    Checking defaults for OML/cmm/m/it on input line 57.
LaTeX Font Info:    ... okay on input line 57.
LaTeX Font Info:    Checking defaults for T1/cmr/m/n on input line 57.
LaTeX Font Info:    ... okay on input line 57.
LaTeX Font Info:    Checking defaults for OT1/cmr/m/n on input line 57.
LaTeX Font Info:    ... okay on input line 57.
LaTeX Font Info:    Checking defaults for OMS/cmsy/m/n on input line 57.
LaTeX Font Info:    ... okay on input line 57.
LaTeX Font Info:    Checking defaults for OMX/cmex/m/n on input line 57.
LaTeX Font Info:    ... okay on input line 57.
LaTeX Font Info:    Checking defaults for U/cmr/m/n on input line 57.
LaTeX Font Info:    ... okay on input line 57.
LaTeX Font Info:    Checking defaults for PD1/pdf/m/n on input line 57.
LaTeX Font Info:    ... okay on input line 57.
LaTeX Font Info:    Try loading font information for T1+lmr on input line 57.
 ("C:\Program Files (x86)\MiKTeX 2.9\tex\latex\lm\t1lmr.fd"
File: t1lmr.fd 2009/10/30 v1.6 Font defs for Latin Modern
)
\xmpinclWrite=\write3
\xmpinclRead=\read1
<<drdc.xmpi>> ("C:\Program Files (x86)\MiKTeX 2.9\tex\context\base\supp-pdf.mki
i"
[Loading MPS to PDF converter (version 2006.09.02).]
\scratchcounter=\count109
\scratchdimen=\dimen110
\scratchbox=\box32
\nofMPsegments=\count110
\nofMParguments=\count111
\everyMPshowfont=\toks16
\MPscratchCnt=\count112
\MPscratchDim=\dimen111
\MPnumerator=\count113
\everyMPtoPDFconversion=\toks17
)
LaTeX Info: Redefining \degres on input line 57.


Package frenchb.ldf Warning: The definition of \@makecaption has been changed,
(frenchb.ldf)                frenchb will NOT customise it;
(frenchb.ldf)                reported on input line 57.

LaTeX Info: Redefining \dots on input line 57.
LaTeX Info: Redefining \up on input line 57.
\AtBeginShipoutBox=\box33
Package hyperref Info: Link coloring ON on input line 57.
("C:\Program Files (x86)\MiKTeX 2.9\tex\latex\hyperref\nameref.sty"
Package: nameref 2010/04/30 v2.40 Cross-referencing by name of section

("C:\Program Files (x86)\MiKTeX 2.9\tex\latex\oberdiek\refcount.sty"
Package: refcount 2008/08/11 v3.1 Data extraction from references (HO)
)
("C:\Program Files (x86)\MiKTeX 2.9\tex\generic\oberdiek\gettitlestring.sty"
Package: gettitlestring 2009/12/18 v1.3 Cleanup title references (HO)
)
\c@section@level=\count114
)
LaTeX Info: Redefining \ref on input line 57.
LaTeX Info: Redefining \pageref on input line 57.
LaTeX Info: Redefining \nameref on input line 57.

("I:\2019 Templates\LATEX\SRRD\Unclassifed (pdfa.sty added)\SR_Unclassified_Exa
mple.out")
("I:\2019 Templates\LATEX\SRRD\Unclassifed (pdfa.sty added)\SR_Unclassified_Exa
mple.out")
\@outlinefile=\write4
LaTeX Font Info:    Try loading font information for T1+phv on input line 60.
 ("C:\Program Files (x86)\MiKTeX 2.9\tex\latex\psnfss\t1phv.fd"
File: t1phv.fd 2001/06/04 scalable font definitions for T1/phv.
)
LaTeX Font Info:    Font shape `T1/phv/m/n' will be
(Font)              scaled to size 10.40245pt on input line 60.
LaTeX Font Info:    Font shape `T1/phv/m/n' will be
(Font)              scaled to size 19.70294pt on input line 60.
LaTeX Font Info:    Font shape `T1/phv/bx/n' in size <20.74> not available
(Font)              Font shape `T1/phv/b/n' tried instead on input line 60.
LaTeX Font Info:    Font shape `T1/phv/b/n' will be
(Font)              scaled to size 19.70294pt on input line 60.
LaTeX Font Info:    Font shape `T1/phv/m/n' will be
(Font)              scaled to size 11.39996pt on input line 60.
LaTeX Font Info:    Font shape `T1/phv/m/sl' will be
(Font)              scaled to size 11.39996pt on input line 60.
LaTeX Font Info:    Try loading font information for OT1+lmr on input line 60.

("C:\Program Files (x86)\MiKTeX 2.9\tex\latex\lm\ot1lmr.fd"
File: ot1lmr.fd 2009/10/30 v1.6 Font defs for Latin Modern
)
LaTeX Font Info:    Try loading font information for OML+lmm on input line 60.

("C:\Program Files (x86)\MiKTeX 2.9\tex\latex\lm\omllmm.fd"
File: omllmm.fd 2009/10/30 v1.6 Font defs for Latin Modern
)
LaTeX Font Info:    Try loading font information for OMS+lmsy on input line 60.


("C:\Program Files (x86)\MiKTeX 2.9\tex\latex\lm\omslmsy.fd"
File: omslmsy.fd 2009/10/30 v1.6 Font defs for Latin Modern
)
LaTeX Font Info:    Try loading font information for OMX+lmex on input line 60.


("C:\Program Files (x86)\MiKTeX 2.9\tex\latex\lm\omxlmex.fd"
File: omxlmex.fd 2009/10/30 v1.6 Font defs for Latin Modern
)
LaTeX Font Info:    External font `lmex10' loaded for size
(Font)              <10.95> on input line 60.
LaTeX Font Info:    External font `lmex10' loaded for size
(Font)              <8> on input line 60.
LaTeX Font Info:    External font `lmex10' loaded for size
(Font)              <6> on input line 60.
LaTeX Font Info:    Font shape `T1/phv/m/n' will be
(Font)              scaled to size 9.49997pt on input line 60.
LaTeX Font Info:    Font shape `T1/phv/m/n' will be
(Font)              scaled to size 7.59998pt on input line 60.
LaTeX Font Info:    Font shape `T1/phv/bx/n' in size <8> not available
(Font)              Font shape `T1/phv/b/n' tried instead on input line 60.
LaTeX Font Info:    Font shape `T1/phv/b/n' will be
(Font)              scaled to size 7.59998pt on input line 60.
LaTeX Font Info:    Font shape `T1/phv/m/n' will be
(Font)              scaled to size 8.54997pt on input line 60.
LaTeX Font Info:    Font shape `T1/phv/m/n' will be
(Font)              scaled to size 16.41594pt on input line 60.
LaTeX Font Info:    Font shape `T1/phv/bx/n' in size <17.28> not available
(Font)              Font shape `T1/phv/b/n' tried instead on input line 60.
LaTeX Font Info:    Font shape `T1/phv/b/n' will be
(Font)              scaled to size 16.41594pt on input line 60.
LaTeX Font Info:    Font shape `T1/phv/bx/n' in size <9> not available
(Font)              Font shape `T1/phv/b/n' tried instead on input line 60.
LaTeX Font Info:    Font shape `T1/phv/b/n' will be
(Font)              scaled to size 8.54997pt on input line 60.
LaTeX Font Info:    Font shape `T1/phv/bx/n' in size <14.4> not available
(Font)              Font shape `T1/phv/b/n' tried instead on input line 60.
LaTeX Font Info:    Font shape `T1/phv/b/n' will be
(Font)              scaled to size 13.67995pt on input line 60.

<DRDC-FIP.pdf, id=69, 878.28125pt x 57.21375pt>
File: DRDC-FIP.pdf Graphic file (type pdf)
 <use DRDC-FIP.pdf>
<boxes.pdf, id=70, 225.84375pt x 202.7575pt>
File: boxes.pdf Graphic file (type pdf)
 <use boxes.pdf>
<rule.pdf, id=71, 200.75pt x 20.075pt>
File: rule.pdf Graphic file (type pdf)
 <use rule.pdf>
<DRDC-RDDC-tech.pdf, id=72, 273.02pt x 54.2025pt>
File: DRDC-RDDC-tech.pdf Graphic file (type pdf)
 <use DRDC-RDDC-tech.pdf>
LaTeX Font Info:    Font shape `T1/phv/bx/n' in size <10> not available
(Font)              Font shape `T1/phv/b/n' tried instead on input line 60.
LaTeX Font Info:    Font shape `T1/phv/b/n' will be
(Font)              scaled to size 9.49997pt on input line 60.

<wordmark.pdf, id=73, 113.42375pt x 27.10126pt>
File: wordmark.pdf Graphic file (type pdf)
 <use wordmark.pdf> [-1{C:/ProgramData/MiKTeX/2.9/pdftex/config/pdftex.map}

 <I:/2019 Templates/LATEX/SRRD/Unclassifed (pdfa.sty added)/DRDC-FIP.pdf> <I:/2
019 Templates/LATEX/SRRD/Unclassifed (pdfa.sty added)/rule.pdf> <I:/2019 Templa
tes/LATEX/SRRD/Unclassifed (pdfa.sty added)/boxes.pdf> <I:/2019 Templates/LATEX
/SRRD/Unclassifed (pdfa.sty added)/DRDC-RDDC-tech.pdf> <I:/2019 Templates/LATEX
/SRRD/Unclassifed (pdfa.sty added)/wordmark.pdf>]
LaTeX Font Info:    Font shape `T1/phv/bx/n' in size <12> not available
(Font)              Font shape `T1/phv/b/n' tried instead on input line 60.
LaTeX Font Info:    Font shape `T1/phv/b/n' will be
(Font)              scaled to size 11.39996pt on input line 60.
LaTeX Font Info:    Font shape `T1/phv/m/it' in size <8> not available
(Font)              Font shape `T1/phv/m/sl' tried instead on input line 60.
LaTeX Font Info:    Font shape `T1/phv/m/sl' will be
(Font)              scaled to size 7.59998pt on input line 60.
LaTeX Font Info:    Try loading font information for OMS+phv on input line 60.
 ("C:\Program Files (x86)\MiKTeX 2.9\tex\latex\psnfss\omsphv.fd"
File: omsphv.fd 
)
LaTeX Font Info:    Font shape `OMS/phv/m/n' in size <8> not available
(Font)              Font shape `OMS/cmsy/m/n' tried instead on input line 60.

[0] [1] [2

]
("I:\2019 Templates\LATEX\SRRD\Unclassifed (pdfa.sty added)\SR_Unclassified_Exa
mple.toc")
\tf@toc=\write5
 [3


]
("I:\2019 Templates\LATEX\SRRD\Unclassifed (pdfa.sty added)\SR_Unclassified_Exa
mple.lof")
\tf@lof=\write6
 [4

]
("I:\2019 Templates\LATEX\SRRD\Unclassifed (pdfa.sty added)\SR_Unclassified_Exa
mple.lot")
\tf@lot=\write7
 [5

] [6

]

LaTeX Warning: Citation `EXAMPLE' on page 1 undefined on input line 140.


LaTeX Warning: Citation `MAPLE' on page 1 undefined on input line 142.

LaTeX Font Info:    Try loading font information for T1+lmtt on input line 143.

("C:\Program Files (x86)\MiKTeX 2.9\tex\latex\lm\t1lmtt.fd"
File: t1lmtt.fd 2009/10/30 v1.6 Font defs for Latin Modern
)
LaTeX Font Info:    Font shape `T1/phv/m/n' will be
(Font)              scaled to size 13.67995pt on input line 153.
LaTeX Font Info:    Font shape `T1/phv/bx/n' in size <10.95> not available
(Font)              Font shape `T1/phv/b/n' tried instead on input line 176.
LaTeX Font Info:    Font shape `T1/phv/b/n' will be
(Font)              scaled to size 10.40245pt on input line 176.
 [1


]
LaTeX Font Info:    Try loading font information for OMS+lmr on input line 206.


("C:\Program Files (x86)\MiKTeX 2.9\tex\latex\lm\omslmr.fd"
File: omslmr.fd 2009/10/30 v1.6 Font defs for Latin Modern
)
LaTeX Font Info:    Font shape `OMS/lmr/m/n' in size <10.95> not available
(Font)              Font shape `OMS/lmsy/m/n' tried instead on input line 206.
 [2]
No file SR_Unclassified_Example.bbl.
[3



] [4

] [5

]
LaTeX Font Info:    Font shape `T1/phv/m/n' will be
(Font)              scaled to size 5.69998pt on input line 254.
LaTeX Font Info:    Font shape `T1/phv/m/n' will be
(Font)              scaled to size 6.64998pt on input line 254.
 [6

]
Package atveryend Info: Empty hook `BeforeClearDocument' on input line 267.
 [7

]
Package atveryend Info: Empty hook `AfterLastShipout' on input line 267.

("I:\2019 Templates\LATEX\SRRD\Unclassifed (pdfa.sty added)\SR_Unclassified_Exa
mple.aux")
Package atveryend Info: Executing hook `AtVeryEndDocument' on input line 267.
Package rerunfilecheck Info: File `SR_Unclassified_Example.out' has not changed
.
(rerunfilecheck)             Checksum: 2FE2FB391E1111CCE8F4816EB0E85150;1227.


LaTeX Warning: There were undefined references.

 ) 
Here is how much of TeX's memory you used:
 7371 strings out of 494053
 109970 string characters out of 3146167
 229736 words of memory out of 3000000
 10417 multiletter control sequences out of 15000+200000
 102430 words of font info for 77 fonts, out of 3000000 for 9000
 715 hyphenation exceptions out of 8191
 37i,13n,48p,1184b,525s stack positions out of 5000i,500n,10000p,200000b,50000s
{C:/Program Files (x86)/MiKTeX 2.9/fonts/enc/dvips/lm/lm-ec.enc}{C:/Program F
iles (x86)/MiKTeX 2.9/fonts/enc/dvips/lm/lm-mathsy.enc}{C:/Program Files (x86)/
MiKTeX 2.9/fonts/enc/dvips/lm/lm-rm.enc}{C:/Program Files (x86)/MiKTeX 2.9/font
s/enc/dvips/lm/lm-mathit.enc}{C:/Program Files (x86)/MiKTeX 2.9/fonts/enc/dvips
/lm/lm-mathex.enc}{C:/Program Files (x86)/MiKTeX 2.9/fonts/enc/dvips/fontname/8
r.enc}<C:/Program Files (x86)/MiKTeX 2.9/fonts/type1/public/amsfonts/cm/cmsy8.p
fb><C:/Program Files (x86)/MiKTeX 2.9/fonts/type1/public/lm/lmbx10.pfb><C:/Prog
ram Files (x86)/MiKTeX 2.9/fonts/type1/public/lm/lmbxo10.pfb><C:/Program Files 
(x86)/MiKTeX 2.9/fonts/type1/public/lm/lmcsc10.pfb><C:/Program Files (x86)/MiKT
eX 2.9/fonts/type1/public/lm/lmex10.pfb><C:/Program Files (x86)/MiKTeX 2.9/font
s/type1/public/lm/lmmi10.pfb><C:/Program Files (x86)/MiKTeX 2.9/fonts/type1/pub
lic/lm/lmmi8.pfb><C:/Program Files (x86)/MiKTeX 2.9/fonts/type1/public/lm/lmr10
.pfb><C:/Program Files (x86)/MiKTeX 2.9/fonts/type1/public/lm/lmr6.pfb><C:/Prog
ram Files (x86)/MiKTeX 2.9/fonts/type1/public/lm/lmro10.pfb><C:/Program Files (
x86)/MiKTeX 2.9/fonts/type1/public/lm/lmsy10.pfb><C:/Program Files (x86)/MiKTeX
 2.9/fonts/type1/public/lm/lmsy8.pfb><C:/Program Files (x86)/MiKTeX 2.9/fonts/t
ype1/public/lm/lmtt10.pfb><C:/Program Files (x86)/MiKTeX 2.9/fonts/type1/urw/he
lvetic/uhvb8a.pfb><C:/Program Files (x86)/MiKTeX 2.9/fonts/type1/urw/helvetic/u
hvr8a.pfb><C:/Program Files (x86)/MiKTeX 2.9/fonts/type1/urw/helvetic/uhvro8a.p
fb>
Output written on SR_Unclassified_Example.pdf (15 pages, 320062 bytes).
PDF statistics:
 289 PDF objects out of 1000 (max. 8388607)
 45 named destinations out of 1000 (max. 500000)
 162 words of extra memory for PDF output out of 10000 (max. 10000000)

